<?xml version="1.0" encoding="UTF-8"?>
<coverage generated="1677708901693" clover="3.2.0">
  <project timestamp="1677708901693" name="All files">
    <metrics statements="457" coveredstatements="427" conditionals="145" coveredconditionals="128" methods="155" coveredmethods="137" elements="757" coveredelements="692" complexity="0" loc="457" ncloc="457" packages="7" files="15" classes="15"/>
    <package name="abstracts">
      <metrics statements="27" coveredstatements="24" conditionals="18" coveredconditionals="14" methods="10" coveredmethods="7"/>
      <file name="abstractRequest.ts" path="/Users/royossai/WebstormProjects/pondSocket2/src/abstracts/abstractRequest.ts">
        <metrics statements="13" coveredstatements="10" conditionals="12" coveredconditionals="8" methods="6" coveredmethods="3"/>
        <line num="2" count="5" type="stmt"/>
        <line num="13" count="5" type="stmt"/>
        <line num="20" count="12" type="stmt"/>
        <line num="21" count="12" type="stmt"/>
        <line num="22" count="12" type="stmt"/>
        <line num="23" count="12" type="stmt"/>
        <line num="27" count="7" type="stmt"/>
        <line num="36" count="0" type="stmt"/>
        <line num="40" count="0" type="stmt"/>
        <line num="44" count="0" type="stmt"/>
        <line num="52" count="3" type="stmt"/>
        <line num="53" count="3" type="stmt"/>
        <line num="54" count="3" type="stmt"/>
      </file>
      <file name="abstractResponse.ts" path="/Users/royossai/WebstormProjects/pondSocket2/src/abstracts/abstractResponse.ts">
        <metrics statements="1" coveredstatements="1" conditionals="0" coveredconditionals="0" methods="0" coveredmethods="0"/>
        <line num="5" count="6" type="stmt"/>
      </file>
      <file name="middleware.ts" path="/Users/royossai/WebstormProjects/pondSocket2/src/abstracts/middleware.ts">
        <metrics statements="13" coveredstatements="13" conditionals="6" coveredconditionals="6" methods="4" coveredmethods="4"/>
        <line num="9" count="2" type="stmt"/>
        <line num="10" count="14" type="stmt"/>
        <line num="13" count="14" type="cond" truecount="1" falsecount="0"/>
        <line num="14" count="2" type="stmt"/>
        <line num="22" count="9" type="stmt"/>
        <line num="32" count="7" type="stmt"/>
        <line num="34" count="7" type="stmt"/>
        <line num="35" count="11" type="stmt"/>
        <line num="36" count="11" type="cond" truecount="4" falsecount="0"/>
        <line num="37" count="8" type="stmt"/>
        <line num="39" count="3" type="cond" truecount="1" falsecount="0"/>
        <line num="40" count="3" type="stmt"/>
        <line num="43" count="7" type="stmt"/>
      </file>
    </package>
    <package name="channel">
      <metrics statements="133" coveredstatements="131" conditionals="54" coveredconditionals="52" methods="39" coveredmethods="38"/>
      <file name="channelEngine.ts" path="/Users/royossai/WebstormProjects/pondSocket2/src/channel/channelEngine.ts">
        <metrics statements="86" coveredstatements="84" conditionals="40" coveredconditionals="38" methods="22" coveredmethods="21"/>
        <line num="3" count="5" type="stmt"/>
        <line num="4" count="5" type="stmt"/>
        <line num="5" count="5" type="stmt"/>
        <line num="7" count="5" type="stmt"/>
        <line num="41" count="5" type="stmt"/>
        <line num="49" count="148" type="stmt"/>
        <line num="50" count="148" type="stmt"/>
        <line num="51" count="148" type="stmt"/>
        <line num="52" count="148" type="stmt"/>
        <line num="63" count="163" type="stmt"/>
        <line num="64" count="163" type="cond" truecount="1" falsecount="0"/>
        <line num="65" count="4" type="stmt"/>
        <line num="67" count="159" type="stmt"/>
        <line num="68" count="159" type="stmt"/>
        <line num="77" count="25" type="stmt"/>
        <line num="78" count="25" type="cond" truecount="2" falsecount="0"/>
        <line num="79" count="21" type="stmt"/>
        <line num="80" count="21" type="stmt"/>
        <line num="81" count="21" type="stmt"/>
        <line num="83" count="21" type="cond" truecount="1" falsecount="0"/>
        <line num="84" count="13" type="stmt"/>
        <line num="85" count="4" type="cond" truecount="1" falsecount="0"/>
        <line num="86" count="4" type="stmt"/>
        <line num="95" count="7" type="stmt"/>
        <line num="99" count="7" type="stmt"/>
        <line num="100" count="7" type="stmt"/>
        <line num="110" count="7" type="stmt"/>
        <line num="114" count="7" type="stmt"/>
        <line num="115" count="7" type="stmt"/>
        <line num="124" count="54" type="cond" truecount="2" falsecount="0"/>
        <line num="125" count="54" type="cond" truecount="1" falsecount="0"/>
        <line num="126" count="4" type="stmt"/>
        <line num="128" count="50" type="cond" truecount="1" falsecount="0"/>
        <line num="129" count="4" type="stmt"/>
        <line num="131" count="46" type="stmt"/>
        <line num="132" count="65" type="stmt"/>
        <line num="142" count="15" type="cond" truecount="1" falsecount="0"/>
        <line num="143" count="4" type="stmt"/>
        <line num="145" count="11" type="cond" truecount="2" falsecount="0"/>
        <line num="146" count="7" type="stmt"/>
        <line num="149" count="4" type="stmt"/>
        <line num="158" count="11" type="stmt"/>
        <line num="159" count="11" type="cond" truecount="2" falsecount="0"/>
        <line num="160" count="7" type="stmt"/>
        <line num="162" count="4" type="stmt"/>
        <line num="170" count="50" type="cond" truecount="2" falsecount="0"/>
        <line num="171" count="50" type="cond" truecount="2" falsecount="0"/>
        <line num="172" count="36" type="stmt"/>
        <line num="178" count="14" type="stmt"/>
        <line num="185" count="12" type="stmt"/>
        <line num="186" count="12" type="stmt"/>
        <line num="187" count="12" type="stmt"/>
        <line num="189" count="12" type="stmt"/>
        <line num="196" count="16" type="cond" truecount="2" falsecount="0"/>
        <line num="197" count="12" type="stmt"/>
        <line num="199" count="4" type="stmt"/>
        <line num="208" count="38" type="cond" truecount="1" falsecount="0"/>
        <line num="209" count="19" type="cond" truecount="4" falsecount="0"/>
        <line num="210" count="9" type="stmt"/>
        <line num="211" count="10" type="cond" truecount="1" falsecount="0"/>
        <line num="212" count="10" type="stmt"/>
        <line num="224" count="149" type="cond" truecount="3" falsecount="0"/>
        <line num="225" count="13" type="stmt"/>
        <line num="227" count="136" type="stmt"/>
        <line num="230" count="136" type="cond" truecount="3" falsecount="0"/>
        <line num="232" count="23" type="stmt"/>
        <line num="233" count="23" type="stmt"/>
        <line num="235" count="16" type="cond" truecount="1" falsecount="0"/>
        <line num="236" count="4" type="stmt"/>
        <line num="238" count="21" type="stmt"/>
        <line num="239" count="12" type="stmt"/>
        <line num="241" count="109" type="stmt"/>
        <line num="242" count="97" type="cond" truecount="1" falsecount="0"/>
        <line num="243" count="4" type="stmt"/>
        <line num="245" count="93" type="stmt"/>
        <line num="248" count="128" type="stmt"/>
        <line num="262" count="3" type="cond" truecount="0" falsecount="1"/>
        <line num="263" count="0" type="stmt"/>
        <line num="265" count="3" type="stmt"/>
        <line num="272" count="3" type="stmt"/>
        <line num="273" count="3" type="stmt"/>
        <line num="275" count="3" type="stmt"/>
        <line num="276" count="0" type="stmt"/>
        <line num="290" count="159" type="stmt"/>
        <line num="291" count="175" type="cond" truecount="1" falsecount="0"/>
        <line num="292" count="127" type="stmt"/>
      </file>
      <file name="channelRequest.ts" path="/Users/royossai/WebstormProjects/pondSocket2/src/channel/channelRequest.ts">
        <metrics statements="9" coveredstatements="9" conditionals="1" coveredconditionals="1" methods="3" coveredmethods="3"/>
        <line num="3" count="5" type="stmt"/>
        <line num="5" count="5" type="stmt"/>
        <line num="9" count="6" type="stmt"/>
        <line num="10" count="6" type="stmt"/>
        <line num="14" count="1" type="stmt"/>
        <line num="18" count="2" type="stmt"/>
        <line num="20" count="2" type="cond" truecount="1" falsecount="0"/>
        <line num="21" count="1" type="stmt"/>
        <line num="23" count="1" type="stmt"/>
      </file>
      <file name="channelResponse.ts" path="/Users/royossai/WebstormProjects/pondSocket2/src/channel/channelResponse.ts">
        <metrics statements="38" coveredstatements="38" conditionals="13" coveredconditionals="13" methods="14" coveredmethods="14"/>
        <line num="1" count="5" type="stmt"/>
        <line num="5" count="5" type="stmt"/>
        <line num="8" count="48" type="stmt"/>
        <line num="11" count="48" type="stmt"/>
        <line num="12" count="48" type="stmt"/>
        <line num="13" count="48" type="stmt"/>
        <line num="20" count="21" type="stmt"/>
        <line num="28" count="10" type="stmt"/>
        <line num="29" count="10" type="stmt"/>
        <line num="30" count="10" type="stmt"/>
        <line num="40" count="5" type="stmt"/>
        <line num="41" count="5" type="cond" truecount="2" falsecount="0"/>
        <line num="42" count="5" type="cond" truecount="2" falsecount="0"/>
        <line num="43" count="5" type="stmt"/>
        <line num="44" count="5" type="stmt"/>
        <line num="54" count="3" type="stmt"/>
        <line num="55" count="3" type="stmt"/>
        <line num="64" count="4" type="stmt"/>
        <line num="65" count="4" type="stmt"/>
        <line num="74" count="3" type="stmt"/>
        <line num="75" count="3" type="stmt"/>
        <line num="85" count="3" type="stmt"/>
        <line num="86" count="3" type="stmt"/>
        <line num="95" count="9" type="cond" truecount="2" falsecount="0"/>
        <line num="96" count="9" type="stmt"/>
        <line num="105" count="3" type="cond" truecount="2" falsecount="0"/>
        <line num="106" count="3" type="stmt"/>
        <line num="114" count="9" type="cond" truecount="2" falsecount="0"/>
        <line num="115" count="9" type="stmt"/>
        <line num="116" count="9" type="stmt"/>
        <line num="118" count="3" type="stmt"/>
        <line num="121" count="9" type="stmt"/>
        <line num="130" count="3" type="cond" truecount="2" falsecount="0"/>
        <line num="131" count="3" type="stmt"/>
        <line num="139" count="3" type="stmt"/>
        <line num="140" count="3" type="stmt"/>
        <line num="149" count="15" type="cond" truecount="1" falsecount="0"/>
        <line num="150" count="3" type="stmt"/>
      </file>
    </package>
    <package name="endpoint">
      <metrics statements="104" coveredstatements="99" conditionals="33" coveredconditionals="28" methods="32" coveredmethods="30"/>
      <file name="endpointEngine.ts" path="/Users/royossai/WebstormProjects/pondSocket2/src/endpoint/endpointEngine.ts">
        <metrics statements="87" coveredstatements="82" conditionals="22" coveredconditionals="17" methods="28" coveredmethods="26"/>
        <line num="2" count="1" type="stmt"/>
        <line num="7" count="1" type="stmt"/>
        <line num="23" count="1" type="cond" truecount="2" falsecount="0"/>
        <line num="24" count="1" type="stmt"/>
        <line num="25" count="1" type="stmt"/>
        <line num="26" count="1" type="stmt"/>
        <line num="39" count="1" type="stmt"/>
        <line num="46" count="10" type="stmt"/>
        <line num="47" count="10" type="stmt"/>
        <line num="48" count="10" type="stmt"/>
        <line num="49" count="10" type="stmt"/>
        <line num="61" count="6" type="stmt"/>
        <line num="62" count="6" type="stmt"/>
        <line num="69" count="6" type="stmt"/>
        <line num="76" count="3" type="stmt"/>
        <line num="85" count="2" type="stmt"/>
        <line num="86" count="3" type="stmt"/>
        <line num="87" count="3" type="stmt"/>
        <line num="96" count="3" type="cond" truecount="2" falsecount="0"/>
        <line num="98" count="3" type="stmt"/>
        <line num="100" count="4" type="cond" truecount="1" falsecount="0"/>
        <line num="113" count="15" type="stmt"/>
        <line num="114" count="15" type="stmt"/>
        <line num="118" count="15" type="stmt"/>
        <line num="119" count="15" type="cond" truecount="1" falsecount="0"/>
        <line num="120" count="1" type="stmt"/>
        <line num="121" count="1" type="stmt"/>
        <line num="124" count="14" type="stmt"/>
        <line num="125" count="14" type="stmt"/>
        <line num="126" count="14" type="stmt"/>
        <line num="130" count="14" type="stmt"/>
        <line num="131" count="14" type="stmt"/>
        <line num="133" count="14" type="cond" truecount="1" falsecount="0"/>
        <line num="134" count="4" type="stmt"/>
        <line num="138" count="4" type="stmt"/>
        <line num="143" count="15" type="stmt"/>
        <line num="144" count="15" type="stmt"/>
        <line num="153" count="14" type="stmt"/>
        <line num="154" count="14" type="stmt"/>
        <line num="155" count="12" type="stmt"/>
        <line num="158" count="14" type="stmt"/>
        <line num="159" count="14" type="stmt"/>
        <line num="160" count="9" type="stmt"/>
        <line num="163" count="14" type="stmt"/>
        <line num="164" count="0" type="stmt"/>
        <line num="165" count="0" type="stmt"/>
        <line num="175" count="9" type="stmt"/>
        <line num="186" count="7" type="stmt"/>
        <line num="187" count="8" type="stmt"/>
        <line num="188" count="8" type="cond" truecount="1" falsecount="0"/>
        <line num="189" count="6" type="stmt"/>
        <line num="193" count="6" type="stmt"/>
        <line num="197" count="1" type="stmt"/>
        <line num="207" count="5" type="stmt"/>
        <line num="208" count="5" type="stmt"/>
        <line num="209" count="5" type="cond" truecount="1" falsecount="0"/>
        <line num="212" count="1" type="stmt"/>
        <line num="221" count="12" type="cond" truecount="3" falsecount="0"/>
        <line num="223" count="7" type="stmt"/>
        <line num="224" count="6" type="stmt"/>
        <line num="227" count="2" type="stmt"/>
        <line num="228" count="1" type="stmt"/>
        <line num="230" count="1" type="stmt"/>
        <line num="233" count="3" type="stmt"/>
        <line num="234" count="3" type="stmt"/>
        <line num="236" count="3" type="stmt"/>
        <line num="247" count="12" type="stmt"/>
        <line num="251" count="12" type="stmt"/>
        <line num="252" count="12" type="stmt"/>
        <line num="254" count="12" type="cond" truecount="1" falsecount="1"/>
        <line num="258" count="12" type="cond" truecount="1" falsecount="1"/>
        <line num="262" count="12" type="cond" truecount="0" falsecount="1"/>
        <line num="266" count="12" type="cond" truecount="1" falsecount="1"/>
        <line num="267" count="0" type="stmt"/>
        <line num="269" count="12" type="stmt"/>
        <line num="272" count="2" type="cond" truecount="1" falsecount="1"/>
        <line num="273" count="0" type="stmt"/>
        <line num="276" count="0" type="stmt"/>
        <line num="278" count="2" type="cond" truecount="1" falsecount="0"/>
        <line num="279" count="2" type="stmt"/>
        <line num="283" count="2" type="stmt"/>
        <line num="294" count="12" type="stmt"/>
        <line num="302" count="15" type="stmt"/>
        <line num="303" count="15" type="stmt"/>
        <line num="304" count="15" type="stmt"/>
        <line num="305" count="315" type="stmt"/>
        <line num="308" count="15" type="stmt"/>
      </file>
      <file name="endpointResponse.ts" path="/Users/royossai/WebstormProjects/pondSocket2/src/endpoint/endpointResponse.ts">
        <metrics statements="17" coveredstatements="17" conditionals="11" coveredconditionals="11" methods="4" coveredmethods="4"/>
        <line num="1" count="2" type="stmt"/>
        <line num="11" count="2" type="stmt"/>
        <line num="12" count="21" type="stmt"/>
        <line num="16" count="21" type="stmt"/>
        <line num="17" count="21" type="stmt"/>
        <line num="25" count="13" type="cond" truecount="1" falsecount="0"/>
        <line num="26" count="1" type="stmt"/>
        <line num="28" count="12" type="stmt"/>
        <line num="29" count="12" type="cond" truecount="2" falsecount="0"/>
        <line num="38" count="4" type="cond" truecount="1" falsecount="0"/>
        <line num="39" count="1" type="stmt"/>
        <line num="41" count="3" type="stmt"/>
        <line num="42" count="3" type="cond" truecount="4" falsecount="0"/>
        <line num="52" count="7" type="cond" truecount="1" falsecount="0"/>
        <line num="53" count="1" type="stmt"/>
        <line num="55" count="6" type="stmt"/>
        <line num="56" count="6" type="cond" truecount="2" falsecount="0"/>
      </file>
    </package>
    <package name="pondChannel">
      <metrics statements="78" coveredstatements="70" conditionals="12" coveredconditionals="10" methods="31" coveredmethods="27"/>
      <file name="pondChannel.ts" path="/Users/royossai/WebstormProjects/pondSocket2/src/pondChannel/pondChannel.ts">
        <metrics statements="44" coveredstatements="38" conditionals="8" coveredconditionals="6" methods="17" coveredmethods="15"/>
        <line num="1" count="1" type="stmt"/>
        <line num="2" count="1" type="stmt"/>
        <line num="6" count="1" type="stmt"/>
        <line num="8" count="1" type="stmt"/>
        <line num="32" count="1" type="stmt"/>
        <line num="38" count="6" type="stmt"/>
        <line num="39" count="6" type="stmt"/>
        <line num="40" count="6" type="stmt"/>
        <line num="56" count="6" type="stmt"/>
        <line num="71" count="1" type="stmt"/>
        <line num="72" count="3" type="cond" truecount="1" falsecount="0"/>
        <line num="73" count="3" type="stmt"/>
        <line num="75" count="0" type="stmt"/>
        <line num="83" count="6" type="stmt"/>
        <line num="98" count="6" type="cond" truecount="2" falsecount="0"/>
        <line num="99" count="6" type="cond" truecount="1" falsecount="1"/>
        <line num="100" count="6" type="stmt"/>
        <line num="106" count="6" type="stmt"/>
        <line num="107" count="6" type="stmt"/>
        <line num="109" count="6" type="stmt"/>
        <line num="110" count="6" type="cond" truecount="0" falsecount="1"/>
        <line num="111" count="0" type="stmt"/>
        <line num="114" count="0" type="stmt"/>
        <line num="115" count="0" type="stmt"/>
        <line num="125" count="9" type="stmt"/>
        <line num="126" count="5" type="stmt"/>
        <line num="136" count="6" type="stmt"/>
        <line num="137" count="6" type="stmt"/>
        <line num="139" count="6" type="stmt"/>
        <line num="144" count="6" type="stmt"/>
        <line num="145" count="6" type="stmt"/>
        <line num="146" count="6" type="stmt"/>
        <line num="156" count="4" type="stmt"/>
        <line num="157" count="4" type="cond" truecount="1" falsecount="0"/>
        <line num="158" count="4" type="stmt"/>
        <line num="160" count="0" type="stmt"/>
        <line num="169" count="16" type="stmt"/>
        <line num="170" count="10" type="stmt"/>
        <line num="179" count="6" type="stmt"/>
        <line num="180" count="6" type="cond" truecount="1" falsecount="0"/>
        <line num="181" count="6" type="stmt"/>
        <line num="189" count="5" type="stmt"/>
        <line num="190" count="4" type="stmt"/>
        <line num="198" count="0" type="stmt"/>
      </file>
      <file name="pondChannelRequest.ts" path="/Users/royossai/WebstormProjects/pondSocket2/src/pondChannel/pondChannelRequest.ts">
        <metrics statements="7" coveredstatements="5" conditionals="0" coveredconditionals="0" methods="4" coveredmethods="2"/>
        <line num="1" count="1" type="stmt"/>
        <line num="7" count="1" type="stmt"/>
        <line num="11" count="6" type="stmt"/>
        <line num="12" count="6" type="stmt"/>
        <line num="16" count="0" type="stmt"/>
        <line num="20" count="0" type="stmt"/>
        <line num="28" count="3" type="stmt"/>
      </file>
      <file name="pondChannelResponse.ts" path="/Users/royossai/WebstormProjects/pondSocket2/src/pondChannel/pondChannelResponse.ts">
        <metrics statements="27" coveredstatements="27" conditionals="4" coveredconditionals="4" methods="10" coveredmethods="10"/>
        <line num="1" count="2" type="stmt"/>
        <line num="6" count="2" type="stmt"/>
        <line num="12" count="12" type="stmt"/>
        <line num="13" count="12" type="stmt"/>
        <line num="14" count="12" type="stmt"/>
        <line num="15" count="12" type="stmt"/>
        <line num="19" count="11" type="stmt"/>
        <line num="27" count="9" type="stmt"/>
        <line num="28" count="9" type="stmt"/>
        <line num="29" count="9" type="stmt"/>
        <line num="30" count="7" type="stmt"/>
        <line num="33" count="9" type="stmt"/>
        <line num="42" count="1" type="stmt"/>
        <line num="43" count="1" type="cond" truecount="2" falsecount="0"/>
        <line num="44" count="1" type="stmt"/>
        <line num="50" count="1" type="stmt"/>
        <line num="60" count="2" type="stmt"/>
        <line num="61" count="2" type="stmt"/>
        <line num="62" count="2" type="stmt"/>
        <line num="71" count="1" type="stmt"/>
        <line num="72" count="1" type="stmt"/>
        <line num="81" count="1" type="stmt"/>
        <line num="82" count="1" type="stmt"/>
        <line num="92" count="2" type="stmt"/>
        <line num="93" count="1" type="stmt"/>
        <line num="101" count="1" type="stmt"/>
        <line num="102" count="1" type="stmt"/>
      </file>
    </package>
    <package name="presence">
      <metrics statements="27" coveredstatements="27" conditionals="7" coveredconditionals="7" methods="9" coveredmethods="9"/>
      <file name="presenceEngine.ts" path="/Users/royossai/WebstormProjects/pondSocket2/src/presence/presenceEngine.ts">
        <metrics statements="27" coveredstatements="27" conditionals="7" coveredconditionals="7" methods="9" coveredmethods="9"/>
        <line num="1" count="6" type="stmt"/>
        <line num="16" count="6" type="stmt"/>
        <line num="21" count="50" type="stmt"/>
        <line num="22" count="50" type="stmt"/>
        <line num="29" count="13" type="stmt"/>
        <line num="31" count="21" type="stmt"/>
        <line num="32" count="21" type="stmt"/>
        <line num="41" count="71" type="stmt"/>
        <line num="49" count="22" type="stmt"/>
        <line num="50" count="22" type="cond" truecount="2" falsecount="0"/>
        <line num="51" count="14" type="stmt"/>
        <line num="52" count="14" type="stmt"/>
        <line num="53" count="14" type="cond" truecount="1" falsecount="0"/>
        <line num="54" count="5" type="stmt"/>
        <line num="60" count="8" type="stmt"/>
        <line num="69" count="9" type="stmt"/>
        <line num="70" count="9" type="cond" truecount="2" falsecount="0"/>
        <line num="71" count="8" type="stmt"/>
        <line num="72" count="8" type="stmt"/>
        <line num="78" count="1" type="stmt"/>
        <line num="88" count="54" type="stmt"/>
        <line num="89" count="53" type="stmt"/>
        <line num="99" count="54" type="cond" truecount="2" falsecount="0"/>
        <line num="100" count="53" type="stmt"/>
        <line num="101" count="53" type="stmt"/>
        <line num="107" count="1" type="stmt"/>
        <line num="117" count="53" type="stmt"/>
      </file>
    </package>
    <package name="server">
      <metrics statements="44" coveredstatements="32" conditionals="10" coveredconditionals="6" methods="18" coveredmethods="10"/>
      <file name="pondSocket.ts" path="/Users/royossai/WebstormProjects/pondSocket2/src/server/pondSocket.ts">
        <metrics statements="44" coveredstatements="32" conditionals="10" coveredconditionals="6" methods="18" coveredmethods="10"/>
        <line num="1" count="1" type="stmt"/>
        <line num="2" count="1" type="stmt"/>
        <line num="5" count="1" type="stmt"/>
        <line num="6" count="1" type="stmt"/>
        <line num="12" count="1" type="stmt"/>
        <line num="16" count="10" type="stmt"/>
        <line num="19" count="10" type="stmt"/>
        <line num="20" count="10" type="cond" truecount="2" falsecount="0"/>
        <line num="21" count="10" type="cond" truecount="2" falsecount="0"/>
        <line num="22" count="10" type="stmt"/>
        <line num="31" count="10" type="stmt"/>
        <line num="39" count="0" type="stmt"/>
        <line num="59" count="10" type="stmt"/>
        <line num="60" count="10" type="stmt"/>
        <line num="61" count="15" type="cond" truecount="1" falsecount="1"/>
        <line num="62" count="15" type="stmt"/>
        <line num="63" count="15" type="cond" truecount="0" falsecount="1"/>
        <line num="64" count="0" type="stmt"/>
        <line num="66" count="15" type="stmt"/>
        <line num="69" count="10" type="stmt"/>
        <line num="77" count="0" type="stmt"/>
        <line num="85" count="10" type="stmt"/>
        <line num="86" count="14" type="stmt"/>
        <line num="87" count="0" type="stmt"/>
        <line num="91" count="10" type="stmt"/>
        <line num="92" count="0" type="stmt"/>
        <line num="93" count="0" type="cond" truecount="0" falsecount="1"/>
        <line num="94" count="0" type="stmt"/>
        <line num="96" count="0" type="stmt"/>
        <line num="97" count="0" type="stmt"/>
        <line num="101" count="10" type="stmt"/>
        <line num="112" count="15" type="stmt"/>
        <line num="113" count="15" type="stmt"/>
        <line num="114" count="15" type="stmt"/>
        <line num="115" count="15" type="cond" truecount="1" falsecount="1"/>
        <line num="116" count="15" type="stmt"/>
        <line num="119" count="0" type="stmt"/>
        <line num="120" count="0" type="stmt"/>
        <line num="124" count="15" type="stmt"/>
        <line num="132" count="10" type="stmt"/>
        <line num="134" count="10" type="stmt"/>
        <line num="135" count="0" type="stmt"/>
        <line num="138" count="10" type="stmt"/>
        <line num="139" count="15" type="stmt"/>
      </file>
    </package>
    <package name="utils">
      <metrics statements="44" coveredstatements="44" conditionals="11" coveredconditionals="11" methods="16" coveredmethods="16"/>
      <file name="matchPattern.ts" path="/Users/royossai/WebstormProjects/pondSocket2/src/utils/matchPattern.ts">
        <metrics statements="32" coveredstatements="32" conditionals="10" coveredconditionals="10" methods="8" coveredmethods="8"/>
        <line num="9" count="6" type="stmt"/>
        <line num="17" count="28" type="stmt"/>
        <line num="18" count="28" type="cond" truecount="1" falsecount="0"/>
        <line num="19" count="25" type="stmt"/>
        <line num="25" count="3" type="stmt"/>
        <line num="37" count="27" type="stmt"/>
        <line num="38" count="27" type="stmt"/>
        <line num="39" count="27" type="cond" truecount="1" falsecount="0"/>
        <line num="40" count="3" type="stmt"/>
        <line num="41" count="5" type="stmt"/>
        <line num="42" count="5" type="stmt"/>
        <line num="45" count="27" type="stmt"/>
        <line num="53" count="30" type="cond" truecount="2" falsecount="0"/>
        <line num="62" count="6" type="cond" truecount="2" falsecount="0"/>
        <line num="63" count="4" type="stmt"/>
        <line num="66" count="2" type="stmt"/>
        <line num="81" count="33" type="stmt"/>
        <line num="82" count="33" type="stmt"/>
        <line num="83" count="33" type="stmt"/>
        <line num="84" count="33" type="cond" truecount="1" falsecount="0"/>
        <line num="85" count="28" type="stmt"/>
        <line num="86" count="28" type="cond" truecount="1" falsecount="0"/>
        <line num="87" count="28" type="stmt"/>
        <line num="88" count="28" type="stmt"/>
        <line num="89" count="29" type="stmt"/>
        <line num="91" count="28" type="stmt"/>
        <line num="94" count="5" type="stmt"/>
        <line num="103" count="30" type="cond" truecount="1" falsecount="0"/>
        <line num="104" count="28" type="stmt"/>
        <line num="106" count="2" type="stmt"/>
        <line num="107" count="2" type="cond" truecount="1" falsecount="0"/>
        <line num="109" count="1" type="stmt"/>
      </file>
      <file name="subjectUtils.ts" path="/Users/royossai/WebstormProjects/pondSocket2/src/utils/subjectUtils.ts">
        <metrics statements="12" coveredstatements="12" conditionals="1" coveredconditionals="1" methods="8" coveredmethods="8"/>
        <line num="5" count="6" type="stmt"/>
        <line num="9" count="198" type="stmt"/>
        <line num="13" count="212" type="stmt"/>
        <line num="17" count="197" type="stmt"/>
        <line num="21" count="38" type="stmt"/>
        <line num="27" count="6" type="stmt"/>
        <line num="31" count="50" type="stmt"/>
        <line num="35" count="66" type="stmt"/>
        <line num="36" count="66" type="stmt"/>
        <line num="40" count="53" type="cond" truecount="1" falsecount="0"/>
        <line num="41" count="53" type="stmt"/>
        <line num="43" count="53" type="stmt"/>
      </file>
    </package>
  </project>
</coverage>
