<?xml version="1.0" encoding="UTF-8"?>
<coverage generated="1676729075132" clover="3.2.0">
  <project timestamp="1676729075132" name="All files">
    <metrics statements="481" coveredstatements="453" conditionals="155" coveredconditionals="145" methods="159" coveredmethods="142" elements="795" coveredelements="740" complexity="0" loc="481" ncloc="481" packages="7" files="15" classes="15"/>
    <package name="abstracts">
      <metrics statements="26" coveredstatements="26" conditionals="18" coveredconditionals="18" methods="10" coveredmethods="10"/>
      <file name="abstractRequest.ts" path="/Users/royossai/WebstormProjects/pondSocket2/src/abstracts/abstractRequest.ts">
        <metrics statements="12" coveredstatements="12" conditionals="12" coveredconditionals="12" methods="6" coveredmethods="6"/>
        <line num="3" count="6" type="stmt"/>
        <line num="11" count="6" type="stmt"/>
        <line num="17" count="19" type="stmt"/>
        <line num="18" count="19" type="stmt"/>
        <line num="19" count="19" type="stmt"/>
        <line num="23" count="7" type="stmt"/>
        <line num="31" count="1" type="stmt"/>
        <line num="35" count="1" type="stmt"/>
        <line num="39" count="1" type="stmt"/>
        <line num="47" count="4" type="stmt"/>
        <line num="48" count="4" type="stmt"/>
        <line num="49" count="4" type="stmt"/>
      </file>
      <file name="abstractResponse.ts" path="/Users/royossai/WebstormProjects/pondSocket2/src/abstracts/abstractResponse.ts">
        <metrics statements="1" coveredstatements="1" conditionals="0" coveredconditionals="0" methods="0" coveredmethods="0"/>
        <line num="5" count="7" type="stmt"/>
      </file>
      <file name="middleware.ts" path="/Users/royossai/WebstormProjects/pondSocket2/src/abstracts/middleware.ts">
        <metrics statements="13" coveredstatements="13" conditionals="6" coveredconditionals="6" methods="4" coveredmethods="4"/>
        <line num="9" count="2" type="stmt"/>
        <line num="10" count="15" type="stmt"/>
        <line num="13" count="15" type="cond" truecount="1" falsecount="0"/>
        <line num="14" count="2" type="stmt"/>
        <line num="22" count="9" type="stmt"/>
        <line num="32" count="7" type="stmt"/>
        <line num="34" count="7" type="stmt"/>
        <line num="35" count="11" type="stmt"/>
        <line num="36" count="11" type="cond" truecount="4" falsecount="0"/>
        <line num="37" count="8" type="stmt"/>
        <line num="39" count="3" type="cond" truecount="1" falsecount="0"/>
        <line num="40" count="3" type="stmt"/>
        <line num="43" count="7" type="stmt"/>
      </file>
    </package>
    <package name="channel">
      <metrics statements="140" coveredstatements="140" conditionals="59" coveredconditionals="58" methods="40" coveredmethods="40"/>
      <file name="channelEngine.ts" path="/Users/royossai/WebstormProjects/pondSocket2/src/channel/channelEngine.ts">
        <metrics statements="88" coveredstatements="88" conditionals="45" coveredconditionals="44" methods="23" coveredmethods="23"/>
        <line num="1" count="5" type="stmt"/>
        <line num="2" count="5" type="stmt"/>
        <line num="3" count="5" type="stmt"/>
        <line num="4" count="5" type="stmt"/>
        <line num="40" count="5" type="stmt"/>
        <line num="48" count="52" type="stmt"/>
        <line num="49" count="52" type="stmt"/>
        <line num="50" count="52" type="stmt"/>
        <line num="51" count="52" type="stmt"/>
        <line num="61" count="52" type="stmt"/>
        <line num="62" count="52" type="cond" truecount="1" falsecount="0"/>
        <line num="63" count="1" type="stmt"/>
        <line num="65" count="51" type="stmt"/>
        <line num="66" count="51" type="stmt"/>
        <line num="75" count="11" type="stmt"/>
        <line num="76" count="11" type="cond" truecount="2" falsecount="0"/>
        <line num="77" count="10" type="stmt"/>
        <line num="78" count="10" type="stmt"/>
        <line num="79" count="10" type="stmt"/>
        <line num="81" count="10" type="cond" truecount="1" falsecount="0"/>
        <line num="82" count="8" type="stmt"/>
        <line num="83" count="1" type="cond" truecount="1" falsecount="0"/>
        <line num="84" count="1" type="stmt"/>
        <line num="93" count="2" type="stmt"/>
        <line num="97" count="2" type="stmt"/>
        <line num="98" count="2" type="stmt"/>
        <line num="108" count="2" type="stmt"/>
        <line num="112" count="2" type="stmt"/>
        <line num="113" count="2" type="stmt"/>
        <line num="122" count="15" type="cond" truecount="2" falsecount="0"/>
        <line num="123" count="15" type="cond" truecount="1" falsecount="0"/>
        <line num="124" count="1" type="stmt"/>
        <line num="126" count="14" type="cond" truecount="1" falsecount="0"/>
        <line num="127" count="1" type="stmt"/>
        <line num="129" count="13" type="stmt"/>
        <line num="130" count="18" type="stmt"/>
        <line num="140" count="4" type="cond" truecount="1" falsecount="0"/>
        <line num="141" count="1" type="stmt"/>
        <line num="143" count="3" type="cond" truecount="2" falsecount="0"/>
        <line num="144" count="2" type="stmt"/>
        <line num="147" count="1" type="stmt"/>
        <line num="156" count="3" type="stmt"/>
        <line num="157" count="3" type="cond" truecount="2" falsecount="0"/>
        <line num="158" count="2" type="stmt"/>
        <line num="160" count="1" type="stmt"/>
        <line num="168" count="17" type="cond" truecount="2" falsecount="0"/>
        <line num="169" count="17" type="cond" truecount="2" falsecount="0"/>
        <line num="170" count="12" type="stmt"/>
        <line num="176" count="5" type="stmt"/>
        <line num="183" count="3" type="stmt"/>
        <line num="184" count="3" type="stmt"/>
        <line num="185" count="3" type="stmt"/>
        <line num="187" count="3" type="stmt"/>
        <line num="194" count="4" type="cond" truecount="2" falsecount="0"/>
        <line num="195" count="3" type="stmt"/>
        <line num="197" count="1" type="stmt"/>
        <line num="209" count="26" type="cond" truecount="4" falsecount="0"/>
        <line num="210" count="15" type="stmt"/>
        <line num="212" count="11" type="cond" truecount="2" falsecount="0"/>
        <line num="213" count="3" type="stmt"/>
        <line num="216" count="8" type="stmt"/>
        <line num="223" count="8" type="stmt"/>
        <line num="224" count="8" type="stmt"/>
        <line num="225" count="7" type="cond" truecount="1" falsecount="0"/>
        <line num="226" count="5" type="stmt"/>
        <line num="229" count="8" type="stmt"/>
        <line num="230" count="1" type="stmt"/>
        <line num="244" count="15" type="cond" truecount="1" falsecount="0"/>
        <line num="245" count="6" type="cond" truecount="4" falsecount="0"/>
        <line num="246" count="3" type="stmt"/>
        <line num="247" count="3" type="cond" truecount="1" falsecount="0"/>
        <line num="248" count="3" type="stmt"/>
        <line num="258" count="51" type="stmt"/>
        <line num="259" count="55" type="cond" truecount="1" falsecount="0"/>
        <line num="260" count="42" type="stmt"/>
        <line num="277" count="45" type="stmt"/>
        <line num="280" count="45" type="cond" truecount="3" falsecount="0"/>
        <line num="282" count="8" type="stmt"/>
        <line num="283" count="8" type="stmt"/>
        <line num="285" count="5" type="cond" truecount="1" falsecount="0"/>
        <line num="286" count="1" type="stmt"/>
        <line num="288" count="6" type="stmt"/>
        <line num="289" count="4" type="stmt"/>
        <line num="291" count="35" type="stmt"/>
        <line num="292" count="32" type="cond" truecount="1" falsecount="0"/>
        <line num="293" count="1" type="stmt"/>
        <line num="295" count="31" type="stmt"/>
        <line num="298" count="43" type="stmt"/>
      </file>
      <file name="channelRequest.ts" path="/Users/royossai/WebstormProjects/pondSocket2/src/channel/channelRequest.ts">
        <metrics statements="9" coveredstatements="9" conditionals="1" coveredconditionals="1" methods="3" coveredmethods="3"/>
        <line num="3" count="5" type="stmt"/>
        <line num="5" count="5" type="stmt"/>
        <line num="9" count="11" type="stmt"/>
        <line num="10" count="11" type="stmt"/>
        <line num="14" count="1" type="stmt"/>
        <line num="18" count="2" type="stmt"/>
        <line num="20" count="2" type="cond" truecount="1" falsecount="0"/>
        <line num="21" count="1" type="stmt"/>
        <line num="23" count="1" type="stmt"/>
      </file>
      <file name="channelResponse.ts" path="/Users/royossai/WebstormProjects/pondSocket2/src/channel/channelResponse.ts">
        <metrics statements="43" coveredstatements="43" conditionals="13" coveredconditionals="13" methods="14" coveredmethods="14"/>
        <line num="1" count="5" type="stmt"/>
        <line num="5" count="5" type="stmt"/>
        <line num="9" count="23" type="stmt"/>
        <line num="12" count="23" type="stmt"/>
        <line num="13" count="23" type="stmt"/>
        <line num="14" count="23" type="stmt"/>
        <line num="15" count="23" type="stmt"/>
        <line num="22" count="9" type="stmt"/>
        <line num="30" count="8" type="stmt"/>
        <line num="31" count="8" type="stmt"/>
        <line num="32" count="7" type="stmt"/>
        <line num="33" count="7" type="stmt"/>
        <line num="43" count="3" type="stmt"/>
        <line num="44" count="3" type="cond" truecount="2" falsecount="0"/>
        <line num="45" count="3" type="cond" truecount="2" falsecount="0"/>
        <line num="46" count="3" type="stmt"/>
        <line num="47" count="3" type="stmt"/>
        <line num="48" count="3" type="stmt"/>
        <line num="58" count="1" type="stmt"/>
        <line num="59" count="1" type="stmt"/>
        <line num="68" count="1" type="stmt"/>
        <line num="69" count="1" type="stmt"/>
        <line num="78" count="1" type="stmt"/>
        <line num="79" count="1" type="stmt"/>
        <line num="89" count="1" type="stmt"/>
        <line num="90" count="1" type="stmt"/>
        <line num="99" count="3" type="cond" truecount="2" falsecount="0"/>
        <line num="100" count="3" type="stmt"/>
        <line num="109" count="1" type="cond" truecount="2" falsecount="0"/>
        <line num="110" count="1" type="stmt"/>
        <line num="118" count="3" type="cond" truecount="2" falsecount="0"/>
        <line num="119" count="3" type="stmt"/>
        <line num="120" count="3" type="stmt"/>
        <line num="122" count="1" type="stmt"/>
        <line num="125" count="3" type="stmt"/>
        <line num="134" count="1" type="cond" truecount="2" falsecount="0"/>
        <line num="135" count="1" type="stmt"/>
        <line num="136" count="1" type="stmt"/>
        <line num="144" count="1" type="stmt"/>
        <line num="145" count="1" type="stmt"/>
        <line num="146" count="1" type="stmt"/>
        <line num="155" count="11" type="cond" truecount="1" falsecount="0"/>
        <line num="156" count="1" type="stmt"/>
      </file>
    </package>
    <package name="endpoint">
      <metrics statements="122" coveredstatements="111" conditionals="38" coveredconditionals="33" methods="35" coveredmethods="30"/>
      <file name="endpointEngine.ts" path="/Users/royossai/WebstormProjects/pondSocket2/src/endpoint/endpointEngine.ts">
        <metrics statements="105" coveredstatements="94" conditionals="27" coveredconditionals="22" methods="31" coveredmethods="26"/>
        <line num="2" count="2" type="stmt"/>
        <line num="7" count="2" type="stmt"/>
        <line num="23" count="2" type="cond" truecount="2" falsecount="0"/>
        <line num="24" count="2" type="stmt"/>
        <line num="25" count="2" type="stmt"/>
        <line num="26" count="2" type="stmt"/>
        <line num="27" count="2" type="stmt"/>
        <line num="28" count="2" type="stmt"/>
        <line num="29" count="2" type="stmt"/>
        <line num="42" count="2" type="stmt"/>
        <line num="50" count="18" type="stmt"/>
        <line num="51" count="18" type="stmt"/>
        <line num="52" count="18" type="stmt"/>
        <line num="53" count="18" type="stmt"/>
        <line num="54" count="18" type="stmt"/>
        <line num="66" count="7" type="stmt"/>
        <line num="67" count="7" type="stmt"/>
        <line num="74" count="6" type="stmt"/>
        <line num="81" count="3" type="stmt"/>
        <line num="90" count="2" type="stmt"/>
        <line num="91" count="3" type="stmt"/>
        <line num="92" count="3" type="stmt"/>
        <line num="101" count="3" type="cond" truecount="2" falsecount="0"/>
        <line num="103" count="3" type="stmt"/>
        <line num="105" count="4" type="cond" truecount="1" falsecount="0"/>
        <line num="106" count="4" type="stmt"/>
        <line num="118" count="22" type="stmt"/>
        <line num="119" count="22" type="stmt"/>
        <line num="124" count="22" type="stmt"/>
        <line num="125" count="22" type="cond" truecount="1" falsecount="0"/>
        <line num="126" count="2" type="stmt"/>
        <line num="127" count="2" type="stmt"/>
        <line num="130" count="20" type="stmt"/>
        <line num="131" count="20" type="stmt"/>
        <line num="132" count="20" type="stmt"/>
        <line num="138" count="20" type="stmt"/>
        <line num="139" count="20" type="stmt"/>
        <line num="141" count="20" type="cond" truecount="1" falsecount="0"/>
        <line num="142" count="5" type="stmt"/>
        <line num="148" count="5" type="stmt"/>
        <line num="153" count="22" type="stmt"/>
        <line num="154" count="22" type="stmt"/>
        <line num="163" count="20" type="stmt"/>
        <line num="164" count="20" type="stmt"/>
        <line num="165" count="16" type="stmt"/>
        <line num="168" count="20" type="stmt"/>
        <line num="169" count="19" type="stmt"/>
        <line num="170" count="13" type="stmt"/>
        <line num="173" count="20" type="stmt"/>
        <line num="174" count="0" type="stmt"/>
        <line num="175" count="0" type="stmt"/>
        <line num="185" count="14" type="stmt"/>
        <line num="196" count="7" type="stmt"/>
        <line num="197" count="8" type="stmt"/>
        <line num="198" count="8" type="cond" truecount="1" falsecount="0"/>
        <line num="199" count="6" type="stmt"/>
        <line num="205" count="6" type="stmt"/>
        <line num="209" count="1" type="stmt"/>
        <line num="219" count="5" type="stmt"/>
        <line num="220" count="5" type="stmt"/>
        <line num="221" count="5" type="cond" truecount="1" falsecount="0"/>
        <line num="222" count="4" type="stmt"/>
        <line num="225" count="1" type="stmt"/>
        <line num="234" count="12" type="cond" truecount="3" falsecount="3"/>
        <line num="236" count="7" type="stmt"/>
        <line num="237" count="6" type="stmt"/>
        <line num="240" count="2" type="stmt"/>
        <line num="241" count="1" type="stmt"/>
        <line num="243" count="1" type="stmt"/>
        <line num="246" count="0" type="stmt"/>
        <line num="247" count="0" type="stmt"/>
        <line num="249" count="0" type="stmt"/>
        <line num="252" count="3" type="stmt"/>
        <line num="253" count="3" type="stmt"/>
        <line num="255" count="3" type="stmt"/>
        <line num="258" count="0" type="stmt"/>
        <line num="259" count="0" type="cond" truecount="0" falsecount="2"/>
        <line num="261" count="0" type="stmt"/>
        <line num="264" count="0" type="stmt"/>
        <line num="265" count="0" type="stmt"/>
        <line num="267" count="0" type="stmt"/>
        <line num="278" count="16" type="stmt"/>
        <line num="284" count="16" type="stmt"/>
        <line num="285" count="16" type="stmt"/>
        <line num="287" count="15" type="cond" truecount="2" falsecount="0"/>
        <line num="288" count="1" type="stmt"/>
        <line num="292" count="14" type="cond" truecount="2" falsecount="0"/>
        <line num="293" count="1" type="stmt"/>
        <line num="297" count="13" type="cond" truecount="2" falsecount="0"/>
        <line num="298" count="1" type="stmt"/>
        <line num="303" count="12" type="stmt"/>
        <line num="305" count="13" type="cond" truecount="1" falsecount="0"/>
        <line num="306" count="3" type="stmt"/>
        <line num="309" count="3" type="cond" truecount="2" falsecount="0"/>
        <line num="310" count="1" type="stmt"/>
        <line num="313" count="1" type="stmt"/>
        <line num="315" count="2" type="cond" truecount="1" falsecount="0"/>
        <line num="316" count="2" type="stmt"/>
        <line num="320" count="2" type="stmt"/>
        <line num="331" count="13" type="stmt"/>
        <line num="339" count="22" type="stmt"/>
        <line num="340" count="22" type="stmt"/>
        <line num="341" count="22" type="stmt"/>
        <line num="342" count="462" type="stmt"/>
        <line num="345" count="22" type="stmt"/>
      </file>
      <file name="endpointResponse.ts" path="/Users/royossai/WebstormProjects/pondSocket2/src/endpoint/endpointResponse.ts">
        <metrics statements="17" coveredstatements="17" conditionals="11" coveredconditionals="11" methods="4" coveredmethods="4"/>
        <line num="1" count="3" type="stmt"/>
        <line num="11" count="3" type="stmt"/>
        <line num="12" count="28" type="stmt"/>
        <line num="16" count="28" type="stmt"/>
        <line num="17" count="28" type="stmt"/>
        <line num="25" count="18" type="cond" truecount="1" falsecount="0"/>
        <line num="26" count="1" type="stmt"/>
        <line num="28" count="17" type="stmt"/>
        <line num="29" count="17" type="cond" truecount="2" falsecount="0"/>
        <line num="38" count="5" type="cond" truecount="1" falsecount="0"/>
        <line num="39" count="1" type="stmt"/>
        <line num="41" count="4" type="stmt"/>
        <line num="42" count="4" type="cond" truecount="4" falsecount="0"/>
        <line num="52" count="8" type="cond" truecount="1" falsecount="0"/>
        <line num="53" count="1" type="stmt"/>
        <line num="55" count="7" type="stmt"/>
        <line num="56" count="7" type="cond" truecount="2" falsecount="0"/>
      </file>
    </package>
    <package name="pondChannel">
      <metrics statements="78" coveredstatements="70" conditionals="12" coveredconditionals="10" methods="31" coveredmethods="27"/>
      <file name="pondChannel.ts" path="/Users/royossai/WebstormProjects/pondSocket2/src/pondChannel/pondChannel.ts">
        <metrics statements="44" coveredstatements="38" conditionals="8" coveredconditionals="6" methods="17" coveredmethods="15"/>
        <line num="1" count="1" type="stmt"/>
        <line num="2" count="1" type="stmt"/>
        <line num="6" count="1" type="stmt"/>
        <line num="8" count="1" type="stmt"/>
        <line num="32" count="1" type="stmt"/>
        <line num="38" count="7" type="stmt"/>
        <line num="39" count="7" type="stmt"/>
        <line num="40" count="7" type="stmt"/>
        <line num="56" count="7" type="stmt"/>
        <line num="71" count="1" type="stmt"/>
        <line num="72" count="3" type="cond" truecount="1" falsecount="0"/>
        <line num="73" count="3" type="stmt"/>
        <line num="75" count="0" type="stmt"/>
        <line num="83" count="7" type="stmt"/>
        <line num="98" count="6" type="cond" truecount="2" falsecount="0"/>
        <line num="99" count="6" type="cond" truecount="1" falsecount="1"/>
        <line num="100" count="6" type="stmt"/>
        <line num="106" count="6" type="stmt"/>
        <line num="107" count="6" type="stmt"/>
        <line num="109" count="6" type="stmt"/>
        <line num="110" count="6" type="cond" truecount="0" falsecount="1"/>
        <line num="111" count="0" type="stmt"/>
        <line num="114" count="0" type="stmt"/>
        <line num="115" count="0" type="stmt"/>
        <line num="125" count="13" type="stmt"/>
        <line num="126" count="5" type="stmt"/>
        <line num="136" count="6" type="stmt"/>
        <line num="137" count="6" type="stmt"/>
        <line num="139" count="6" type="stmt"/>
        <line num="144" count="6" type="stmt"/>
        <line num="145" count="6" type="stmt"/>
        <line num="146" count="6" type="stmt"/>
        <line num="156" count="4" type="stmt"/>
        <line num="157" count="4" type="cond" truecount="1" falsecount="0"/>
        <line num="158" count="4" type="stmt"/>
        <line num="160" count="0" type="stmt"/>
        <line num="169" count="16" type="stmt"/>
        <line num="170" count="10" type="stmt"/>
        <line num="179" count="6" type="stmt"/>
        <line num="180" count="6" type="cond" truecount="1" falsecount="0"/>
        <line num="181" count="6" type="stmt"/>
        <line num="189" count="5" type="stmt"/>
        <line num="190" count="4" type="stmt"/>
        <line num="198" count="0" type="stmt"/>
      </file>
      <file name="pondChannelRequest.ts" path="/Users/royossai/WebstormProjects/pondSocket2/src/pondChannel/pondChannelRequest.ts">
        <metrics statements="7" coveredstatements="5" conditionals="0" coveredconditionals="0" methods="4" coveredmethods="2"/>
        <line num="1" count="1" type="stmt"/>
        <line num="7" count="1" type="stmt"/>
        <line num="11" count="6" type="stmt"/>
        <line num="12" count="6" type="stmt"/>
        <line num="16" count="0" type="stmt"/>
        <line num="20" count="0" type="stmt"/>
        <line num="28" count="3" type="stmt"/>
      </file>
      <file name="pondChannelResponse.ts" path="/Users/royossai/WebstormProjects/pondSocket2/src/pondChannel/pondChannelResponse.ts">
        <metrics statements="27" coveredstatements="27" conditionals="4" coveredconditionals="4" methods="10" coveredmethods="10"/>
        <line num="1" count="2" type="stmt"/>
        <line num="6" count="2" type="stmt"/>
        <line num="12" count="12" type="stmt"/>
        <line num="13" count="12" type="stmt"/>
        <line num="14" count="12" type="stmt"/>
        <line num="15" count="12" type="stmt"/>
        <line num="19" count="11" type="stmt"/>
        <line num="27" count="8" type="stmt"/>
        <line num="28" count="8" type="stmt"/>
        <line num="29" count="8" type="stmt"/>
        <line num="30" count="6" type="stmt"/>
        <line num="33" count="8" type="stmt"/>
        <line num="42" count="1" type="stmt"/>
        <line num="43" count="1" type="cond" truecount="2" falsecount="0"/>
        <line num="44" count="1" type="stmt"/>
        <line num="50" count="1" type="stmt"/>
        <line num="60" count="2" type="stmt"/>
        <line num="61" count="2" type="stmt"/>
        <line num="62" count="2" type="stmt"/>
        <line num="71" count="1" type="stmt"/>
        <line num="72" count="1" type="stmt"/>
        <line num="81" count="1" type="stmt"/>
        <line num="82" count="1" type="stmt"/>
        <line num="92" count="1" type="stmt"/>
        <line num="93" count="1" type="stmt"/>
        <line num="101" count="1" type="stmt"/>
        <line num="102" count="1" type="stmt"/>
      </file>
    </package>
    <package name="presence">
      <metrics statements="27" coveredstatements="27" conditionals="7" coveredconditionals="7" methods="9" coveredmethods="9"/>
      <file name="presenceEngine.ts" path="/Users/royossai/WebstormProjects/pondSocket2/src/presence/presenceEngine.ts">
        <metrics statements="27" coveredstatements="27" conditionals="7" coveredconditionals="7" methods="9" coveredmethods="9"/>
        <line num="1" count="6" type="stmt"/>
        <line num="16" count="6" type="stmt"/>
        <line num="21" count="20" type="stmt"/>
        <line num="22" count="20" type="stmt"/>
        <line num="29" count="4" type="stmt"/>
        <line num="31" count="6" type="stmt"/>
        <line num="32" count="6" type="stmt"/>
        <line num="41" count="20" type="stmt"/>
        <line num="49" count="9" type="stmt"/>
        <line num="50" count="9" type="cond" truecount="2" falsecount="0"/>
        <line num="51" count="6" type="stmt"/>
        <line num="52" count="6" type="stmt"/>
        <line num="53" count="6" type="cond" truecount="1" falsecount="0"/>
        <line num="54" count="2" type="stmt"/>
        <line num="60" count="3" type="stmt"/>
        <line num="69" count="4" type="stmt"/>
        <line num="70" count="4" type="cond" truecount="2" falsecount="0"/>
        <line num="71" count="3" type="stmt"/>
        <line num="72" count="3" type="stmt"/>
        <line num="78" count="1" type="stmt"/>
        <line num="88" count="21" type="stmt"/>
        <line num="89" count="20" type="stmt"/>
        <line num="99" count="21" type="cond" truecount="2" falsecount="0"/>
        <line num="100" count="20" type="stmt"/>
        <line num="101" count="20" type="stmt"/>
        <line num="107" count="1" type="stmt"/>
        <line num="117" count="20" type="stmt"/>
      </file>
    </package>
    <package name="server">
      <metrics statements="44" coveredstatements="35" conditionals="10" coveredconditionals="8" methods="18" coveredmethods="10"/>
      <file name="pondSocket.ts" path="/Users/royossai/WebstormProjects/pondSocket2/src/server/pondSocket.ts">
        <metrics statements="44" coveredstatements="35" conditionals="10" coveredconditionals="8" methods="18" coveredmethods="10"/>
        <line num="1" count="2" type="stmt"/>
        <line num="2" count="2" type="stmt"/>
        <line num="5" count="2" type="stmt"/>
        <line num="6" count="2" type="stmt"/>
        <line num="12" count="2" type="stmt"/>
        <line num="16" count="19" type="stmt"/>
        <line num="19" count="19" type="stmt"/>
        <line num="20" count="19" type="cond" truecount="2" falsecount="0"/>
        <line num="21" count="19" type="cond" truecount="2" falsecount="0"/>
        <line num="22" count="19" type="stmt"/>
        <line num="31" count="16" type="stmt"/>
        <line num="39" count="0" type="stmt"/>
        <line num="59" count="18" type="stmt"/>
        <line num="60" count="18" type="stmt"/>
        <line num="61" count="23" type="cond" truecount="1" falsecount="1"/>
        <line num="62" count="23" type="stmt"/>
        <line num="63" count="23" type="cond" truecount="1" falsecount="0"/>
        <line num="64" count="1" type="stmt"/>
        <line num="66" count="22" type="stmt"/>
        <line num="69" count="18" type="stmt"/>
        <line num="77" count="0" type="stmt"/>
        <line num="85" count="19" type="stmt"/>
        <line num="86" count="20" type="stmt"/>
        <line num="87" count="0" type="stmt"/>
        <line num="91" count="19" type="stmt"/>
        <line num="92" count="0" type="stmt"/>
        <line num="93" count="0" type="cond" truecount="0" falsecount="1"/>
        <line num="94" count="0" type="stmt"/>
        <line num="96" count="0" type="stmt"/>
        <line num="97" count="0" type="stmt"/>
        <line num="101" count="19" type="stmt"/>
        <line num="112" count="23" type="stmt"/>
        <line num="113" count="23" type="stmt"/>
        <line num="114" count="24" type="stmt"/>
        <line num="115" count="24" type="cond" truecount="2" falsecount="0"/>
        <line num="116" count="23" type="stmt"/>
        <line num="119" count="1" type="stmt"/>
        <line num="120" count="1" type="stmt"/>
        <line num="124" count="23" type="stmt"/>
        <line num="132" count="19" type="stmt"/>
        <line num="134" count="19" type="stmt"/>
        <line num="135" count="0" type="stmt"/>
        <line num="138" count="19" type="stmt"/>
        <line num="139" count="23" type="stmt"/>
      </file>
    </package>
    <package name="utils">
      <metrics statements="44" coveredstatements="44" conditionals="11" coveredconditionals="11" methods="16" coveredmethods="16"/>
      <file name="matchPattern.ts" path="/Users/royossai/WebstormProjects/pondSocket2/src/utils/matchPattern.ts">
        <metrics statements="32" coveredstatements="32" conditionals="10" coveredconditionals="10" methods="8" coveredmethods="8"/>
        <line num="9" count="8" type="stmt"/>
        <line num="17" count="37" type="stmt"/>
        <line num="18" count="37" type="cond" truecount="1" falsecount="0"/>
        <line num="19" count="33" type="stmt"/>
        <line num="25" count="4" type="stmt"/>
        <line num="37" count="35" type="stmt"/>
        <line num="38" count="35" type="stmt"/>
        <line num="39" count="35" type="cond" truecount="1" falsecount="0"/>
        <line num="40" count="4" type="stmt"/>
        <line num="41" count="6" type="stmt"/>
        <line num="42" count="6" type="stmt"/>
        <line num="45" count="35" type="stmt"/>
        <line num="53" count="39" type="cond" truecount="2" falsecount="0"/>
        <line num="62" count="7" type="cond" truecount="2" falsecount="0"/>
        <line num="63" count="5" type="stmt"/>
        <line num="66" count="2" type="stmt"/>
        <line num="81" count="41" type="stmt"/>
        <line num="82" count="41" type="stmt"/>
        <line num="83" count="41" type="stmt"/>
        <line num="84" count="41" type="cond" truecount="1" falsecount="0"/>
        <line num="85" count="36" type="stmt"/>
        <line num="86" count="36" type="cond" truecount="1" falsecount="0"/>
        <line num="87" count="36" type="stmt"/>
        <line num="88" count="36" type="stmt"/>
        <line num="89" count="37" type="stmt"/>
        <line num="91" count="36" type="stmt"/>
        <line num="94" count="5" type="stmt"/>
        <line num="103" count="39" type="cond" truecount="1" falsecount="0"/>
        <line num="104" count="36" type="stmt"/>
        <line num="106" count="3" type="stmt"/>
        <line num="107" count="3" type="cond" truecount="1" falsecount="0"/>
        <line num="109" count="2" type="stmt"/>
      </file>
      <file name="subjectUtils.ts" path="/Users/royossai/WebstormProjects/pondSocket2/src/utils/subjectUtils.ts">
        <metrics statements="12" coveredstatements="12" conditionals="1" coveredconditionals="1" methods="8" coveredmethods="8"/>
        <line num="5" count="6" type="stmt"/>
        <line num="9" count="72" type="stmt"/>
        <line num="13" count="71" type="stmt"/>
        <line num="17" count="68" type="stmt"/>
        <line num="21" count="17" type="stmt"/>
        <line num="27" count="6" type="stmt"/>
        <line num="31" count="20" type="stmt"/>
        <line num="35" count="25" type="stmt"/>
        <line num="36" count="25" type="stmt"/>
        <line num="40" count="20" type="cond" truecount="1" falsecount="0"/>
        <line num="41" count="20" type="stmt"/>
        <line num="43" count="20" type="stmt"/>
      </file>
    </package>
  </project>
</coverage>
