{"/Users/royossai/WebstormProjects/pond2/src/abstracts/abstractRequest.ts": {"path":"/Users/royossai/WebstormProjects/pond2/src/abstracts/abstractRequest.ts","statementMap":{"0":{"start":{"line":3,"column":0},"end":{"line":3,"column":71}},"1":{"start":{"line":17,"column":8},"end":{"line":17,"column":30}},"2":{"start":{"line":18,"column":8},"end":{"line":18,"column":28}},"3":{"start":{"line":19,"column":8},"end":{"line":19,"column":33}},"4":{"start":{"line":23,"column":8},"end":{"line":27,"column":10}},"5":{"start":{"line":31,"column":8},"end":{"line":31,"column":33}},"6":{"start":{"line":35,"column":8},"end":{"line":35,"column":41}},"7":{"start":{"line":39,"column":8},"end":{"line":39,"column":42}},"8":{"start":{"line":47,"column":22},"end":{"line":47,"column":40}},"9":{"start":{"line":48,"column":8},"end":{"line":48,"column":64}},"10":{"start":{"line":49,"column":8},"end":{"line":49,"column":42}},"11":{"start":{"line":11,"column":0},"end":{"line":11,"column":13}}},"fnMap":{"0":{"name":"(anonymous_0)","decl":{"start":{"line":16,"column":4},"end":{"line":16,"column":16}},"loc":{"start":{"line":16,"column":52},"end":{"line":20,"column":5}}},"1":{"name":"(anonymous_1)","decl":{"start":{"line":22,"column":4},"end":{"line":22,"column":15}},"loc":{"start":{"line":22,"column":20},"end":{"line":28,"column":5}}},"2":{"name":"(anonymous_2)","decl":{"start":{"line":30,"column":4},"end":{"line":30,"column":15}},"loc":{"start":{"line":30,"column":25},"end":{"line":32,"column":5}}},"3":{"name":"(anonymous_3)","decl":{"start":{"line":34,"column":4},"end":{"line":34,"column":15}},"loc":{"start":{"line":34,"column":22},"end":{"line":36,"column":5}}},"4":{"name":"(anonymous_4)","decl":{"start":{"line":38,"column":4},"end":{"line":38,"column":15}},"loc":{"start":{"line":38,"column":23},"end":{"line":40,"column":5}}},"5":{"name":"(anonymous_5)","decl":{"start":{"line":46,"column":11},"end":{"line":46,"column":24}},"loc":{"start":{"line":46,"column":39},"end":{"line":50,"column":5}}}},"branchMap":{"0":{"loc":{"start":{"line":25,"column":20},"end":{"line":25,"column":51}},"type":"binary-expr","locations":[{"start":{"line":25,"column":20},"end":{"line":25,"column":45}},{"start":{"line":25,"column":49},"end":{"line":25,"column":51}}]},"1":{"loc":{"start":{"line":25,"column":20},"end":{"line":25,"column":45}},"type":"cond-expr","locations":[{"start":{"line":25,"column":37},"end":{"line":25,"column":39}},{"start":{"line":25,"column":37},"end":{"line":25,"column":45}}]},"2":{"loc":{"start":{"line":25,"column":20},"end":{"line":25,"column":39}},"type":"binary-expr","locations":[{"start":{"line":25,"column":20},"end":{"line":25,"column":39}},{"start":{"line":25,"column":37},"end":{"line":25,"column":39}}]},"3":{"loc":{"start":{"line":26,"column":19},"end":{"line":26,"column":49}},"type":"binary-expr","locations":[{"start":{"line":26,"column":19},"end":{"line":26,"column":43}},{"start":{"line":26,"column":47},"end":{"line":26,"column":49}}]},"4":{"loc":{"start":{"line":26,"column":19},"end":{"line":26,"column":43}},"type":"cond-expr","locations":[{"start":{"line":26,"column":36},"end":{"line":26,"column":38}},{"start":{"line":26,"column":36},"end":{"line":26,"column":43}}]},"5":{"loc":{"start":{"line":26,"column":19},"end":{"line":26,"column":38}},"type":"binary-expr","locations":[{"start":{"line":26,"column":19},"end":{"line":26,"column":38}},{"start":{"line":26,"column":36},"end":{"line":26,"column":38}}]}},"s":{"0":5,"1":18,"2":18,"3":18,"4":7,"5":1,"6":1,"7":1,"8":4,"9":4,"10":4,"11":5},"f":{"0":18,"1":7,"2":1,"3":1,"4":1,"5":4},"b":{"0":[7,1],"1":[1,6],"2":[7,6],"3":[7,1],"4":[1,6],"5":[7,6]}}
,"/Users/royossai/WebstormProjects/pond2/src/abstracts/abstractResponse.ts": {"path":"/Users/royossai/WebstormProjects/pond2/src/abstracts/abstractResponse.ts","statementMap":{"0":{"start":{"line":5,"column":0},"end":{"line":5,"column":22}}},"fnMap":{},"branchMap":{},"s":{"0":5},"f":{},"b":{}}
,"/Users/royossai/WebstormProjects/pond2/src/abstracts/middleware.ts": {"path":"/Users/royossai/WebstormProjects/pond2/src/abstracts/middleware.ts","statementMap":{"0":{"start":{"line":10,"column":21},"end":{"line":10,"column":73}},"1":{"start":{"line":13,"column":8},"end":{"line":14,"column":47}},"2":{"start":{"line":14,"column":12},"end":{"line":14,"column":47}},"3":{"start":{"line":22,"column":8},"end":{"line":22,"column":37}},"4":{"start":{"line":32,"column":21},"end":{"line":32,"column":41}},"5":{"start":{"line":34,"column":29},"end":{"line":41,"column":9}},"6":{"start":{"line":35,"column":31},"end":{"line":35,"column":43}},"7":{"start":{"line":36,"column":12},"end":{"line":40,"column":24}},"8":{"start":{"line":37,"column":16},"end":{"line":37,"column":56}},"9":{"start":{"line":39,"column":17},"end":{"line":40,"column":24}},"10":{"start":{"line":40,"column":16},"end":{"line":40,"column":24}},"11":{"start":{"line":43,"column":8},"end":{"line":43,"column":23}},"12":{"start":{"line":9,"column":0},"end":{"line":9,"column":13}}},"fnMap":{"0":{"name":"(anonymous_0)","decl":{"start":{"line":12,"column":4},"end":{"line":12,"column":16}},"loc":{"start":{"line":12,"column":53},"end":{"line":15,"column":5}}},"1":{"name":"(anonymous_1)","decl":{"start":{"line":21,"column":11},"end":{"line":21,"column":14}},"loc":{"start":{"line":21,"column":63},"end":{"line":23,"column":5}}},"2":{"name":"(anonymous_2)","decl":{"start":{"line":31,"column":11},"end":{"line":31,"column":14}},"loc":{"start":{"line":31,"column":62},"end":{"line":44,"column":5}}},"3":{"name":"(anonymous_3)","decl":{"start":{"line":34,"column":29},"end":{"line":34,"column":32}},"loc":{"start":{"line":34,"column":34},"end":{"line":41,"column":9}}}},"branchMap":{"0":{"loc":{"start":{"line":13,"column":8},"end":{"line":14,"column":47}},"type":"if","locations":[{"start":{"line":13,"column":8},"end":{"line":14,"column":47}}]},"1":{"loc":{"start":{"line":36,"column":12},"end":{"line":40,"column":24}},"type":"if","locations":[{"start":{"line":36,"column":12},"end":{"line":40,"column":24}},{"start":{"line":39,"column":17},"end":{"line":40,"column":24}}]},"2":{"loc":{"start":{"line":36,"column":16},"end":{"line":36,"column":47}},"type":"binary-expr","locations":[{"start":{"line":36,"column":16},"end":{"line":36,"column":26}},{"start":{"line":36,"column":30},"end":{"line":36,"column":47}}]},"3":{"loc":{"start":{"line":39,"column":17},"end":{"line":40,"column":24}},"type":"if","locations":[{"start":{"line":39,"column":17},"end":{"line":40,"column":24}}]}},"s":{"0":14,"1":14,"2":2,"3":9,"4":7,"5":7,"6":11,"7":11,"8":8,"9":3,"10":3,"11":7,"12":2},"f":{"0":14,"1":9,"2":7,"3":11},"b":{"0":[2],"1":[8,3],"2":[11,8],"3":[3]}}
,"/Users/royossai/WebstormProjects/pond2/src/channel/channelEngine.ts": {"path":"/Users/royossai/WebstormProjects/pond2/src/channel/channelEngine.ts","statementMap":{"0":{"start":{"line":1,"column":0},"end":{"line":1,"column":87}},"1":{"start":{"line":2,"column":0},"end":{"line":2,"column":46}},"2":{"start":{"line":3,"column":0},"end":{"line":3,"column":50}},"3":{"start":{"line":4,"column":0},"end":{"line":4,"column":48}},"4":{"start":{"line":48,"column":8},"end":{"line":48,"column":25}},"5":{"start":{"line":49,"column":8},"end":{"line":49,"column":61}},"6":{"start":{"line":50,"column":8},"end":{"line":50,"column":53}},"7":{"start":{"line":51,"column":8},"end":{"line":51,"column":36}},"8":{"start":{"line":61,"column":24},"end":{"line":61,"column":47}},"9":{"start":{"line":62,"column":8},"end":{"line":63,"column":108}},"10":{"start":{"line":63,"column":12},"end":{"line":63,"column":108}},"11":{"start":{"line":65,"column":8},"end":{"line":65,"column":41}},"12":{"start":{"line":66,"column":8},"end":{"line":66,"column":50}},"13":{"start":{"line":75,"column":21},"end":{"line":75,"column":44}},"14":{"start":{"line":76,"column":8},"end":{"line":84,"column":108}},"15":{"start":{"line":77,"column":12},"end":{"line":77,"column":39}},"16":{"start":{"line":78,"column":12},"end":{"line":78,"column":47}},"17":{"start":{"line":79,"column":12},"end":{"line":79,"column":47}},"18":{"start":{"line":81,"column":12},"end":{"line":82,"column":52}},"19":{"start":{"line":82,"column":16},"end":{"line":82,"column":52}},"20":{"start":{"line":83,"column":15},"end":{"line":84,"column":108}},"21":{"start":{"line":84,"column":12},"end":{"line":84,"column":108}},"22":{"start":{"line":93,"column":8},"end":{"line":96,"column":11}},"23":{"start":{"line":97,"column":8},"end":{"line":97,"column":32}},"24":{"start":{"line":98,"column":8},"end":{"line":100,"column":11}},"25":{"start":{"line":108,"column":8},"end":{"line":111,"column":11}},"26":{"start":{"line":112,"column":8},"end":{"line":112,"column":44}},"27":{"start":{"line":113,"column":8},"end":{"line":113,"column":79}},"28":{"start":{"line":113,"column":43},"end":{"line":113,"column":77}},"29":{"start":{"line":122,"column":8},"end":{"line":122,"column":76}},"30":{"start":{"line":123,"column":8},"end":{"line":124,"column":108}},"31":{"start":{"line":124,"column":12},"end":{"line":124,"column":108}},"32":{"start":{"line":126,"column":8},"end":{"line":127,"column":129}},"33":{"start":{"line":127,"column":12},"end":{"line":127,"column":129}},"34":{"start":{"line":129,"column":8},"end":{"line":131,"column":11}},"35":{"start":{"line":130,"column":12},"end":{"line":130,"column":71}},"36":{"start":{"line":140,"column":8},"end":{"line":141,"column":108}},"37":{"start":{"line":141,"column":12},"end":{"line":141,"column":108}},"38":{"start":{"line":143,"column":8},"end":{"line":147,"column":81}},"39":{"start":{"line":144,"column":12},"end":{"line":144,"column":66}},"40":{"start":{"line":147,"column":12},"end":{"line":147,"column":81}},"41":{"start":{"line":156,"column":21},"end":{"line":156,"column":44}},"42":{"start":{"line":157,"column":8},"end":{"line":160,"column":108}},"43":{"start":{"line":158,"column":12},"end":{"line":158,"column":70}},"44":{"start":{"line":160,"column":12},"end":{"line":160,"column":108}},"45":{"start":{"line":168,"column":25},"end":{"line":168,"column":97}},"46":{"start":{"line":169,"column":8},"end":{"line":176,"column":29}},"47":{"start":{"line":170,"column":12},"end":{"line":174,"column":14}},"48":{"start":{"line":176,"column":12},"end":{"line":176,"column":29}},"49":{"start":{"line":183,"column":37},"end":{"line":183,"column":39}},"50":{"start":{"line":184,"column":8},"end":{"line":186,"column":11}},"51":{"start":{"line":185,"column":12},"end":{"line":185,"column":33}},"52":{"start":{"line":187,"column":8},"end":{"line":187,"column":23}},"53":{"start":{"line":194,"column":8},"end":{"line":197,"column":22}},"54":{"start":{"line":195,"column":12},"end":{"line":195,"column":54}},"55":{"start":{"line":197,"column":12},"end":{"line":197,"column":22}},"56":{"start":{"line":209,"column":8},"end":{"line":235,"column":null}},"57":{"start":{"line":210,"column":12},"end":{"line":210,"column":58}},"58":{"start":{"line":212,"column":13},"end":{"line":235,"column":null}},"59":{"start":{"line":213,"column":12},"end":{"line":213,"column":108}},"60":{"start":{"line":216,"column":56},"end":{"line":221,"column":null}},"61":{"start":{"line":223,"column":28},"end":{"line":223,"column":67}},"62":{"start":{"line":224,"column":29},"end":{"line":227,"column":14}},"63":{"start":{"line":225,"column":16},"end":{"line":226,"column":66}},"64":{"start":{"line":226,"column":20},"end":{"line":226,"column":66}},"65":{"start":{"line":229,"column":12},"end":{"line":234,"column":15}},"66":{"start":{"line":230,"column":16},"end":{"line":233,"column":19}},"67":{"start":{"line":244,"column":8},"end":{"line":248,"column":60}},"68":{"start":{"line":245,"column":12},"end":{"line":248,"column":60}},"69":{"start":{"line":246,"column":16},"end":{"line":246,"column":60}},"70":{"start":{"line":247,"column":17},"end":{"line":248,"column":60}},"71":{"start":{"line":248,"column":16},"end":{"line":248,"column":60}},"72":{"start":{"line":258,"column":8},"end":{"line":265,"column":11}},"73":{"start":{"line":259,"column":12},"end":{"line":264,"column":19}},"74":{"start":{"line":260,"column":16},"end":{"line":264,"column":19}},"75":{"start":{"line":277,"column":25},"end":{"line":277,"column":55}},"76":{"start":{"line":280,"column":8},"end":{"line":296,"column":null}},"77":{"start":{"line":282,"column":16},"end":{"line":282,"column":33}},"78":{"start":{"line":283,"column":16},"end":{"line":283,"column":22}},"79":{"start":{"line":285,"column":16},"end":{"line":286,"column":116}},"80":{"start":{"line":286,"column":20},"end":{"line":286,"column":116}},"81":{"start":{"line":288,"column":16},"end":{"line":288,"column":65}},"82":{"start":{"line":288,"column":48},"end":{"line":288,"column":63}},"83":{"start":{"line":289,"column":16},"end":{"line":289,"column":22}},"84":{"start":{"line":291,"column":36},"end":{"line":291,"column":86}},"85":{"start":{"line":291,"column":61},"end":{"line":291,"column":85}},"86":{"start":{"line":292,"column":16},"end":{"line":293,"column":118}},"87":{"start":{"line":293,"column":20},"end":{"line":293,"column":118}},"88":{"start":{"line":295,"column":16},"end":{"line":295,"column":34}},"89":{"start":{"line":298,"column":8},"end":{"line":303,"column":11}},"90":{"start":{"line":40,"column":0},"end":{"line":40,"column":13}}},"fnMap":{"0":{"name":"(anonymous_0)","decl":{"start":{"line":47,"column":4},"end":{"line":47,"column":16}},"loc":{"start":{"line":47,"column":50},"end":{"line":52,"column":5}}},"1":{"name":"(anonymous_1)","decl":{"start":{"line":60,"column":11},"end":{"line":60,"column":18}},"loc":{"start":{"line":60,"column":97},"end":{"line":67,"column":5}}},"2":{"name":"(anonymous_2)","decl":{"start":{"line":74,"column":11},"end":{"line":74,"column":21}},"loc":{"start":{"line":74,"column":52},"end":{"line":85,"column":5}}},"3":{"name":"(anonymous_3)","decl":{"start":{"line":92,"column":11},"end":{"line":92,"column":19}},"loc":{"start":{"line":92,"column":50},"end":{"line":101,"column":5}}},"4":{"name":"(anonymous_4)","decl":{"start":{"line":107,"column":11},"end":{"line":107,"column":18}},"loc":{"start":{"line":107,"column":33},"end":{"line":114,"column":5}}},"5":{"name":"(anonymous_5)","decl":{"start":{"line":113,"column":28},"end":{"line":113,"column":29}},"loc":{"start":{"line":113,"column":43},"end":{"line":113,"column":77}}},"6":{"name":"(anonymous_6)","decl":{"start":{"line":121,"column":11},"end":{"line":121,"column":24}},"loc":{"start":{"line":121,"column":63},"end":{"line":132,"column":5}}},"7":{"name":"(anonymous_7)","decl":{"start":{"line":129,"column":61},"end":{"line":129,"column":67}},"loc":{"start":{"line":129,"column":70},"end":{"line":131,"column":9}}},"8":{"name":"(anonymous_8)","decl":{"start":{"line":139,"column":11},"end":{"line":139,"column":25}},"loc":{"start":{"line":139,"column":64},"end":{"line":148,"column":5}}},"9":{"name":"(anonymous_9)","decl":{"start":{"line":155,"column":11},"end":{"line":155,"column":24}},"loc":{"start":{"line":155,"column":61},"end":{"line":161,"column":5}}},"10":{"name":"(anonymous_10)","decl":{"start":{"line":167,"column":11},"end":{"line":167,"column":22}},"loc":{"start":{"line":167,"column":37},"end":{"line":177,"column":5}}},"11":{"name":"(anonymous_11)","decl":{"start":{"line":182,"column":11},"end":{"line":182,"column":21}},"loc":{"start":{"line":182,"column":21},"end":{"line":188,"column":5}}},"12":{"name":"(anonymous_12)","decl":{"start":{"line":184,"column":28},"end":{"line":184,"column":29}},"loc":{"start":{"line":184,"column":43},"end":{"line":186,"column":9}}},"13":{"name":"(anonymous_13)","decl":{"start":{"line":193,"column":11},"end":{"line":193,"column":22}},"loc":{"start":{"line":193,"column":22},"end":{"line":198,"column":5}}},"14":{"name":"(anonymous_14)","decl":{"start":{"line":208,"column":11},"end":{"line":208,"column":20}},"loc":{"start":{"line":208,"column":156},"end":{"line":236,"column":5}}},"15":{"name":"(anonymous_15)","decl":{"start":{"line":224,"column":70},"end":{"line":224,"column":74}},"loc":{"start":{"line":224,"column":77},"end":{"line":227,"column":13}}},"16":{"name":"(anonymous_16)","decl":{"start":{"line":229,"column":58},"end":{"line":229,"column":61}},"loc":{"start":{"line":229,"column":63},"end":{"line":234,"column":13}}},"17":{"name":"(anonymous_17)","decl":{"start":{"line":243,"column":11},"end":{"line":243,"column":26}},"loc":{"start":{"line":243,"column":66},"end":{"line":249,"column":5}}},"18":{"name":"(anonymous_18)","decl":{"start":{"line":257,"column":12},"end":{"line":257,"column":22}},"loc":{"start":{"line":257,"column":79},"end":{"line":266,"column":5}}},"19":{"name":"(anonymous_19)","decl":{"start":{"line":258,"column":41},"end":{"line":258,"column":46}},"loc":{"start":{"line":258,"column":49},"end":{"line":265,"column":9}}},"20":{"name":"(anonymous_20)","decl":{"start":{"line":276,"column":12},"end":{"line":276,"column":17}},"loc":{"start":{"line":276,"column":106},"end":{"line":304,"column":5}}},"21":{"name":"(anonymous_21)","decl":{"start":{"line":288,"column":40},"end":{"line":288,"column":44}},"loc":{"start":{"line":288,"column":48},"end":{"line":288,"column":63}}},"22":{"name":"(anonymous_22)","decl":{"start":{"line":291,"column":53},"end":{"line":291,"column":57}},"loc":{"start":{"line":291,"column":61},"end":{"line":291,"column":85}}}},"branchMap":{"0":{"loc":{"start":{"line":62,"column":8},"end":{"line":63,"column":108}},"type":"if","locations":[{"start":{"line":62,"column":8},"end":{"line":63,"column":108}}]},"1":{"loc":{"start":{"line":74,"column":38},"end":{"line":74,"column":52}},"type":"default-arg","locations":[{"start":{"line":74,"column":47},"end":{"line":74,"column":52}}]},"2":{"loc":{"start":{"line":76,"column":8},"end":{"line":84,"column":108}},"type":"if","locations":[{"start":{"line":76,"column":8},"end":{"line":84,"column":108}},{"start":{"line":83,"column":15},"end":{"line":84,"column":108}}]},"3":{"loc":{"start":{"line":81,"column":12},"end":{"line":82,"column":52}},"type":"if","locations":[{"start":{"line":81,"column":12},"end":{"line":82,"column":52}}]},"4":{"loc":{"start":{"line":83,"column":15},"end":{"line":84,"column":108}},"type":"if","locations":[{"start":{"line":83,"column":15},"end":{"line":84,"column":108}}]},"5":{"loc":{"start":{"line":122,"column":31},"end":{"line":122,"column":75}},"type":"binary-expr","locations":[{"start":{"line":122,"column":31},"end":{"line":122,"column":51}},{"start":{"line":122,"column":55},"end":{"line":122,"column":75}}]},"6":{"loc":{"start":{"line":123,"column":8},"end":{"line":124,"column":108}},"type":"if","locations":[{"start":{"line":123,"column":8},"end":{"line":124,"column":108}}]},"7":{"loc":{"start":{"line":126,"column":8},"end":{"line":127,"column":129}},"type":"if","locations":[{"start":{"line":126,"column":8},"end":{"line":127,"column":129}}]},"8":{"loc":{"start":{"line":140,"column":8},"end":{"line":141,"column":108}},"type":"if","locations":[{"start":{"line":140,"column":8},"end":{"line":141,"column":108}}]},"9":{"loc":{"start":{"line":143,"column":8},"end":{"line":147,"column":81}},"type":"if","locations":[{"start":{"line":143,"column":8},"end":{"line":147,"column":81}},{"start":{"line":147,"column":12},"end":{"line":147,"column":81}}]},"10":{"loc":{"start":{"line":157,"column":8},"end":{"line":160,"column":108}},"type":"if","locations":[{"start":{"line":157,"column":8},"end":{"line":160,"column":108}},{"start":{"line":160,"column":12},"end":{"line":160,"column":108}}]},"11":{"loc":{"start":{"line":168,"column":25},"end":{"line":168,"column":97}},"type":"cond-expr","locations":[{"start":{"line":168,"column":48},"end":{"line":168,"column":92}},{"start":{"line":168,"column":95},"end":{"line":168,"column":97}}]},"12":{"loc":{"start":{"line":169,"column":8},"end":{"line":176,"column":29}},"type":"if","locations":[{"start":{"line":169,"column":8},"end":{"line":176,"column":29}},{"start":{"line":176,"column":12},"end":{"line":176,"column":29}}]},"13":{"loc":{"start":{"line":173,"column":26},"end":{"line":173,"column":40}},"type":"binary-expr","locations":[{"start":{"line":173,"column":26},"end":{"line":173,"column":34}},{"start":{"line":173,"column":38},"end":{"line":173,"column":40}}]},"14":{"loc":{"start":{"line":194,"column":8},"end":{"line":197,"column":22}},"type":"if","locations":[{"start":{"line":194,"column":8},"end":{"line":197,"column":22}},{"start":{"line":197,"column":12},"end":{"line":197,"column":22}}]},"15":{"loc":{"start":{"line":208,"column":87},"end":{"line":208,"column":121}},"type":"default-arg","locations":[{"start":{"line":208,"column":112},"end":{"line":208,"column":121}}]},"16":{"loc":{"start":{"line":208,"column":123},"end":{"line":208,"column":156}},"type":"default-arg","locations":[{"start":{"line":208,"column":151},"end":{"line":208,"column":156}}]},"17":{"loc":{"start":{"line":209,"column":8},"end":{"line":235,"column":null}},"type":"if","locations":[{"start":{"line":209,"column":8},"end":{"line":235,"column":null}},{"start":{"line":212,"column":13},"end":{"line":235,"column":null}}]},"18":{"loc":{"start":{"line":209,"column":12},"end":{"line":209,"column":52}},"type":"binary-expr","locations":[{"start":{"line":209,"column":12},"end":{"line":209,"column":32}},{"start":{"line":209,"column":36},"end":{"line":209,"column":52}}]},"19":{"loc":{"start":{"line":212,"column":13},"end":{"line":235,"column":null}},"type":"if","locations":[{"start":{"line":212,"column":13},"end":{"line":235,"column":null}},{"start":{"line":215,"column":13},"end":{"line":235,"column":null}}]},"20":{"loc":{"start":{"line":225,"column":16},"end":{"line":226,"column":66}},"type":"if","locations":[{"start":{"line":225,"column":16},"end":{"line":226,"column":66}}]},"21":{"loc":{"start":{"line":243,"column":43},"end":{"line":243,"column":66}},"type":"default-arg","locations":[{"start":{"line":243,"column":61},"end":{"line":243,"column":66}}]},"22":{"loc":{"start":{"line":244,"column":8},"end":{"line":248,"column":60}},"type":"if","locations":[{"start":{"line":244,"column":8},"end":{"line":248,"column":60}}]},"23":{"loc":{"start":{"line":245,"column":12},"end":{"line":248,"column":60}},"type":"if","locations":[{"start":{"line":245,"column":12},"end":{"line":248,"column":60}},{"start":{"line":247,"column":17},"end":{"line":248,"column":60}}]},"24":{"loc":{"start":{"line":245,"column":16},"end":{"line":245,"column":70}},"type":"binary-expr","locations":[{"start":{"line":245,"column":16},"end":{"line":245,"column":22}},{"start":{"line":245,"column":26},"end":{"line":245,"column":70}}]},"25":{"loc":{"start":{"line":247,"column":17},"end":{"line":248,"column":60}},"type":"if","locations":[{"start":{"line":247,"column":17},"end":{"line":248,"column":60}}]},"26":{"loc":{"start":{"line":259,"column":12},"end":{"line":264,"column":19}},"type":"if","locations":[{"start":{"line":259,"column":12},"end":{"line":264,"column":19}}]},"27":{"loc":{"start":{"line":280,"column":8},"end":{"line":296,"column":null}},"type":"switch","locations":[{"start":{"line":281,"column":12},"end":{"line":283,"column":22}},{"start":{"line":284,"column":12},"end":{"line":289,"column":22}},{"start":{"line":290,"column":12},"end":{"line":295,"column":34}}]},"28":{"loc":{"start":{"line":285,"column":16},"end":{"line":286,"column":116}},"type":"if","locations":[{"start":{"line":285,"column":16},"end":{"line":286,"column":116}}]},"29":{"loc":{"start":{"line":292,"column":16},"end":{"line":293,"column":118}},"type":"if","locations":[{"start":{"line":292,"column":16},"end":{"line":293,"column":118}}]}},"s":{"0":4,"1":4,"2":4,"3":4,"4":41,"5":41,"6":41,"7":41,"8":44,"9":44,"10":1,"11":43,"12":43,"13":9,"14":9,"15":8,"16":8,"17":8,"18":8,"19":6,"20":1,"21":1,"22":2,"23":2,"24":2,"25":2,"26":2,"27":2,"28":1,"29":12,"30":12,"31":1,"32":11,"33":1,"34":10,"35":15,"36":4,"37":1,"38":3,"39":2,"40":1,"41":2,"42":2,"43":1,"44":1,"45":14,"46":14,"47":10,"48":4,"49":3,"50":3,"51":3,"52":3,"53":4,"54":3,"55":1,"56":20,"57":9,"58":11,"59":3,"60":8,"61":8,"62":8,"63":7,"64":5,"65":8,"66":1,"67":9,"68":1,"69":1,"70":0,"71":0,"72":43,"73":46,"74":33,"75":36,"76":36,"77":7,"78":7,"79":4,"80":1,"81":3,"82":5,"83":3,"84":25,"85":28,"86":25,"87":1,"88":24,"89":34,"90":4},"f":{"0":41,"1":44,"2":9,"3":2,"4":2,"5":1,"6":12,"7":15,"8":4,"9":2,"10":14,"11":3,"12":3,"13":4,"14":20,"15":7,"16":1,"17":9,"18":43,"19":46,"20":36,"21":5,"22":28},"b":{"0":[1],"1":[5],"2":[8,1],"3":[6],"4":[1],"5":[12,9],"6":[1],"7":[1],"8":[1],"9":[2,1],"10":[1,1],"11":[3,11],"12":[10,4],"13":[10,0],"14":[3,1],"15":[6],"16":[18],"17":[9,11],"18":[20,13],"19":[3,8],"20":[5],"21":[1],"22":[1],"23":[1,0],"24":[1,1],"25":[0],"26":[33],"27":[7,4,25],"28":[1],"29":[1]}}
,"/Users/royossai/WebstormProjects/pond2/src/channel/channelRequest.ts": {"path":"/Users/royossai/WebstormProjects/pond2/src/channel/channelRequest.ts","statementMap":{"0":{"start":{"line":3,"column":0},"end":{"line":3,"column":61}},"1":{"start":{"line":9,"column":8},"end":{"line":9,"column":35}},"2":{"start":{"line":10,"column":8},"end":{"line":10,"column":30}},"3":{"start":{"line":14,"column":8},"end":{"line":14,"column":37}},"4":{"start":{"line":18,"column":24},"end":{"line":18,"column":70}},"5":{"start":{"line":20,"column":8},"end":{"line":21,"column":131}},"6":{"start":{"line":21,"column":12},"end":{"line":21,"column":131}},"7":{"start":{"line":23,"column":8},"end":{"line":23,"column":23}},"8":{"start":{"line":5,"column":0},"end":{"line":5,"column":13}}},"fnMap":{"0":{"name":"(anonymous_0)","decl":{"start":{"line":8,"column":4},"end":{"line":8,"column":16}},"loc":{"start":{"line":8,"column":66},"end":{"line":11,"column":5}}},"1":{"name":"(anonymous_1)","decl":{"start":{"line":13,"column":4},"end":{"line":13,"column":15}},"loc":{"start":{"line":13,"column":22},"end":{"line":15,"column":5}}},"2":{"name":"(anonymous_2)","decl":{"start":{"line":17,"column":4},"end":{"line":17,"column":15}},"loc":{"start":{"line":17,"column":19},"end":{"line":24,"column":5}}}},"branchMap":{"0":{"loc":{"start":{"line":20,"column":8},"end":{"line":21,"column":131}},"type":"if","locations":[{"start":{"line":20,"column":8},"end":{"line":21,"column":131}}]}},"s":{"0":4,"1":11,"2":11,"3":1,"4":2,"5":2,"6":1,"7":1,"8":4},"f":{"0":11,"1":1,"2":2},"b":{"0":[1]}}
,"/Users/royossai/WebstormProjects/pond2/src/channel/channelResponse.ts": {"path":"/Users/royossai/WebstormProjects/pond2/src/channel/channelResponse.ts","statementMap":{"0":{"start":{"line":1,"column":0},"end":{"line":1,"column":72}},"1":{"start":{"line":12,"column":8},"end":{"line":12,"column":16}},"2":{"start":{"line":9,"column":12},"end":{"line":9,"column":42}},"3":{"start":{"line":13,"column":8},"end":{"line":13,"column":28}},"4":{"start":{"line":14,"column":8},"end":{"line":14,"column":30}},"5":{"start":{"line":15,"column":8},"end":{"line":15,"column":32}},"6":{"start":{"line":22,"column":8},"end":{"line":22,"column":33}},"7":{"start":{"line":30,"column":8},"end":{"line":30,"column":37}},"8":{"start":{"line":31,"column":8},"end":{"line":31,"column":28}},"9":{"start":{"line":32,"column":8},"end":{"line":32,"column":33}},"10":{"start":{"line":33,"column":8},"end":{"line":33,"column":20}},"11":{"start":{"line":43,"column":8},"end":{"line":43,"column":37}},"12":{"start":{"line":44,"column":21},"end":{"line":44,"column":54}},"13":{"start":{"line":45,"column":8},"end":{"line":45,"column":111}},"14":{"start":{"line":46,"column":8},"end":{"line":46,"column":29}},"15":{"start":{"line":47,"column":8},"end":{"line":47,"column":33}},"16":{"start":{"line":48,"column":8},"end":{"line":48,"column":20}},"17":{"start":{"line":58,"column":8},"end":{"line":58,"column":69}},"18":{"start":{"line":59,"column":8},"end":{"line":59,"column":36}},"19":{"start":{"line":68,"column":8},"end":{"line":68,"column":60}},"20":{"start":{"line":69,"column":8},"end":{"line":69,"column":20}},"21":{"start":{"line":78,"column":8},"end":{"line":78,"column":94}},"22":{"start":{"line":79,"column":8},"end":{"line":79,"column":20}},"23":{"start":{"line":89,"column":8},"end":{"line":89,"column":82}},"24":{"start":{"line":90,"column":8},"end":{"line":90,"column":20}},"25":{"start":{"line":99,"column":8},"end":{"line":99,"column":75}},"26":{"start":{"line":100,"column":8},"end":{"line":100,"column":20}},"27":{"start":{"line":109,"column":8},"end":{"line":109,"column":76}},"28":{"start":{"line":110,"column":8},"end":{"line":110,"column":20}},"29":{"start":{"line":118,"column":8},"end":{"line":118,"column":46}},"30":{"start":{"line":119,"column":8},"end":{"line":123,"column":null}},"31":{"start":{"line":120,"column":12},"end":{"line":120,"column":49}},"32":{"start":{"line":122,"column":12},"end":{"line":122,"column":95}},"33":{"start":{"line":125,"column":8},"end":{"line":125,"column":20}},"34":{"start":{"line":134,"column":8},"end":{"line":134,"column":68}},"35":{"start":{"line":135,"column":8},"end":{"line":135,"column":29}},"36":{"start":{"line":136,"column":8},"end":{"line":136,"column":33}},"37":{"start":{"line":144,"column":8},"end":{"line":144,"column":37}},"38":{"start":{"line":145,"column":8},"end":{"line":145,"column":29}},"39":{"start":{"line":146,"column":8},"end":{"line":146,"column":33}},"40":{"start":{"line":155,"column":8},"end":{"line":156,"column":68}},"41":{"start":{"line":156,"column":12},"end":{"line":156,"column":68}},"42":{"start":{"line":5,"column":0},"end":{"line":5,"column":13}}},"fnMap":{"0":{"name":"(anonymous_0)","decl":{"start":{"line":11,"column":4},"end":{"line":11,"column":16}},"loc":{"start":{"line":11,"column":101},"end":{"line":16,"column":5}}},"1":{"name":"(anonymous_1)","decl":{"start":{"line":21,"column":4},"end":{"line":21,"column":15}},"loc":{"start":{"line":21,"column":27},"end":{"line":23,"column":5}}},"2":{"name":"(anonymous_2)","decl":{"start":{"line":29,"column":11},"end":{"line":29,"column":17}},"loc":{"start":{"line":29,"column":39},"end":{"line":34,"column":5}}},"3":{"name":"(anonymous_3)","decl":{"start":{"line":42,"column":11},"end":{"line":42,"column":17}},"loc":{"start":{"line":42,"column":77},"end":{"line":49,"column":5}}},"4":{"name":"(anonymous_4)","decl":{"start":{"line":57,"column":11},"end":{"line":57,"column":15}},"loc":{"start":{"line":57,"column":74},"end":{"line":60,"column":5}}},"5":{"name":"(anonymous_5)","decl":{"start":{"line":67,"column":11},"end":{"line":67,"column":20}},"loc":{"start":{"line":67,"column":56},"end":{"line":70,"column":5}}},"6":{"name":"(anonymous_6)","decl":{"start":{"line":77,"column":11},"end":{"line":77,"column":28}},"loc":{"start":{"line":77,"column":64},"end":{"line":80,"column":5}}},"7":{"name":"(anonymous_7)","decl":{"start":{"line":88,"column":11},"end":{"line":88,"column":22}},"loc":{"start":{"line":88,"column":77},"end":{"line":91,"column":5}}},"8":{"name":"(anonymous_8)","decl":{"start":{"line":98,"column":11},"end":{"line":98,"column":24}},"loc":{"start":{"line":98,"column":64},"end":{"line":101,"column":5}}},"9":{"name":"(anonymous_9)","decl":{"start":{"line":108,"column":11},"end":{"line":108,"column":25}},"loc":{"start":{"line":108,"column":65},"end":{"line":111,"column":5}}},"10":{"name":"(anonymous_10)","decl":{"start":{"line":117,"column":11},"end":{"line":117,"column":26}},"loc":{"start":{"line":117,"column":42},"end":{"line":126,"column":5}}},"11":{"name":"(anonymous_11)","decl":{"start":{"line":133,"column":11},"end":{"line":133,"column":20}},"loc":{"start":{"line":133,"column":52},"end":{"line":137,"column":5}}},"12":{"name":"(anonymous_12)","decl":{"start":{"line":143,"column":11},"end":{"line":143,"column":23}},"loc":{"start":{"line":143,"column":38},"end":{"line":147,"column":5}}},"13":{"name":"(anonymous_13)","decl":{"start":{"line":154,"column":12},"end":{"line":154,"column":26}},"loc":{"start":{"line":154,"column":48},"end":{"line":157,"column":5}}}},"branchMap":{"0":{"loc":{"start":{"line":44,"column":21},"end":{"line":44,"column":54}},"type":"binary-expr","locations":[{"start":{"line":44,"column":21},"end":{"line":44,"column":28}},{"start":{"line":44,"column":32},"end":{"line":44,"column":54}}]},"1":{"loc":{"start":{"line":45,"column":92},"end":{"line":45,"column":108}},"type":"binary-expr","locations":[{"start":{"line":45,"column":92},"end":{"line":45,"column":101}},{"start":{"line":45,"column":105},"end":{"line":45,"column":108}}]},"2":{"loc":{"start":{"line":99,"column":35},"end":{"line":99,"column":63}},"type":"binary-expr","locations":[{"start":{"line":99,"column":35},"end":{"line":99,"column":41}},{"start":{"line":99,"column":45},"end":{"line":99,"column":63}}]},"3":{"loc":{"start":{"line":109,"column":36},"end":{"line":109,"column":64}},"type":"binary-expr","locations":[{"start":{"line":109,"column":36},"end":{"line":109,"column":42}},{"start":{"line":109,"column":46},"end":{"line":109,"column":64}}]},"4":{"loc":{"start":{"line":118,"column":17},"end":{"line":118,"column":45}},"type":"binary-expr","locations":[{"start":{"line":118,"column":17},"end":{"line":118,"column":23}},{"start":{"line":118,"column":27},"end":{"line":118,"column":45}}]},"5":{"loc":{"start":{"line":134,"column":30},"end":{"line":134,"column":58}},"type":"binary-expr","locations":[{"start":{"line":134,"column":30},"end":{"line":134,"column":36}},{"start":{"line":134,"column":40},"end":{"line":134,"column":58}}]},"6":{"loc":{"start":{"line":155,"column":8},"end":{"line":156,"column":68}},"type":"if","locations":[{"start":{"line":155,"column":8},"end":{"line":156,"column":68}}]}},"s":{"0":4,"1":21,"2":21,"3":21,"4":21,"5":21,"6":9,"7":7,"8":7,"9":6,"10":6,"11":3,"12":3,"13":3,"14":3,"15":3,"16":3,"17":1,"18":1,"19":1,"20":1,"21":1,"22":1,"23":1,"24":1,"25":2,"26":2,"27":1,"28":1,"29":1,"30":1,"31":1,"32":0,"33":1,"34":1,"35":1,"36":1,"37":1,"38":1,"39":1,"40":10,"41":0,"42":4},"f":{"0":21,"1":9,"2":7,"3":3,"4":1,"5":1,"6":1,"7":1,"8":2,"9":1,"10":1,"11":1,"12":1,"13":10},"b":{"0":[3,2],"1":[3,3],"2":[2,2],"3":[1,1],"4":[1,1],"5":[1,1],"6":[0]}}
,"/Users/royossai/WebstormProjects/pond2/src/endpoint/endpointEngine.ts": {"path":"/Users/royossai/WebstormProjects/pond2/src/endpoint/endpointEngine.ts","statementMap":{"0":{"start":{"line":2,"column":0},"end":{"line":2,"column":71}},"1":{"start":{"line":7,"column":0},"end":{"line":7,"column":83}},"2":{"start":{"line":23,"column":0},"end":{"line":23,"column":null}},"3":{"start":{"line":24,"column":4},"end":{"line":24,"column":null}},"4":{"start":{"line":25,"column":4},"end":{"line":25,"column":null}},"5":{"start":{"line":26,"column":4},"end":{"line":26,"column":null}},"6":{"start":{"line":27,"column":4},"end":{"line":27,"column":null}},"7":{"start":{"line":28,"column":4},"end":{"line":28,"column":null}},"8":{"start":{"line":29,"column":4},"end":{"line":29,"column":null}},"9":{"start":{"line":50,"column":8},"end":{"line":50,"column":30}},"10":{"start":{"line":51,"column":8},"end":{"line":51,"column":28}},"11":{"start":{"line":52,"column":8},"end":{"line":52,"column":34}},"12":{"start":{"line":53,"column":8},"end":{"line":53,"column":43}},"13":{"start":{"line":54,"column":8},"end":{"line":54,"column":32}},"14":{"start":{"line":66,"column":24},"end":{"line":66,"column":47}},"15":{"start":{"line":67,"column":8},"end":{"line":67,"column":45}},"16":{"start":{"line":74,"column":8},"end":{"line":74,"column":64}},"17":{"start":{"line":74,"column":54},"end":{"line":74,"column":62}},"18":{"start":{"line":81,"column":8},"end":{"line":81,"column":34}},"19":{"start":{"line":90,"column":8},"end":{"line":93,"column":11}},"20":{"start":{"line":91,"column":42},"end":{"line":91,"column":81}},"21":{"start":{"line":92,"column":12},"end":{"line":92,"column":47}},"22":{"start":{"line":101,"column":24},"end":{"line":101,"column":79}},"23":{"start":{"line":103,"column":8},"end":{"line":107,"column":11}},"24":{"start":{"line":105,"column":16},"end":{"line":106,"column":35}},"25":{"start":{"line":106,"column":20},"end":{"line":106,"column":35}},"26":{"start":{"line":118,"column":25},"end":{"line":118,"column":49}},"27":{"start":{"line":119,"column":17},"end":{"line":121,"column":null}},"28":{"start":{"line":124,"column":56},"end":{"line":151,"column":9}},"29":{"start":{"line":125,"column":12},"end":{"line":128,"column":null}},"30":{"start":{"line":126,"column":16},"end":{"line":126,"column":90}},"31":{"start":{"line":127,"column":16},"end":{"line":127,"column":40}},"32":{"start":{"line":130,"column":12},"end":{"line":150,"column":15}},"33":{"start":{"line":131,"column":16},"end":{"line":131,"column":52}},"34":{"start":{"line":132,"column":49},"end":{"line":136,"column":18}},"35":{"start":{"line":138,"column":16},"end":{"line":138,"column":47}},"36":{"start":{"line":139,"column":16},"end":{"line":139,"column":48}},"37":{"start":{"line":141,"column":16},"end":{"line":149,"column":null}},"38":{"start":{"line":142,"column":53},"end":{"line":146,"column":22}},"39":{"start":{"line":148,"column":20},"end":{"line":148,"column":54}},"40":{"start":{"line":153,"column":20},"end":{"line":153,"column":50}},"41":{"start":{"line":154,"column":8},"end":{"line":154,"column":32}},"42":{"start":{"line":163,"column":23},"end":{"line":163,"column":35}},"43":{"start":{"line":164,"column":8},"end":{"line":166,"column":11}},"44":{"start":{"line":165,"column":12},"end":{"line":165,"column":null}},"45":{"start":{"line":168,"column":8},"end":{"line":171,"column":11}},"46":{"start":{"line":169,"column":12},"end":{"line":170,"column":76}},"47":{"start":{"line":170,"column":40},"end":{"line":170,"column":74}},"48":{"start":{"line":173,"column":8},"end":{"line":176,"column":11}},"49":{"start":{"line":174,"column":12},"end":{"line":175,"column":76}},"50":{"start":{"line":175,"column":40},"end":{"line":175,"column":74}},"51":{"start":{"line":185,"column":8},"end":{"line":185,"column":45}},"52":{"start":{"line":196,"column":8},"end":{"line":207,"column":null}},"53":{"start":{"line":197,"column":26},"end":{"line":197,"column":65}},"54":{"start":{"line":198,"column":12},"end":{"line":206,"column":null}},"55":{"start":{"line":199,"column":29},"end":{"line":202,"column":null}},"56":{"start":{"line":205,"column":16},"end":{"line":205,"column":48}},"57":{"start":{"line":209,"column":8},"end":{"line":209,"column":76}},"58":{"start":{"line":219,"column":8},"end":{"line":223,"column":null}},"59":{"start":{"line":220,"column":30},"end":{"line":220,"column":70}},"60":{"start":{"line":221,"column":12},"end":{"line":222,"column":57}},"61":{"start":{"line":222,"column":16},"end":{"line":222,"column":57}},"62":{"start":{"line":225,"column":8},"end":{"line":225,"column":76}},"63":{"start":{"line":234,"column":8},"end":{"line":268,"column":null}},"64":{"start":{"line":236,"column":16},"end":{"line":236,"column":79}},"65":{"start":{"line":237,"column":16},"end":{"line":237,"column":22}},"66":{"start":{"line":240,"column":16},"end":{"line":242,"column":19}},"67":{"start":{"line":241,"column":20},"end":{"line":241,"column":55}},"68":{"start":{"line":243,"column":16},"end":{"line":243,"column":22}},"69":{"start":{"line":246,"column":16},"end":{"line":248,"column":19}},"70":{"start":{"line":247,"column":20},"end":{"line":247,"column":107}},"71":{"start":{"line":249,"column":16},"end":{"line":249,"column":22}},"72":{"start":{"line":252,"column":16},"end":{"line":254,"column":19}},"73":{"start":{"line":253,"column":20},"end":{"line":253,"column":99}},"74":{"start":{"line":255,"column":16},"end":{"line":255,"column":22}},"75":{"start":{"line":258,"column":16},"end":{"line":260,"column":19}},"76":{"start":{"line":259,"column":20},"end":{"line":259,"column":111}},"77":{"start":{"line":261,"column":16},"end":{"line":261,"column":22}},"78":{"start":{"line":264,"column":16},"end":{"line":266,"column":19}},"79":{"start":{"line":265,"column":20},"end":{"line":265,"column":76}},"80":{"start":{"line":267,"column":16},"end":{"line":267,"column":22}},"81":{"start":{"line":278,"column":43},"end":{"line":282,"column":10}},"82":{"start":{"line":284,"column":8},"end":{"line":322,"column":null}},"83":{"start":{"line":285,"column":25},"end":{"line":285,"column":61}},"84":{"start":{"line":287,"column":12},"end":{"line":303,"column":49}},"85":{"start":{"line":288,"column":16},"end":{"line":290,"column":18}},"86":{"start":{"line":292,"column":17},"end":{"line":303,"column":49}},"87":{"start":{"line":293,"column":16},"end":{"line":295,"column":18}},"88":{"start":{"line":297,"column":17},"end":{"line":303,"column":49}},"89":{"start":{"line":298,"column":16},"end":{"line":300,"column":18}},"90":{"start":{"line":303,"column":16},"end":{"line":303,"column":49}},"91":{"start":{"line":305,"column":12},"end":{"line":306,"column":62}},"92":{"start":{"line":306,"column":16},"end":{"line":306,"column":62}},"93":{"start":{"line":309,"column":12},"end":{"line":321,"column":null}},"94":{"start":{"line":310,"column":16},"end":{"line":312,"column":null}},"95":{"start":{"line":313,"column":16},"end":{"line":313,"column":62}},"96":{"start":{"line":315,"column":19},"end":{"line":321,"column":null}},"97":{"start":{"line":316,"column":16},"end":{"line":318,"column":null}},"98":{"start":{"line":320,"column":16},"end":{"line":320,"column":62}},"99":{"start":{"line":331,"column":8},"end":{"line":331,"column":45}},"100":{"start":{"line":339,"column":17},"end":{"line":339,"column":19}},"101":{"start":{"line":340,"column":22},"end":{"line":340,"column":86}},"102":{"start":{"line":341,"column":8},"end":{"line":343,"column":null}},"103":{"start":{"line":341,"column":21},"end":{"line":341,"column":22}},"104":{"start":{"line":342,"column":12},"end":{"line":342,"column":73}},"105":{"start":{"line":345,"column":8},"end":{"line":345,"column":18}},"106":{"start":{"line":42,"column":0},"end":{"line":42,"column":13}}},"fnMap":{"0":{"name":"(anonymous_0)","decl":{"start":{"line":23,"column":0},"end":{"line":23,"column":12}},"loc":{"start":{"line":23,"column":25},"end":{"line":30,"column":1}}},"1":{"name":"(anonymous_1)","decl":{"start":{"line":49,"column":4},"end":{"line":49,"column":16}},"loc":{"start":{"line":49,"column":65},"end":{"line":55,"column":5}}},"2":{"name":"(anonymous_2)","decl":{"start":{"line":65,"column":11},"end":{"line":65,"column":21}},"loc":{"start":{"line":65,"column":58},"end":{"line":68,"column":5}}},"3":{"name":"(anonymous_3)","decl":{"start":{"line":73,"column":11},"end":{"line":73,"column":26}},"loc":{"start":{"line":73,"column":26},"end":{"line":75,"column":5}}},"4":{"name":"(anonymous_4)","decl":{"start":{"line":74,"column":38},"end":{"line":74,"column":39}},"loc":{"start":{"line":74,"column":54},"end":{"line":74,"column":62}}},"5":{"name":"(anonymous_5)","decl":{"start":{"line":80,"column":11},"end":{"line":80,"column":21}},"loc":{"start":{"line":80,"column":21},"end":{"line":82,"column":5}}},"6":{"name":"(anonymous_6)","decl":{"start":{"line":89,"column":11},"end":{"line":89,"column":20}},"loc":{"start":{"line":89,"column":56},"end":{"line":94,"column":5}}},"7":{"name":"(anonymous_7)","decl":{"start":{"line":90,"column":30},"end":{"line":90,"column":31}},"loc":{"start":{"line":90,"column":43},"end":{"line":93,"column":9}}},"8":{"name":"(anonymous_8)","decl":{"start":{"line":100,"column":11},"end":{"line":100,"column":26}},"loc":{"start":{"line":100,"column":55},"end":{"line":108,"column":5}}},"9":{"name":"(anonymous_9)","decl":{"start":{"line":104,"column":21},"end":{"line":104,"column":22}},"loc":{"start":{"line":104,"column":44},"end":{"line":107,"column":9}}},"10":{"name":"(anonymous_10)","decl":{"start":{"line":117,"column":11},"end":{"line":117,"column":31}},"loc":{"start":{"line":117,"column":111},"end":{"line":155,"column":5}}},"11":{"name":"(anonymous_11)","decl":{"start":{"line":124,"column":56},"end":{"line":124,"column":57}},"loc":{"start":{"line":124,"column":74},"end":{"line":151,"column":9}}},"12":{"name":"(anonymous_12)","decl":{"start":{"line":130,"column":62},"end":{"line":130,"column":63}},"loc":{"start":{"line":130,"column":69},"end":{"line":150,"column":13}}},"13":{"name":"(anonymous_13)","decl":{"start":{"line":162,"column":12},"end":{"line":162,"column":25}},"loc":{"start":{"line":162,"column":44},"end":{"line":177,"column":5}}},"14":{"name":"(anonymous_14)","decl":{"start":{"line":164,"column":43},"end":{"line":164,"column":44}},"loc":{"start":{"line":164,"column":55},"end":{"line":166,"column":9}}},"15":{"name":"(anonymous_15)","decl":{"start":{"line":168,"column":41},"end":{"line":168,"column":44}},"loc":{"start":{"line":168,"column":46},"end":{"line":171,"column":9}}},"16":{"name":"(anonymous_16)","decl":{"start":{"line":170,"column":25},"end":{"line":170,"column":26}},"loc":{"start":{"line":170,"column":40},"end":{"line":170,"column":74}}},"17":{"name":"(anonymous_17)","decl":{"start":{"line":173,"column":41},"end":{"line":173,"column":44}},"loc":{"start":{"line":173,"column":46},"end":{"line":176,"column":9}}},"18":{"name":"(anonymous_18)","decl":{"start":{"line":175,"column":25},"end":{"line":175,"column":26}},"loc":{"start":{"line":175,"column":40},"end":{"line":175,"column":74}}},"19":{"name":"(anonymous_19)","decl":{"start":{"line":184,"column":12},"end":{"line":184,"column":24}},"loc":{"start":{"line":184,"column":65},"end":{"line":186,"column":5}}},"20":{"name":"(anonymous_20)","decl":{"start":{"line":195,"column":12},"end":{"line":195,"column":24}},"loc":{"start":{"line":195,"column":94},"end":{"line":210,"column":5}}},"21":{"name":"(anonymous_21)","decl":{"start":{"line":218,"column":12},"end":{"line":218,"column":20}},"loc":{"start":{"line":218,"column":81},"end":{"line":226,"column":5}}},"22":{"name":"(anonymous_22)","decl":{"start":{"line":233,"column":12},"end":{"line":233,"column":26}},"loc":{"start":{"line":233,"column":69},"end":{"line":269,"column":5}}},"23":{"name":"(anonymous_23)","decl":{"start":{"line":240,"column":51},"end":{"line":240,"column":52}},"loc":{"start":{"line":240,"column":63},"end":{"line":242,"column":17}}},"24":{"name":"(anonymous_24)","decl":{"start":{"line":246,"column":51},"end":{"line":246,"column":52}},"loc":{"start":{"line":246,"column":63},"end":{"line":248,"column":17}}},"25":{"name":"(anonymous_25)","decl":{"start":{"line":252,"column":51},"end":{"line":252,"column":52}},"loc":{"start":{"line":252,"column":63},"end":{"line":254,"column":17}}},"26":{"name":"(anonymous_26)","decl":{"start":{"line":258,"column":51},"end":{"line":258,"column":52}},"loc":{"start":{"line":258,"column":63},"end":{"line":260,"column":17}}},"27":{"name":"(anonymous_27)","decl":{"start":{"line":264,"column":51},"end":{"line":264,"column":52}},"loc":{"start":{"line":264,"column":63},"end":{"line":266,"column":17}}},"28":{"name":"(anonymous_28)","decl":{"start":{"line":277,"column":12},"end":{"line":277,"column":24}},"loc":{"start":{"line":277,"column":60},"end":{"line":323,"column":5}}},"29":{"name":"(anonymous_29)","decl":{"start":{"line":330,"column":12},"end":{"line":330,"column":26}},"loc":{"start":{"line":330,"column":51},"end":{"line":332,"column":5}}},"30":{"name":"(anonymous_30)","decl":{"start":{"line":338,"column":12},"end":{"line":338,"column":29}},"loc":{"start":{"line":338,"column":29},"end":{"line":346,"column":5}}}},"branchMap":{"0":{"loc":{"start":{"line":23,"column":12},"end":{"line":23,"column":null}},"type":"binary-expr","locations":[{"start":{"line":23,"column":12},"end":{"line":23,"column":25}},{"start":{"line":23,"column":12},"end":{"line":23,"column":null}}]},"1":{"loc":{"start":{"line":101,"column":24},"end":{"line":101,"column":79}},"type":"cond-expr","locations":[{"start":{"line":101,"column":56},"end":{"line":101,"column":67}},{"start":{"line":101,"column":70},"end":{"line":101,"column":79}}]},"2":{"loc":{"start":{"line":105,"column":16},"end":{"line":106,"column":35}},"type":"if","locations":[{"start":{"line":105,"column":16},"end":{"line":106,"column":35}}]},"3":{"loc":{"start":{"line":125,"column":12},"end":{"line":128,"column":null}},"type":"if","locations":[{"start":{"line":125,"column":12},"end":{"line":128,"column":null}}]},"4":{"loc":{"start":{"line":141,"column":16},"end":{"line":149,"column":null}},"type":"if","locations":[{"start":{"line":141,"column":16},"end":{"line":149,"column":null}}]},"5":{"loc":{"start":{"line":198,"column":12},"end":{"line":206,"column":null}},"type":"if","locations":[{"start":{"line":198,"column":12},"end":{"line":206,"column":null}}]},"6":{"loc":{"start":{"line":221,"column":12},"end":{"line":222,"column":57}},"type":"if","locations":[{"start":{"line":221,"column":12},"end":{"line":222,"column":57}}]},"7":{"loc":{"start":{"line":234,"column":8},"end":{"line":268,"column":null}},"type":"switch","locations":[{"start":{"line":235,"column":12},"end":{"line":237,"column":22}},{"start":{"line":239,"column":12},"end":{"line":243,"column":22}},{"start":{"line":245,"column":12},"end":{"line":249,"column":22}},{"start":{"line":251,"column":12},"end":{"line":255,"column":22}},{"start":{"line":257,"column":12},"end":{"line":261,"column":22}},{"start":{"line":263,"column":12},"end":{"line":267,"column":22}}]},"8":{"loc":{"start":{"line":259,"column":38},"end":{"line":259,"column":61}},"type":"binary-expr","locations":[{"start":{"line":259,"column":38},"end":{"line":259,"column":55}},{"start":{"line":259,"column":59},"end":{"line":259,"column":61}}]},"9":{"loc":{"start":{"line":287,"column":12},"end":{"line":303,"column":49}},"type":"if","locations":[{"start":{"line":287,"column":12},"end":{"line":303,"column":49}},{"start":{"line":292,"column":17},"end":{"line":303,"column":49}}]},"10":{"loc":{"start":{"line":292,"column":17},"end":{"line":303,"column":49}},"type":"if","locations":[{"start":{"line":292,"column":17},"end":{"line":303,"column":49}},{"start":{"line":297,"column":17},"end":{"line":303,"column":49}}]},"11":{"loc":{"start":{"line":297,"column":17},"end":{"line":303,"column":49}},"type":"if","locations":[{"start":{"line":297,"column":17},"end":{"line":303,"column":49}},{"start":{"line":303,"column":16},"end":{"line":303,"column":49}}]},"12":{"loc":{"start":{"line":305,"column":12},"end":{"line":306,"column":62}},"type":"if","locations":[{"start":{"line":305,"column":12},"end":{"line":306,"column":62}}]},"13":{"loc":{"start":{"line":309,"column":12},"end":{"line":321,"column":null}},"type":"if","locations":[{"start":{"line":309,"column":12},"end":{"line":321,"column":null}},{"start":{"line":315,"column":19},"end":{"line":321,"column":null}}]},"14":{"loc":{"start":{"line":315,"column":19},"end":{"line":321,"column":null}},"type":"if","locations":[{"start":{"line":315,"column":19},"end":{"line":321,"column":null}}]}},"s":{"0":2,"1":2,"2":2,"3":2,"4":2,"5":2,"6":2,"7":2,"8":2,"9":15,"10":15,"11":15,"12":15,"13":15,"14":6,"15":6,"16":3,"17":3,"18":1,"19":2,"20":3,"21":3,"22":1,"23":1,"24":1,"25":1,"26":18,"27":18,"28":18,"29":18,"30":1,"31":1,"32":17,"33":17,"34":17,"35":17,"36":17,"37":17,"38":3,"39":3,"40":18,"41":18,"42":17,"43":17,"44":13,"45":17,"46":15,"47":11,"48":17,"49":0,"50":0,"51":11,"52":6,"53":7,"54":7,"55":5,"56":5,"57":1,"58":3,"59":3,"60":3,"61":3,"62":0,"63":9,"64":6,"65":5,"66":0,"67":0,"68":0,"69":0,"70":0,"71":0,"72":3,"73":3,"74":3,"75":0,"76":0,"77":0,"78":0,"79":0,"80":0,"81":13,"82":13,"83":13,"84":12,"85":1,"86":11,"87":1,"88":10,"89":1,"90":9,"91":11,"92":3,"93":2,"94":1,"95":1,"96":1,"97":1,"98":1,"99":11,"100":18,"101":18,"102":18,"103":18,"104":378,"105":18,"106":2},"f":{"0":2,"1":15,"2":6,"3":3,"4":3,"5":1,"6":2,"7":3,"8":1,"9":1,"10":18,"11":18,"12":17,"13":17,"14":13,"15":15,"16":11,"17":0,"18":0,"19":11,"20":6,"21":3,"22":9,"23":0,"24":0,"25":3,"26":0,"27":0,"28":13,"29":11,"30":18},"b":{"0":[2,2],"1":[1,0],"2":[1],"3":[1],"4":[3],"5":[5],"6":[3],"7":[6,0,0,3,0,0],"8":[0,0],"9":[1,11],"10":[1,10],"11":[1,9],"12":[3],"13":[1,1],"14":[1]}}
,"/Users/royossai/WebstormProjects/pond2/src/endpoint/endpointResponse.ts": {"path":"/Users/royossai/WebstormProjects/pond2/src/endpoint/endpointResponse.ts","statementMap":{"0":{"start":{"line":1,"column":0},"end":{"line":1,"column":72}},"1":{"start":{"line":16,"column":8},"end":{"line":16,"column":16}},"2":{"start":{"line":12,"column":12},"end":{"line":12,"column":33}},"3":{"start":{"line":17,"column":8},"end":{"line":17,"column":32}},"4":{"start":{"line":25,"column":8},"end":{"line":26,"column":84}},"5":{"start":{"line":26,"column":12},"end":{"line":26,"column":84}},"6":{"start":{"line":28,"column":8},"end":{"line":28,"column":33}},"7":{"start":{"line":29,"column":8},"end":{"line":29,"column":41}},"8":{"start":{"line":38,"column":8},"end":{"line":39,"column":84}},"9":{"start":{"line":39,"column":12},"end":{"line":39,"column":84}},"10":{"start":{"line":41,"column":8},"end":{"line":41,"column":33}},"11":{"start":{"line":42,"column":8},"end":{"line":42,"column":101}},"12":{"start":{"line":52,"column":8},"end":{"line":53,"column":84}},"13":{"start":{"line":53,"column":12},"end":{"line":53,"column":84}},"14":{"start":{"line":55,"column":8},"end":{"line":55,"column":33}},"15":{"start":{"line":56,"column":8},"end":{"line":56,"column":82}},"16":{"start":{"line":11,"column":0},"end":{"line":11,"column":13}}},"fnMap":{"0":{"name":"(anonymous_0)","decl":{"start":{"line":15,"column":4},"end":{"line":15,"column":16}},"loc":{"start":{"line":15,"column":54},"end":{"line":18,"column":5}}},"1":{"name":"(anonymous_1)","decl":{"start":{"line":24,"column":11},"end":{"line":24,"column":17}},"loc":{"start":{"line":24,"column":39},"end":{"line":30,"column":5}}},"2":{"name":"(anonymous_2)","decl":{"start":{"line":37,"column":11},"end":{"line":37,"column":17}},"loc":{"start":{"line":37,"column":54},"end":{"line":43,"column":5}}},"3":{"name":"(anonymous_3)","decl":{"start":{"line":51,"column":11},"end":{"line":51,"column":15}},"loc":{"start":{"line":51,"column":74},"end":{"line":57,"column":5}}}},"branchMap":{"0":{"loc":{"start":{"line":25,"column":8},"end":{"line":26,"column":84}},"type":"if","locations":[{"start":{"line":25,"column":8},"end":{"line":26,"column":84}}]},"1":{"loc":{"start":{"line":29,"column":22},"end":{"line":29,"column":35}},"type":"binary-expr","locations":[{"start":{"line":29,"column":22},"end":{"line":29,"column":29}},{"start":{"line":29,"column":33},"end":{"line":29,"column":35}}]},"2":{"loc":{"start":{"line":38,"column":8},"end":{"line":39,"column":84}},"type":"if","locations":[{"start":{"line":38,"column":8},"end":{"line":39,"column":84}}]},"3":{"loc":{"start":{"line":42,"column":44},"end":{"line":42,"column":73}},"type":"binary-expr","locations":[{"start":{"line":42,"column":44},"end":{"line":42,"column":51}},{"start":{"line":42,"column":55},"end":{"line":42,"column":73}}]},"4":{"loc":{"start":{"line":42,"column":81},"end":{"line":42,"column":97}},"type":"binary-expr","locations":[{"start":{"line":42,"column":81},"end":{"line":42,"column":90}},{"start":{"line":42,"column":94},"end":{"line":42,"column":97}}]},"5":{"loc":{"start":{"line":52,"column":8},"end":{"line":53,"column":84}},"type":"if","locations":[{"start":{"line":52,"column":8},"end":{"line":53,"column":84}}]},"6":{"loc":{"start":{"line":56,"column":22},"end":{"line":56,"column":35}},"type":"binary-expr","locations":[{"start":{"line":56,"column":22},"end":{"line":56,"column":29}},{"start":{"line":56,"column":33},"end":{"line":56,"column":35}}]}},"s":{"0":2,"1":18,"2":18,"3":18,"4":14,"5":0,"6":14,"7":14,"8":1,"9":0,"10":1,"11":1,"12":3,"13":0,"14":3,"15":3,"16":2},"f":{"0":18,"1":14,"2":1,"3":3},"b":{"0":[0],"1":[14,14],"2":[0],"3":[1,1],"4":[1,1],"5":[0],"6":[3,3]}}
,"/Users/royossai/WebstormProjects/pond2/src/pondChannel/pondChannel.ts": {"path":"/Users/royossai/WebstormProjects/pond2/src/pondChannel/pondChannel.ts","statementMap":{"0":{"start":{"line":1,"column":0},"end":{"line":1,"column":82}},"1":{"start":{"line":2,"column":0},"end":{"line":2,"column":51}},"2":{"start":{"line":6,"column":0},"end":{"line":6,"column":58}},"3":{"start":{"line":8,"column":0},"end":{"line":8,"column":56}},"4":{"start":{"line":38,"column":8},"end":{"line":38,"column":36}},"5":{"start":{"line":39,"column":8},"end":{"line":39,"column":50}},"6":{"start":{"line":40,"column":8},"end":{"line":40,"column":44}},"7":{"start":{"line":56,"column":8},"end":{"line":56,"column":34}},"8":{"start":{"line":71,"column":8},"end":{"line":76,"column":11}},"9":{"start":{"line":72,"column":12},"end":{"line":73,"column":50}},"10":{"start":{"line":73,"column":16},"end":{"line":73,"column":50}},"11":{"start":{"line":75,"column":12},"end":{"line":75,"column":19}},"12":{"start":{"line":83,"column":8},"end":{"line":89,"column":null}},"13":{"start":{"line":98,"column":27},"end":{"line":98,"column":102}},"14":{"start":{"line":99,"column":8},"end":{"line":116,"column":15}},"15":{"start":{"line":100,"column":45},"end":{"line":104,"column":14}},"16":{"start":{"line":106,"column":28},"end":{"line":106,"column":68}},"17":{"start":{"line":107,"column":29},"end":{"line":107,"column":77}},"18":{"start":{"line":109,"column":12},"end":{"line":109,"column":52}},"19":{"start":{"line":110,"column":12},"end":{"line":111,"column":80}},"20":{"start":{"line":111,"column":16},"end":{"line":111,"column":80}},"21":{"start":{"line":114,"column":12},"end":{"line":116,"column":15}},"22":{"start":{"line":115,"column":16},"end":{"line":115,"column":56}},"23":{"start":{"line":125,"column":7},"end":{"line":127,"column":10}},"24":{"start":{"line":126,"column":11},"end":{"line":126,"column":46}},"25":{"start":{"line":136,"column":31},"end":{"line":136,"column":75}},"26":{"start":{"line":137,"column":24},"end":{"line":137,"column":67}},"27":{"start":{"line":139,"column":43},"end":{"line":142,"column":null}},"28":{"start":{"line":144,"column":42},"end":{"line":144,"column":86}},"29":{"start":{"line":145,"column":8},"end":{"line":145,"column":39}},"30":{"start":{"line":146,"column":8},"end":{"line":146,"column":26}},"31":{"start":{"line":156,"column":27},"end":{"line":156,"column":56}},"32":{"start":{"line":157,"column":8},"end":{"line":158,"column":39}},"33":{"start":{"line":158,"column":12},"end":{"line":158,"column":39}},"34":{"start":{"line":160,"column":8},"end":{"line":160,"column":80}},"35":{"start":{"line":169,"column":8},"end":{"line":170,"column":59}},"36":{"start":{"line":170,"column":29},"end":{"line":170,"column":57}},"37":{"start":{"line":179,"column":27},"end":{"line":179,"column":52}},"38":{"start":{"line":180,"column":8},"end":{"line":181,"column":46}},"39":{"start":{"line":181,"column":12},"end":{"line":181,"column":46}},"40":{"start":{"line":189,"column":8},"end":{"line":190,"column":42}},"41":{"start":{"line":190,"column":28},"end":{"line":190,"column":40}},"42":{"start":{"line":198,"column":8},"end":{"line":198,"column":42}},"43":{"start":{"line":32,"column":0},"end":{"line":32,"column":13}}},"fnMap":{"0":{"name":"(anonymous_0)","decl":{"start":{"line":37,"column":4},"end":{"line":37,"column":null}},"loc":{"start":{"line":37,"column":4},"end":{"line":41,"column":5}}},"1":{"name":"(anonymous_1)","decl":{"start":{"line":55,"column":11},"end":{"line":55,"column":24}},"loc":{"start":{"line":55,"column":53},"end":{"line":57,"column":5}}},"2":{"name":"(anonymous_2)","decl":{"start":{"line":70,"column":11},"end":{"line":70,"column":18}},"loc":{"start":{"line":70,"column":121},"end":{"line":77,"column":5}}},"3":{"name":"(anonymous_3)","decl":{"start":{"line":71,"column":29},"end":{"line":71,"column":30}},"loc":{"start":{"line":71,"column":57},"end":{"line":76,"column":9}}},"4":{"name":"(anonymous_4)","decl":{"start":{"line":82,"column":11},"end":{"line":82,"column":24}},"loc":{"start":{"line":82,"column":24},"end":{"line":90,"column":5}}},"5":{"name":"(anonymous_5)","decl":{"start":{"line":97,"column":12},"end":{"line":97,"column":20}},"loc":{"start":{"line":97,"column":39},"end":{"line":117,"column":5}}},"6":{"name":"(anonymous_6)","decl":{"start":{"line":114,"column":60},"end":{"line":114,"column":65}},"loc":{"start":{"line":114,"column":68},"end":{"line":116,"column":13}}},"7":{"name":"(anonymous_7)","decl":{"start":{"line":124,"column":12},"end":{"line":124,"column":23}},"loc":{"start":{"line":124,"column":40},"end":{"line":128,"column":5}}},"8":{"name":"(anonymous_8)","decl":{"start":{"line":125,"column":30},"end":{"line":125,"column":37}},"loc":{"start":{"line":125,"column":40},"end":{"line":127,"column":8}}},"9":{"name":"(anonymous_9)","decl":{"start":{"line":135,"column":12},"end":{"line":135,"column":26}},"loc":{"start":{"line":135,"column":46},"end":{"line":147,"column":5}}},"10":{"name":"(anonymous_10)","decl":{"start":{"line":155,"column":12},"end":{"line":155,"column":20}},"loc":{"start":{"line":155,"column":85},"end":{"line":161,"column":5}}},"11":{"name":"(anonymous_11)","decl":{"start":{"line":168,"column":12},"end":{"line":168,"column":23}},"loc":{"start":{"line":168,"column":43},"end":{"line":171,"column":5}}},"12":{"name":"(anonymous_12)","decl":{"start":{"line":170,"column":18},"end":{"line":170,"column":25}},"loc":{"start":{"line":170,"column":29},"end":{"line":170,"column":57}}},"13":{"name":"(anonymous_13)","decl":{"start":{"line":178,"column":12},"end":{"line":178,"column":27}},"loc":{"start":{"line":178,"column":43},"end":{"line":182,"column":5}}},"14":{"name":"(anonymous_14)","decl":{"start":{"line":188,"column":12},"end":{"line":188,"column":25}},"loc":{"start":{"line":188,"column":25},"end":{"line":191,"column":5}}},"15":{"name":"(anonymous_15)","decl":{"start":{"line":190,"column":17},"end":{"line":190,"column":24}},"loc":{"start":{"line":190,"column":28},"end":{"line":190,"column":40}}},"16":{"name":"(anonymous_16)","decl":{"start":{"line":197,"column":12},"end":{"line":197,"column":24}},"loc":{"start":{"line":197,"column":24},"end":{"line":199,"column":5}}}},"branchMap":{"0":{"loc":{"start":{"line":72,"column":12},"end":{"line":73,"column":50}},"type":"if","locations":[{"start":{"line":72,"column":12},"end":{"line":73,"column":50}}]},"1":{"loc":{"start":{"line":98,"column":27},"end":{"line":98,"column":102}},"type":"binary-expr","locations":[{"start":{"line":98,"column":27},"end":{"line":98,"column":61}},{"start":{"line":98,"column":65},"end":{"line":98,"column":102}}]},"2":{"loc":{"start":{"line":99,"column":8},"end":{"line":116,"column":15}},"type":"if","locations":[{"start":{"line":99,"column":8},"end":{"line":116,"column":15}},{"start":{"line":114,"column":12},"end":{"line":116,"column":15}}]},"3":{"loc":{"start":{"line":110,"column":12},"end":{"line":111,"column":80}},"type":"if","locations":[{"start":{"line":110,"column":12},"end":{"line":111,"column":80}}]},"4":{"loc":{"start":{"line":157,"column":8},"end":{"line":158,"column":39}},"type":"if","locations":[{"start":{"line":157,"column":8},"end":{"line":158,"column":39}}]},"5":{"loc":{"start":{"line":180,"column":8},"end":{"line":181,"column":46}},"type":"if","locations":[{"start":{"line":180,"column":8},"end":{"line":181,"column":46}}]}},"s":{"0":1,"1":1,"2":1,"3":1,"4":6,"5":6,"6":6,"7":6,"8":1,"9":3,"10":3,"11":0,"12":6,"13":5,"14":5,"15":5,"16":5,"17":5,"18":5,"19":5,"20":0,"21":0,"22":0,"23":11,"24":4,"25":5,"26":5,"27":5,"28":5,"29":5,"30":5,"31":3,"32":3,"33":3,"34":0,"35":12,"36":7,"37":4,"38":4,"39":4,"40":3,"41":3,"42":0,"43":1},"f":{"0":6,"1":6,"2":1,"3":3,"4":6,"5":5,"6":0,"7":11,"8":4,"9":5,"10":3,"11":12,"12":7,"13":4,"14":3,"15":3,"16":0},"b":{"0":[3],"1":[5,5],"2":[5,0],"3":[0],"4":[3],"5":[4]}}
,"/Users/royossai/WebstormProjects/pond2/src/pondChannel/pondChannelRequest.ts": {"path":"/Users/royossai/WebstormProjects/pond2/src/pondChannel/pondChannelRequest.ts","statementMap":{"0":{"start":{"line":1,"column":0},"end":{"line":1,"column":74}},"1":{"start":{"line":11,"column":8},"end":{"line":11,"column":41}},"2":{"start":{"line":12,"column":8},"end":{"line":12,"column":30}},"3":{"start":{"line":16,"column":8},"end":{"line":16,"column":40}},"4":{"start":{"line":20,"column":8},"end":{"line":24,"column":null}},"5":{"start":{"line":28,"column":8},"end":{"line":32,"column":10}},"6":{"start":{"line":7,"column":0},"end":{"line":7,"column":13}}},"fnMap":{"0":{"name":"(anonymous_0)","decl":{"start":{"line":10,"column":4},"end":{"line":10,"column":16}},"loc":{"start":{"line":10,"column":58},"end":{"line":13,"column":5}}},"1":{"name":"(anonymous_1)","decl":{"start":{"line":15,"column":4},"end":{"line":15,"column":15}},"loc":{"start":{"line":15,"column":25},"end":{"line":17,"column":5}}},"2":{"name":"(anonymous_2)","decl":{"start":{"line":19,"column":4},"end":{"line":19,"column":15}},"loc":{"start":{"line":19,"column":19},"end":{"line":25,"column":5}}},"3":{"name":"(anonymous_3)","decl":{"start":{"line":27,"column":4},"end":{"line":27,"column":15}},"loc":{"start":{"line":27,"column":20},"end":{"line":33,"column":5}}}},"branchMap":{},"s":{"0":1,"1":5,"2":5,"3":0,"4":0,"5":3,"6":1},"f":{"0":5,"1":0,"2":0,"3":3},"b":{}}
,"/Users/royossai/WebstormProjects/pond2/src/pondChannel/pondChannelResponse.ts": {"path":"/Users/royossai/WebstormProjects/pond2/src/pondChannel/pondChannelResponse.ts","statementMap":{"0":{"start":{"line":1,"column":0},"end":{"line":1,"column":72}},"1":{"start":{"line":12,"column":8},"end":{"line":12,"column":16}},"2":{"start":{"line":13,"column":8},"end":{"line":13,"column":26}},"3":{"start":{"line":14,"column":8},"end":{"line":14,"column":30}},"4":{"start":{"line":15,"column":8},"end":{"line":15,"column":34}},"5":{"start":{"line":19,"column":8},"end":{"line":19,"column":33}},"6":{"start":{"line":27,"column":8},"end":{"line":27,"column":33}},"7":{"start":{"line":28,"column":8},"end":{"line":28,"column":65}},"8":{"start":{"line":29,"column":8},"end":{"line":31,"column":11}},"9":{"start":{"line":30,"column":12},"end":{"line":30,"column":58}},"10":{"start":{"line":33,"column":8},"end":{"line":33,"column":20}},"11":{"start":{"line":42,"column":8},"end":{"line":42,"column":33}},"12":{"start":{"line":43,"column":21},"end":{"line":43,"column":114}},"13":{"start":{"line":44,"column":8},"end":{"line":48,"column":12}},"14":{"start":{"line":50,"column":8},"end":{"line":50,"column":20}},"15":{"start":{"line":60,"column":8},"end":{"line":60,"column":33}},"16":{"start":{"line":61,"column":8},"end":{"line":61,"column":70}},"17":{"start":{"line":62,"column":8},"end":{"line":62,"column":36}},"18":{"start":{"line":71,"column":8},"end":{"line":71,"column":60}},"19":{"start":{"line":72,"column":8},"end":{"line":72,"column":20}},"20":{"start":{"line":81,"column":8},"end":{"line":81,"column":95}},"21":{"start":{"line":82,"column":8},"end":{"line":82,"column":20}},"22":{"start":{"line":92,"column":8},"end":{"line":92,"column":83}},"23":{"start":{"line":93,"column":8},"end":{"line":93,"column":20}},"24":{"start":{"line":101,"column":8},"end":{"line":101,"column":66}},"25":{"start":{"line":102,"column":8},"end":{"line":102,"column":20}},"26":{"start":{"line":6,"column":0},"end":{"line":6,"column":13}}},"fnMap":{"0":{"name":"(anonymous_0)","decl":{"start":{"line":11,"column":4},"end":{"line":11,"column":16}},"loc":{"start":{"line":11,"column":56},"end":{"line":16,"column":5}}},"1":{"name":"(anonymous_1)","decl":{"start":{"line":18,"column":4},"end":{"line":18,"column":15}},"loc":{"start":{"line":18,"column":27},"end":{"line":20,"column":5}}},"2":{"name":"(anonymous_2)","decl":{"start":{"line":26,"column":11},"end":{"line":26,"column":17}},"loc":{"start":{"line":26,"column":39},"end":{"line":34,"column":5}}},"3":{"name":"(anonymous_3)","decl":{"start":{"line":29,"column":60},"end":{"line":29,"column":65}},"loc":{"start":{"line":29,"column":68},"end":{"line":31,"column":9}}},"4":{"name":"(anonymous_4)","decl":{"start":{"line":41,"column":11},"end":{"line":41,"column":17}},"loc":{"start":{"line":41,"column":54},"end":{"line":51,"column":5}}},"5":{"name":"(anonymous_5)","decl":{"start":{"line":59,"column":11},"end":{"line":59,"column":15}},"loc":{"start":{"line":59,"column":74},"end":{"line":63,"column":5}}},"6":{"name":"(anonymous_6)","decl":{"start":{"line":70,"column":11},"end":{"line":70,"column":20}},"loc":{"start":{"line":70,"column":56},"end":{"line":73,"column":5}}},"7":{"name":"(anonymous_7)","decl":{"start":{"line":80,"column":11},"end":{"line":80,"column":28}},"loc":{"start":{"line":80,"column":64},"end":{"line":83,"column":5}}},"8":{"name":"(anonymous_8)","decl":{"start":{"line":91,"column":11},"end":{"line":91,"column":22}},"loc":{"start":{"line":91,"column":77},"end":{"line":94,"column":5}}},"9":{"name":"(anonymous_9)","decl":{"start":{"line":100,"column":11},"end":{"line":100,"column":24}},"loc":{"start":{"line":100,"column":47},"end":{"line":103,"column":5}}}},"branchMap":{"0":{"loc":{"start":{"line":43,"column":79},"end":{"line":43,"column":112}},"type":"binary-expr","locations":[{"start":{"line":43,"column":79},"end":{"line":43,"column":86}},{"start":{"line":43,"column":90},"end":{"line":43,"column":112}}]},"1":{"loc":{"start":{"line":46,"column":43},"end":{"line":46,"column":59}},"type":"binary-expr","locations":[{"start":{"line":46,"column":43},"end":{"line":46,"column":52}},{"start":{"line":46,"column":56},"end":{"line":46,"column":59}}]}},"s":{"0":1,"1":5,"2":5,"3":5,"4":5,"5":5,"6":5,"7":5,"8":5,"9":4,"10":5,"11":0,"12":0,"13":0,"14":0,"15":0,"16":0,"17":0,"18":0,"19":0,"20":0,"21":0,"22":0,"23":0,"24":1,"25":1,"26":1},"f":{"0":5,"1":5,"2":5,"3":4,"4":0,"5":0,"6":0,"7":0,"8":0,"9":1},"b":{"0":[0,0],"1":[0,0]}}
,"/Users/royossai/WebstormProjects/pond2/src/presence/presenceEngine.ts": {"path":"/Users/royossai/WebstormProjects/pond2/src/presence/presenceEngine.ts","statementMap":{"0":{"start":{"line":1,"column":0},"end":{"line":1,"column":54}},"1":{"start":{"line":21,"column":8},"end":{"line":21,"column":62}},"2":{"start":{"line":22,"column":8},"end":{"line":22,"column":60}},"3":{"start":{"line":29,"column":8},"end":{"line":33,"column":32}},"4":{"start":{"line":31,"column":16},"end":{"line":31,"column":33}},"5":{"start":{"line":32,"column":16},"end":{"line":32,"column":27}},"6":{"start":{"line":41,"column":8},"end":{"line":41,"column":45}},"7":{"start":{"line":49,"column":25},"end":{"line":49,"column":59}},"8":{"start":{"line":50,"column":8},"end":{"line":60,"column":95}},"9":{"start":{"line":51,"column":12},"end":{"line":51,"column":52}},"10":{"start":{"line":52,"column":12},"end":{"line":52,"column":50}},"11":{"start":{"line":53,"column":12},"end":{"line":58,"column":19}},"12":{"start":{"line":54,"column":16},"end":{"line":58,"column":19}},"13":{"start":{"line":60,"column":12},"end":{"line":60,"column":95}},"14":{"start":{"line":69,"column":28},"end":{"line":69,"column":62}},"15":{"start":{"line":70,"column":8},"end":{"line":78,"column":95}},"16":{"start":{"line":71,"column":12},"end":{"line":71,"column":57}},"17":{"start":{"line":72,"column":12},"end":{"line":76,"column":15}},"18":{"start":{"line":78,"column":12},"end":{"line":78,"column":95}},"19":{"start":{"line":88,"column":8},"end":{"line":88,"column":52}},"20":{"start":{"line":89,"column":8},"end":{"line":89,"column":62}},"21":{"start":{"line":99,"column":8},"end":{"line":107,"column":95}},"22":{"start":{"line":100,"column":12},"end":{"line":100,"column":57}},"23":{"start":{"line":101,"column":12},"end":{"line":105,"column":15}},"24":{"start":{"line":107,"column":12},"end":{"line":107,"column":95}},"25":{"start":{"line":117,"column":8},"end":{"line":117,"column":62}},"26":{"start":{"line":16,"column":0},"end":{"line":16,"column":13}}},"fnMap":{"0":{"name":"(anonymous_0)","decl":{"start":{"line":20,"column":4},"end":{"line":20,"column":null}},"loc":{"start":{"line":20,"column":4},"end":{"line":23,"column":5}}},"1":{"name":"(anonymous_1)","decl":{"start":{"line":28,"column":11},"end":{"line":28,"column":22}},"loc":{"start":{"line":28,"column":22},"end":{"line":34,"column":5}}},"2":{"name":"(anonymous_2)","decl":{"start":{"line":30,"column":20},"end":{"line":30,"column":21}},"loc":{"start":{"line":30,"column":42},"end":{"line":33,"column":9}}},"3":{"name":"(anonymous_3)","decl":{"start":{"line":40,"column":11},"end":{"line":40,"column":26}},"loc":{"start":{"line":40,"column":41},"end":{"line":42,"column":5}}},"4":{"name":"(anonymous_4)","decl":{"start":{"line":48,"column":11},"end":{"line":48,"column":25}},"loc":{"start":{"line":48,"column":45},"end":{"line":61,"column":5}}},"5":{"name":"(anonymous_5)","decl":{"start":{"line":68,"column":11},"end":{"line":68,"column":25}},"loc":{"start":{"line":68,"column":69},"end":{"line":79,"column":5}}},"6":{"name":"(anonymous_6)","decl":{"start":{"line":87,"column":11},"end":{"line":87,"column":24}},"loc":{"start":{"line":87,"column":121},"end":{"line":90,"column":5}}},"7":{"name":"(anonymous_7)","decl":{"start":{"line":98,"column":12},"end":{"line":98,"column":27}},"loc":{"start":{"line":98,"column":71},"end":{"line":108,"column":5}}},"8":{"name":"(anonymous_8)","decl":{"start":{"line":116,"column":12},"end":{"line":116,"column":22}},"loc":{"start":{"line":116,"column":83},"end":{"line":118,"column":5}}}},"branchMap":{"0":{"loc":{"start":{"line":50,"column":8},"end":{"line":60,"column":95}},"type":"if","locations":[{"start":{"line":50,"column":8},"end":{"line":60,"column":95}},{"start":{"line":60,"column":12},"end":{"line":60,"column":95}}]},"1":{"loc":{"start":{"line":53,"column":12},"end":{"line":58,"column":19}},"type":"if","locations":[{"start":{"line":53,"column":12},"end":{"line":58,"column":19}}]},"2":{"loc":{"start":{"line":70,"column":8},"end":{"line":78,"column":95}},"type":"if","locations":[{"start":{"line":70,"column":8},"end":{"line":78,"column":95}},{"start":{"line":78,"column":12},"end":{"line":78,"column":95}}]},"3":{"loc":{"start":{"line":99,"column":8},"end":{"line":107,"column":95}},"type":"if","locations":[{"start":{"line":99,"column":8},"end":{"line":107,"column":95}},{"start":{"line":107,"column":12},"end":{"line":107,"column":95}}]}},"s":{"0":5,"1":17,"2":17,"3":4,"4":6,"5":6,"6":15,"7":4,"8":4,"9":3,"10":3,"11":3,"12":2,"13":1,"14":4,"15":4,"16":3,"17":3,"18":1,"19":18,"20":17,"21":18,"22":17,"23":17,"24":1,"25":17,"26":5},"f":{"0":17,"1":4,"2":6,"3":15,"4":4,"5":4,"6":18,"7":18,"8":17},"b":{"0":[3,1],"1":[2],"2":[3,1],"3":[17,1]}}
,"/Users/royossai/WebstormProjects/pond2/src/server/pondSocket.ts": {"path":"/Users/royossai/WebstormProjects/pond2/src/server/pondSocket.ts","statementMap":{"0":{"start":{"line":1,"column":0},"end":{"line":1,"column":42}},"1":{"start":{"line":2,"column":0},"end":{"line":2,"column":46}},"2":{"start":{"line":5,"column":0},"end":{"line":5,"column":75}},"3":{"start":{"line":6,"column":0},"end":{"line":6,"column":61}},"4":{"start":{"line":16,"column":21},"end":{"line":16,"column":66}},"5":{"start":{"line":19,"column":8},"end":{"line":19,"column":43}},"6":{"start":{"line":20,"column":8},"end":{"line":20,"column":50}},"7":{"start":{"line":21,"column":8},"end":{"line":21,"column":83}},"8":{"start":{"line":22,"column":8},"end":{"line":22,"column":21}},"9":{"start":{"line":31,"column":8},"end":{"line":31,"column":51}},"10":{"start":{"line":39,"column":8},"end":{"line":39,"column":44}},"11":{"start":{"line":59,"column":25},"end":{"line":59,"column":72}},"12":{"start":{"line":60,"column":8},"end":{"line":67,"column":11}},"13":{"start":{"line":61,"column":28},"end":{"line":61,"column":41}},"14":{"start":{"line":62,"column":33},"end":{"line":62,"column":72}},"15":{"start":{"line":63,"column":12},"end":{"line":64,"column":30}},"16":{"start":{"line":64,"column":16},"end":{"line":64,"column":30}},"17":{"start":{"line":66,"column":12},"end":{"line":66,"column":75}},"18":{"start":{"line":69,"column":8},"end":{"line":69,"column":24}},"19":{"start":{"line":77,"column":8},"end":{"line":77,"column":42}},"20":{"start":{"line":85,"column":8},"end":{"line":89,"column":11}},"21":{"start":{"line":86,"column":12},"end":{"line":88,"column":15}},"22":{"start":{"line":87,"column":16},"end":{"line":87,"column":38}},"23":{"start":{"line":91,"column":25},"end":{"line":99,"column":17}},"24":{"start":{"line":92,"column":12},"end":{"line":98,"column":15}},"25":{"start":{"line":93,"column":16},"end":{"line":94,"column":46}},"26":{"start":{"line":94,"column":20},"end":{"line":94,"column":46}},"27":{"start":{"line":96,"column":16},"end":{"line":96,"column":39}},"28":{"start":{"line":97,"column":16},"end":{"line":97,"column":38}},"29":{"start":{"line":101,"column":8},"end":{"line":101,"column":70}},"30":{"start":{"line":101,"column":45},"end":{"line":101,"column":68}},"31":{"start":{"line":112,"column":21},"end":{"line":112,"column":46}},"32":{"start":{"line":113,"column":21},"end":{"line":122,"column":9}},"33":{"start":{"line":114,"column":31},"end":{"line":114,"column":43}},"34":{"start":{"line":115,"column":12},"end":{"line":121,"column":null}},"35":{"start":{"line":116,"column":16},"end":{"line":116,"column":52}},"36":{"start":{"line":119,"column":16},"end":{"line":119,"column":63}},"37":{"start":{"line":120,"column":16},"end":{"line":120,"column":33}},"38":{"start":{"line":124,"column":8},"end":{"line":124,"column":15}},"39":{"start":{"line":132,"column":8},"end":{"line":132,"column":32}},"40":{"start":{"line":134,"column":8},"end":{"line":136,"column":11}},"41":{"start":{"line":135,"column":12},"end":{"line":135,"column":43}},"42":{"start":{"line":138,"column":8},"end":{"line":140,"column":11}},"43":{"start":{"line":139,"column":12},"end":{"line":139,"column":45}},"44":{"start":{"line":12,"column":0},"end":{"line":12,"column":13}}},"fnMap":{"0":{"name":"(anonymous_0)","decl":{"start":{"line":18,"column":4},"end":{"line":18,"column":16}},"loc":{"start":{"line":18,"column":67},"end":{"line":23,"column":5}}},"1":{"name":"(anonymous_1)","decl":{"start":{"line":30,"column":11},"end":{"line":30,"column":17}},"loc":{"start":{"line":30,"column":65},"end":{"line":32,"column":5}}},"2":{"name":"(anonymous_2)","decl":{"start":{"line":38,"column":11},"end":{"line":38,"column":16}},"loc":{"start":{"line":38,"column":38},"end":{"line":40,"column":5}}},"3":{"name":"(anonymous_3)","decl":{"start":{"line":58,"column":11},"end":{"line":58,"column":25}},"loc":{"start":{"line":58,"column":66},"end":{"line":70,"column":5}}},"4":{"name":"(anonymous_4)","decl":{"start":{"line":60,"column":30},"end":{"line":60,"column":31}},"loc":{"start":{"line":60,"column":58},"end":{"line":67,"column":9}}},"5":{"name":"(anonymous_5)","decl":{"start":{"line":76,"column":11},"end":{"line":76,"column":14}},"loc":{"start":{"line":76,"column":51},"end":{"line":78,"column":5}}},"6":{"name":"(anonymous_6)","decl":{"start":{"line":84,"column":12},"end":{"line":84,"column":28}},"loc":{"start":{"line":84,"column":28},"end":{"line":102,"column":5}}},"7":{"name":"(anonymous_7)","decl":{"start":{"line":85,"column":44},"end":{"line":85,"column":45}},"loc":{"start":{"line":85,"column":91},"end":{"line":89,"column":9}}},"8":{"name":"(anonymous_8)","decl":{"start":{"line":86,"column":30},"end":{"line":86,"column":33}},"loc":{"start":{"line":86,"column":35},"end":{"line":88,"column":13}}},"9":{"name":"(anonymous_9)","decl":{"start":{"line":91,"column":37},"end":{"line":91,"column":40}},"loc":{"start":{"line":91,"column":42},"end":{"line":99,"column":9}}},"10":{"name":"(anonymous_10)","decl":{"start":{"line":92,"column":47},"end":{"line":92,"column":48}},"loc":{"start":{"line":92,"column":93},"end":{"line":98,"column":13}}},"11":{"name":"(anonymous_11)","decl":{"start":{"line":97,"column":28},"end":{"line":97,"column":31}},"loc":{"start":{"line":97,"column":33},"end":{"line":97,"column":36}}},"12":{"name":"(anonymous_12)","decl":{"start":{"line":101,"column":39},"end":{"line":101,"column":42}},"loc":{"start":{"line":101,"column":45},"end":{"line":101,"column":68}}},"13":{"name":"(anonymous_13)","decl":{"start":{"line":111,"column":12},"end":{"line":111,"column":20}},"loc":{"start":{"line":111,"column":80},"end":{"line":125,"column":5}}},"14":{"name":"(anonymous_14)","decl":{"start":{"line":113,"column":21},"end":{"line":113,"column":24}},"loc":{"start":{"line":113,"column":26},"end":{"line":122,"column":9}}},"15":{"name":"(anonymous_15)","decl":{"start":{"line":131,"column":12},"end":{"line":131,"column":17}},"loc":{"start":{"line":131,"column":17},"end":{"line":141,"column":5}}},"16":{"name":"(anonymous_16)","decl":{"start":{"line":134,"column":33},"end":{"line":134,"column":34}},"loc":{"start":{"line":134,"column":43},"end":{"line":136,"column":9}}},"17":{"name":"(anonymous_17)","decl":{"start":{"line":138,"column":35},"end":{"line":138,"column":36}},"loc":{"start":{"line":138,"column":57},"end":{"line":140,"column":9}}}},"branchMap":{"0":{"loc":{"start":{"line":20,"column":23},"end":{"line":20,"column":49}},"type":"binary-expr","locations":[{"start":{"line":20,"column":23},"end":{"line":20,"column":29}},{"start":{"line":20,"column":33},"end":{"line":20,"column":49}}]},"1":{"loc":{"start":{"line":21,"column":29},"end":{"line":21,"column":82}},"type":"binary-expr","locations":[{"start":{"line":21,"column":29},"end":{"line":21,"column":41}},{"start":{"line":21,"column":45},"end":{"line":21,"column":82}}]},"2":{"loc":{"start":{"line":61,"column":28},"end":{"line":61,"column":41}},"type":"binary-expr","locations":[{"start":{"line":61,"column":28},"end":{"line":61,"column":35}},{"start":{"line":61,"column":39},"end":{"line":61,"column":41}}]},"3":{"loc":{"start":{"line":63,"column":12},"end":{"line":64,"column":30}},"type":"if","locations":[{"start":{"line":63,"column":12},"end":{"line":64,"column":30}}]},"4":{"loc":{"start":{"line":93,"column":16},"end":{"line":94,"column":46}},"type":"if","locations":[{"start":{"line":93,"column":16},"end":{"line":94,"column":46}}]},"5":{"loc":{"start":{"line":115,"column":12},"end":{"line":121,"column":null}},"type":"if","locations":[{"start":{"line":115,"column":12},"end":{"line":121,"column":null}},{"start":{"line":118,"column":17},"end":{"line":121,"column":null}}]}},"s":{"0":2,"1":2,"2":2,"3":2,"4":16,"5":16,"6":16,"7":16,"8":16,"9":13,"10":0,"11":15,"12":15,"13":19,"14":19,"15":19,"16":1,"17":18,"18":15,"19":0,"20":16,"21":17,"22":0,"23":16,"24":0,"25":0,"26":0,"27":0,"28":0,"29":16,"30":0,"31":19,"32":19,"33":20,"34":20,"35":19,"36":1,"37":1,"38":19,"39":16,"40":16,"41":0,"42":16,"43":19,"44":2},"f":{"0":16,"1":13,"2":0,"3":15,"4":19,"5":0,"6":16,"7":17,"8":0,"9":0,"10":0,"11":0,"12":0,"13":19,"14":20,"15":16,"16":0,"17":19},"b":{"0":[16,13],"1":[16,13],"2":[19,0],"3":[1],"4":[0],"5":[19,1]}}
,"/Users/royossai/WebstormProjects/pond2/src/utils/matchPattern.ts": {"path":"/Users/royossai/WebstormProjects/pond2/src/utils/matchPattern.ts","statementMap":{"0":{"start":{"line":17,"column":22},"end":{"line":17,"column":63}},"1":{"start":{"line":18,"column":8},"end":{"line":23,"column":14}},"2":{"start":{"line":19,"column":12},"end":{"line":23,"column":14}},"3":{"start":{"line":25,"column":8},"end":{"line":25,"column":20}},"4":{"start":{"line":37,"column":45},"end":{"line":37,"column":47}},"5":{"start":{"line":38,"column":23},"end":{"line":38,"column":41}},"6":{"start":{"line":39,"column":8},"end":{"line":44,"column":null}},"7":{"start":{"line":40,"column":12},"end":{"line":43,"column":15}},"8":{"start":{"line":41,"column":37},"end":{"line":41,"column":53}},"9":{"start":{"line":42,"column":16},"end":{"line":42,"column":33}},"10":{"start":{"line":45,"column":8},"end":{"line":45,"column":19}},"11":{"start":{"line":53,"column":8},"end":{"line":53,"column":68}},"12":{"start":{"line":62,"column":8},"end":{"line":66,"column":40}},"13":{"start":{"line":63,"column":12},"end":{"line":63,"column":52}},"14":{"start":{"line":66,"column":12},"end":{"line":66,"column":40}},"15":{"start":{"line":81,"column":24},"end":{"line":81,"column":61}},"16":{"start":{"line":82,"column":23},"end":{"line":82,"column":49}},"17":{"start":{"line":83,"column":24},"end":{"line":83,"column":58}},"18":{"start":{"line":84,"column":8},"end":{"line":93,"column":null}},"19":{"start":{"line":85,"column":25},"end":{"line":85,"column":49}},"20":{"start":{"line":86,"column":12},"end":{"line":92,"column":null}},"21":{"start":{"line":87,"column":53},"end":{"line":87,"column":55}},"22":{"start":{"line":88,"column":16},"end":{"line":90,"column":19}},"23":{"start":{"line":89,"column":20},"end":{"line":89,"column":88}},"24":{"start":{"line":91,"column":16},"end":{"line":91,"column":27}},"25":{"start":{"line":94,"column":8},"end":{"line":94,"column":20}},"26":{"start":{"line":103,"column":8},"end":{"line":104,"column":64}},"27":{"start":{"line":104,"column":12},"end":{"line":104,"column":64}},"28":{"start":{"line":106,"column":22},"end":{"line":106,"column":67}},"29":{"start":{"line":107,"column":8},"end":{"line":107,"column":29}},"30":{"start":{"line":107,"column":19},"end":{"line":107,"column":29}},"31":{"start":{"line":109,"column":8},"end":{"line":109,"column":20}},"32":{"start":{"line":9,"column":0},"end":{"line":9,"column":13}}},"fnMap":{"0":{"name":"(anonymous_0)","decl":{"start":{"line":16,"column":11},"end":{"line":16,"column":21}},"loc":{"start":{"line":16,"column":53},"end":{"line":26,"column":5}}},"1":{"name":"(anonymous_1)","decl":{"start":{"line":36,"column":12},"end":{"line":36,"column":25}},"loc":{"start":{"line":36,"column":38},"end":{"line":46,"column":5}}},"2":{"name":"(anonymous_2)","decl":{"start":{"line":40,"column":38},"end":{"line":40,"column":43}},"loc":{"start":{"line":40,"column":46},"end":{"line":43,"column":13}}},"3":{"name":"(anonymous_3)","decl":{"start":{"line":52,"column":12},"end":{"line":52,"column":31}},"loc":{"start":{"line":52,"column":49},"end":{"line":54,"column":5}}},"4":{"name":"(anonymous_4)","decl":{"start":{"line":61,"column":12},"end":{"line":61,"column":35}},"loc":{"start":{"line":61,"column":69},"end":{"line":67,"column":5}}},"5":{"name":"(anonymous_5)","decl":{"start":{"line":80,"column":12},"end":{"line":80,"column":24}},"loc":{"start":{"line":80,"column":56},"end":{"line":95,"column":5}}},"6":{"name":"(anonymous_6)","decl":{"start":{"line":88,"column":29},"end":{"line":88,"column":30}},"loc":{"start":{"line":88,"column":44},"end":{"line":90,"column":17}}},"7":{"name":"(anonymous_7)","decl":{"start":{"line":102,"column":12},"end":{"line":102,"column":33}},"loc":{"start":{"line":102,"column":67},"end":{"line":110,"column":5}}}},"branchMap":{"0":{"loc":{"start":{"line":18,"column":8},"end":{"line":23,"column":14}},"type":"if","locations":[{"start":{"line":18,"column":8},"end":{"line":23,"column":14}}]},"1":{"loc":{"start":{"line":39,"column":8},"end":{"line":44,"column":null}},"type":"if","locations":[{"start":{"line":39,"column":8},"end":{"line":44,"column":null}}]},"2":{"loc":{"start":{"line":53,"column":15},"end":{"line":53,"column":67}},"type":"binary-expr","locations":[{"start":{"line":53,"column":15},"end":{"line":53,"column":42}},{"start":{"line":53,"column":46},"end":{"line":53,"column":67}}]},"3":{"loc":{"start":{"line":62,"column":8},"end":{"line":66,"column":40}},"type":"if","locations":[{"start":{"line":62,"column":8},"end":{"line":66,"column":40}},{"start":{"line":66,"column":12},"end":{"line":66,"column":40}}]},"4":{"loc":{"start":{"line":84,"column":8},"end":{"line":93,"column":null}},"type":"if","locations":[{"start":{"line":84,"column":8},"end":{"line":93,"column":null}}]},"5":{"loc":{"start":{"line":86,"column":12},"end":{"line":92,"column":null}},"type":"if","locations":[{"start":{"line":86,"column":12},"end":{"line":92,"column":null}}]},"6":{"loc":{"start":{"line":103,"column":8},"end":{"line":104,"column":64}},"type":"if","locations":[{"start":{"line":103,"column":8},"end":{"line":104,"column":64}}]},"7":{"loc":{"start":{"line":107,"column":8},"end":{"line":107,"column":29}},"type":"if","locations":[{"start":{"line":107,"column":8},"end":{"line":107,"column":29}}]}},"s":{"0":32,"1":32,"2":28,"3":4,"4":30,"5":30,"6":30,"7":4,"8":6,"9":6,"10":30,"11":34,"12":7,"13":5,"14":2,"15":36,"16":36,"17":36,"18":36,"19":31,"20":31,"21":31,"22":31,"23":32,"24":31,"25":5,"26":34,"27":31,"28":3,"29":3,"30":1,"31":2,"32":7},"f":{"0":32,"1":30,"2":6,"3":34,"4":7,"5":36,"6":32,"7":34},"b":{"0":[28],"1":[4],"2":[34,34],"3":[5,2],"4":[31],"5":[31],"6":[31],"7":[1]}}
,"/Users/royossai/WebstormProjects/pond2/src/utils/subjectUtils.ts": {"path":"/Users/royossai/WebstormProjects/pond2/src/utils/subjectUtils.ts","statementMap":{"0":{"start":{"line":9,"column":8},"end":{"line":9,"column":59}},"1":{"start":{"line":13,"column":8},"end":{"line":13,"column":50}},"2":{"start":{"line":17,"column":8},"end":{"line":17,"column":63}},"3":{"start":{"line":17,"column":44},"end":{"line":17,"column":61}},"4":{"start":{"line":21,"column":8},"end":{"line":21,"column":43}},"5":{"start":{"line":5,"column":0},"end":{"line":5,"column":13}},"6":{"start":{"line":31,"column":8},"end":{"line":31,"column":16}},"7":{"start":{"line":35,"column":8},"end":{"line":35,"column":36}},"8":{"start":{"line":36,"column":8},"end":{"line":36,"column":28}},"9":{"start":{"line":40,"column":8},"end":{"line":41,"column":40}},"10":{"start":{"line":41,"column":12},"end":{"line":41,"column":40}},"11":{"start":{"line":43,"column":8},"end":{"line":43,"column":53}},"12":{"start":{"line":27,"column":0},"end":{"line":27,"column":13}}},"fnMap":{"0":{"name":"(anonymous_0)","decl":{"start":{"line":8,"column":4},"end":{"line":8,"column":null}},"loc":{"start":{"line":8,"column":4},"end":{"line":10,"column":5}}},"1":{"name":"(anonymous_1)","decl":{"start":{"line":12,"column":4},"end":{"line":12,"column":13}},"loc":{"start":{"line":12,"column":57},"end":{"line":14,"column":5}}},"2":{"name":"(anonymous_2)","decl":{"start":{"line":16,"column":4},"end":{"line":16,"column":8}},"loc":{"start":{"line":16,"column":19},"end":{"line":18,"column":5}}},"3":{"name":"(anonymous_3)","decl":{"start":{"line":17,"column":32},"end":{"line":17,"column":40}},"loc":{"start":{"line":17,"column":44},"end":{"line":17,"column":61}}},"4":{"name":"(anonymous_4)","decl":{"start":{"line":20,"column":4},"end":{"line":20,"column":15}},"loc":{"start":{"line":20,"column":34},"end":{"line":22,"column":5}}},"5":{"name":"(anonymous_5)","decl":{"start":{"line":30,"column":4},"end":{"line":30,"column":null}},"loc":{"start":{"line":30,"column":4},"end":{"line":32,"column":5}}},"6":{"name":"(anonymous_6)","decl":{"start":{"line":34,"column":4},"end":{"line":34,"column":8}},"loc":{"start":{"line":34,"column":19},"end":{"line":37,"column":5}}},"7":{"name":"(anonymous_7)","decl":{"start":{"line":39,"column":4},"end":{"line":39,"column":13}},"loc":{"start":{"line":39,"column":57},"end":{"line":44,"column":5}}}},"branchMap":{"0":{"loc":{"start":{"line":40,"column":8},"end":{"line":41,"column":40}},"type":"if","locations":[{"start":{"line":40,"column":8},"end":{"line":41,"column":40}}]}},"s":{"0":58,"1":60,"2":56,"3":54,"4":12,"5":5,"6":17,"7":22,"8":22,"9":17,"10":17,"11":17,"12":5},"f":{"0":58,"1":60,"2":56,"3":54,"4":12,"5":17,"6":22,"7":17},"b":{"0":[17]}}
}
