{"/Users/royossai/WebstormProjects/pondSocket2/src/abstracts/abstractRequest.ts": {"path":"/Users/royossai/WebstormProjects/pondSocket2/src/abstracts/abstractRequest.ts","statementMap":{"0":{"start":{"line":2,"column":0},"end":{"line":2,"column":71}},"1":{"start":{"line":20,"column":8},"end":{"line":20,"column":30}},"2":{"start":{"line":21,"column":8},"end":{"line":21,"column":28}},"3":{"start":{"line":22,"column":8},"end":{"line":22,"column":33}},"4":{"start":{"line":23,"column":8},"end":{"line":23,"column":32}},"5":{"start":{"line":27,"column":8},"end":{"line":32,"column":10}},"6":{"start":{"line":36,"column":8},"end":{"line":36,"column":33}},"7":{"start":{"line":40,"column":8},"end":{"line":40,"column":41}},"8":{"start":{"line":44,"column":8},"end":{"line":44,"column":42}},"9":{"start":{"line":52,"column":22},"end":{"line":52,"column":40}},"10":{"start":{"line":53,"column":8},"end":{"line":53,"column":64}},"11":{"start":{"line":54,"column":8},"end":{"line":54,"column":42}},"12":{"start":{"line":13,"column":0},"end":{"line":13,"column":13}}},"fnMap":{"0":{"name":"(anonymous_0)","decl":{"start":{"line":19,"column":4},"end":{"line":19,"column":16}},"loc":{"start":{"line":19,"column":74},"end":{"line":24,"column":5}}},"1":{"name":"(anonymous_1)","decl":{"start":{"line":26,"column":4},"end":{"line":26,"column":15}},"loc":{"start":{"line":26,"column":20},"end":{"line":33,"column":5}}},"2":{"name":"(anonymous_2)","decl":{"start":{"line":35,"column":4},"end":{"line":35,"column":15}},"loc":{"start":{"line":35,"column":25},"end":{"line":37,"column":5}}},"3":{"name":"(anonymous_3)","decl":{"start":{"line":39,"column":4},"end":{"line":39,"column":15}},"loc":{"start":{"line":39,"column":22},"end":{"line":41,"column":5}}},"4":{"name":"(anonymous_4)","decl":{"start":{"line":43,"column":4},"end":{"line":43,"column":15}},"loc":{"start":{"line":43,"column":23},"end":{"line":45,"column":5}}},"5":{"name":"(anonymous_5)","decl":{"start":{"line":51,"column":11},"end":{"line":51,"column":24}},"loc":{"start":{"line":51,"column":39},"end":{"line":55,"column":5}}}},"branchMap":{"0":{"loc":{"start":{"line":29,"column":20},"end":{"line":29,"column":51}},"type":"binary-expr","locations":[{"start":{"line":29,"column":20},"end":{"line":29,"column":45}},{"start":{"line":29,"column":49},"end":{"line":29,"column":51}}]},"1":{"loc":{"start":{"line":29,"column":20},"end":{"line":29,"column":45}},"type":"cond-expr","locations":[{"start":{"line":29,"column":37},"end":{"line":29,"column":39}},{"start":{"line":29,"column":37},"end":{"line":29,"column":45}}]},"2":{"loc":{"start":{"line":29,"column":20},"end":{"line":29,"column":39}},"type":"binary-expr","locations":[{"start":{"line":29,"column":20},"end":{"line":29,"column":39}},{"start":{"line":29,"column":37},"end":{"line":29,"column":39}}]},"3":{"loc":{"start":{"line":30,"column":19},"end":{"line":30,"column":49}},"type":"binary-expr","locations":[{"start":{"line":30,"column":19},"end":{"line":30,"column":43}},{"start":{"line":30,"column":47},"end":{"line":30,"column":49}}]},"4":{"loc":{"start":{"line":30,"column":19},"end":{"line":30,"column":43}},"type":"cond-expr","locations":[{"start":{"line":30,"column":36},"end":{"line":30,"column":38}},{"start":{"line":30,"column":36},"end":{"line":30,"column":43}}]},"5":{"loc":{"start":{"line":30,"column":19},"end":{"line":30,"column":38}},"type":"binary-expr","locations":[{"start":{"line":30,"column":19},"end":{"line":30,"column":38}},{"start":{"line":30,"column":36},"end":{"line":30,"column":38}}]}},"s":{"0":5,"1":12,"2":12,"3":12,"4":12,"5":7,"6":0,"7":0,"8":0,"9":3,"10":3,"11":3,"12":5},"f":{"0":12,"1":7,"2":0,"3":0,"4":0,"5":3},"b":{"0":[7,0],"1":[0,7],"2":[7,7],"3":[7,0],"4":[0,7],"5":[7,7]}}
,"/Users/royossai/WebstormProjects/pondSocket2/src/abstracts/abstractResponse.ts": {"path":"/Users/royossai/WebstormProjects/pondSocket2/src/abstracts/abstractResponse.ts","statementMap":{"0":{"start":{"line":5,"column":0},"end":{"line":5,"column":22}}},"fnMap":{},"branchMap":{},"s":{"0":6},"f":{},"b":{}}
,"/Users/royossai/WebstormProjects/pondSocket2/src/abstracts/middleware.ts": {"path":"/Users/royossai/WebstormProjects/pondSocket2/src/abstracts/middleware.ts","statementMap":{"0":{"start":{"line":10,"column":21},"end":{"line":10,"column":73}},"1":{"start":{"line":13,"column":8},"end":{"line":14,"column":47}},"2":{"start":{"line":14,"column":12},"end":{"line":14,"column":47}},"3":{"start":{"line":22,"column":8},"end":{"line":22,"column":37}},"4":{"start":{"line":32,"column":21},"end":{"line":32,"column":41}},"5":{"start":{"line":34,"column":29},"end":{"line":41,"column":9}},"6":{"start":{"line":35,"column":31},"end":{"line":35,"column":43}},"7":{"start":{"line":36,"column":12},"end":{"line":40,"column":24}},"8":{"start":{"line":37,"column":16},"end":{"line":37,"column":56}},"9":{"start":{"line":39,"column":17},"end":{"line":40,"column":24}},"10":{"start":{"line":40,"column":16},"end":{"line":40,"column":24}},"11":{"start":{"line":43,"column":8},"end":{"line":43,"column":23}},"12":{"start":{"line":9,"column":0},"end":{"line":9,"column":13}}},"fnMap":{"0":{"name":"(anonymous_0)","decl":{"start":{"line":12,"column":4},"end":{"line":12,"column":16}},"loc":{"start":{"line":12,"column":53},"end":{"line":15,"column":5}}},"1":{"name":"(anonymous_1)","decl":{"start":{"line":21,"column":11},"end":{"line":21,"column":14}},"loc":{"start":{"line":21,"column":63},"end":{"line":23,"column":5}}},"2":{"name":"(anonymous_2)","decl":{"start":{"line":31,"column":11},"end":{"line":31,"column":14}},"loc":{"start":{"line":31,"column":62},"end":{"line":44,"column":5}}},"3":{"name":"(anonymous_3)","decl":{"start":{"line":34,"column":29},"end":{"line":34,"column":32}},"loc":{"start":{"line":34,"column":34},"end":{"line":41,"column":9}}}},"branchMap":{"0":{"loc":{"start":{"line":13,"column":8},"end":{"line":14,"column":47}},"type":"if","locations":[{"start":{"line":13,"column":8},"end":{"line":14,"column":47}}]},"1":{"loc":{"start":{"line":36,"column":12},"end":{"line":40,"column":24}},"type":"if","locations":[{"start":{"line":36,"column":12},"end":{"line":40,"column":24}},{"start":{"line":39,"column":17},"end":{"line":40,"column":24}}]},"2":{"loc":{"start":{"line":36,"column":16},"end":{"line":36,"column":47}},"type":"binary-expr","locations":[{"start":{"line":36,"column":16},"end":{"line":36,"column":26}},{"start":{"line":36,"column":30},"end":{"line":36,"column":47}}]},"3":{"loc":{"start":{"line":39,"column":17},"end":{"line":40,"column":24}},"type":"if","locations":[{"start":{"line":39,"column":17},"end":{"line":40,"column":24}}]}},"s":{"0":14,"1":14,"2":2,"3":9,"4":7,"5":7,"6":11,"7":11,"8":8,"9":3,"10":3,"11":7,"12":2},"f":{"0":14,"1":9,"2":7,"3":11},"b":{"0":[2],"1":[8,3],"2":[11,8],"3":[3]}}
,"/Users/royossai/WebstormProjects/pondSocket2/src/channel/channelEngine.ts": {"path":"/Users/royossai/WebstormProjects/pondSocket2/src/channel/channelEngine.ts","statementMap":{"0":{"start":{"line":3,"column":0},"end":{"line":3,"column":48}},"1":{"start":{"line":4,"column":0},"end":{"line":4,"column":87}},"2":{"start":{"line":5,"column":0},"end":{"line":5,"column":50}},"3":{"start":{"line":7,"column":0},"end":{"line":7,"column":46}},"4":{"start":{"line":49,"column":8},"end":{"line":49,"column":25}},"5":{"start":{"line":50,"column":8},"end":{"line":50,"column":61}},"6":{"start":{"line":51,"column":8},"end":{"line":51,"column":53}},"7":{"start":{"line":52,"column":8},"end":{"line":52,"column":36}},"8":{"start":{"line":63,"column":24},"end":{"line":63,"column":47}},"9":{"start":{"line":64,"column":8},"end":{"line":65,"column":108}},"10":{"start":{"line":65,"column":12},"end":{"line":65,"column":108}},"11":{"start":{"line":67,"column":8},"end":{"line":67,"column":41}},"12":{"start":{"line":68,"column":8},"end":{"line":68,"column":50}},"13":{"start":{"line":77,"column":21},"end":{"line":77,"column":44}},"14":{"start":{"line":78,"column":8},"end":{"line":86,"column":108}},"15":{"start":{"line":79,"column":12},"end":{"line":79,"column":39}},"16":{"start":{"line":80,"column":12},"end":{"line":80,"column":47}},"17":{"start":{"line":81,"column":12},"end":{"line":81,"column":47}},"18":{"start":{"line":83,"column":12},"end":{"line":84,"column":52}},"19":{"start":{"line":84,"column":16},"end":{"line":84,"column":52}},"20":{"start":{"line":85,"column":15},"end":{"line":86,"column":108}},"21":{"start":{"line":86,"column":12},"end":{"line":86,"column":108}},"22":{"start":{"line":95,"column":8},"end":{"line":98,"column":11}},"23":{"start":{"line":99,"column":8},"end":{"line":99,"column":32}},"24":{"start":{"line":100,"column":8},"end":{"line":102,"column":11}},"25":{"start":{"line":110,"column":8},"end":{"line":113,"column":11}},"26":{"start":{"line":114,"column":8},"end":{"line":114,"column":44}},"27":{"start":{"line":115,"column":8},"end":{"line":115,"column":79}},"28":{"start":{"line":115,"column":43},"end":{"line":115,"column":77}},"29":{"start":{"line":124,"column":8},"end":{"line":124,"column":76}},"30":{"start":{"line":125,"column":8},"end":{"line":126,"column":108}},"31":{"start":{"line":126,"column":12},"end":{"line":126,"column":108}},"32":{"start":{"line":128,"column":8},"end":{"line":129,"column":129}},"33":{"start":{"line":129,"column":12},"end":{"line":129,"column":129}},"34":{"start":{"line":131,"column":8},"end":{"line":133,"column":11}},"35":{"start":{"line":132,"column":12},"end":{"line":132,"column":77}},"36":{"start":{"line":142,"column":8},"end":{"line":143,"column":108}},"37":{"start":{"line":143,"column":12},"end":{"line":143,"column":108}},"38":{"start":{"line":145,"column":8},"end":{"line":149,"column":81}},"39":{"start":{"line":146,"column":12},"end":{"line":146,"column":66}},"40":{"start":{"line":149,"column":12},"end":{"line":149,"column":81}},"41":{"start":{"line":158,"column":21},"end":{"line":158,"column":44}},"42":{"start":{"line":159,"column":8},"end":{"line":162,"column":108}},"43":{"start":{"line":160,"column":12},"end":{"line":160,"column":70}},"44":{"start":{"line":162,"column":12},"end":{"line":162,"column":108}},"45":{"start":{"line":170,"column":25},"end":{"line":170,"column":97}},"46":{"start":{"line":171,"column":8},"end":{"line":178,"column":29}},"47":{"start":{"line":172,"column":12},"end":{"line":176,"column":14}},"48":{"start":{"line":178,"column":12},"end":{"line":178,"column":29}},"49":{"start":{"line":185,"column":37},"end":{"line":185,"column":39}},"50":{"start":{"line":186,"column":8},"end":{"line":188,"column":11}},"51":{"start":{"line":187,"column":12},"end":{"line":187,"column":33}},"52":{"start":{"line":189,"column":8},"end":{"line":189,"column":23}},"53":{"start":{"line":196,"column":8},"end":{"line":199,"column":22}},"54":{"start":{"line":197,"column":12},"end":{"line":197,"column":54}},"55":{"start":{"line":199,"column":12},"end":{"line":199,"column":22}},"56":{"start":{"line":208,"column":8},"end":{"line":212,"column":60}},"57":{"start":{"line":209,"column":12},"end":{"line":212,"column":60}},"58":{"start":{"line":210,"column":16},"end":{"line":210,"column":60}},"59":{"start":{"line":211,"column":17},"end":{"line":212,"column":60}},"60":{"start":{"line":212,"column":16},"end":{"line":212,"column":60}},"61":{"start":{"line":224,"column":8},"end":{"line":225,"column":108}},"62":{"start":{"line":225,"column":12},"end":{"line":225,"column":108}},"63":{"start":{"line":227,"column":25},"end":{"line":227,"column":55}},"64":{"start":{"line":230,"column":8},"end":{"line":246,"column":null}},"65":{"start":{"line":232,"column":16},"end":{"line":232,"column":33}},"66":{"start":{"line":233,"column":16},"end":{"line":233,"column":22}},"67":{"start":{"line":235,"column":16},"end":{"line":236,"column":116}},"68":{"start":{"line":236,"column":20},"end":{"line":236,"column":116}},"69":{"start":{"line":238,"column":16},"end":{"line":238,"column":65}},"70":{"start":{"line":238,"column":48},"end":{"line":238,"column":63}},"71":{"start":{"line":239,"column":16},"end":{"line":239,"column":22}},"72":{"start":{"line":241,"column":36},"end":{"line":241,"column":86}},"73":{"start":{"line":241,"column":61},"end":{"line":241,"column":85}},"74":{"start":{"line":242,"column":16},"end":{"line":243,"column":118}},"75":{"start":{"line":243,"column":20},"end":{"line":243,"column":118}},"76":{"start":{"line":245,"column":16},"end":{"line":245,"column":34}},"77":{"start":{"line":248,"column":8},"end":{"line":253,"column":11}},"78":{"start":{"line":262,"column":8},"end":{"line":263,"column":108}},"79":{"start":{"line":263,"column":12},"end":{"line":263,"column":108}},"80":{"start":{"line":265,"column":52},"end":{"line":270,"column":null}},"81":{"start":{"line":272,"column":24},"end":{"line":272,"column":63}},"82":{"start":{"line":273,"column":25},"end":{"line":273,"column":65}},"83":{"start":{"line":275,"column":8},"end":{"line":280,"column":11}},"84":{"start":{"line":276,"column":12},"end":{"line":279,"column":15}},"85":{"start":{"line":290,"column":8},"end":{"line":297,"column":11}},"86":{"start":{"line":291,"column":12},"end":{"line":296,"column":19}},"87":{"start":{"line":292,"column":16},"end":{"line":296,"column":19}},"88":{"start":{"line":41,"column":0},"end":{"line":41,"column":13}}},"fnMap":{"0":{"name":"(anonymous_0)","decl":{"start":{"line":48,"column":4},"end":{"line":48,"column":16}},"loc":{"start":{"line":48,"column":50},"end":{"line":53,"column":5}}},"1":{"name":"(anonymous_1)","decl":{"start":{"line":62,"column":11},"end":{"line":62,"column":18}},"loc":{"start":{"line":62,"column":97},"end":{"line":69,"column":5}}},"2":{"name":"(anonymous_2)","decl":{"start":{"line":76,"column":11},"end":{"line":76,"column":21}},"loc":{"start":{"line":76,"column":52},"end":{"line":87,"column":5}}},"3":{"name":"(anonymous_3)","decl":{"start":{"line":94,"column":11},"end":{"line":94,"column":19}},"loc":{"start":{"line":94,"column":50},"end":{"line":103,"column":5}}},"4":{"name":"(anonymous_4)","decl":{"start":{"line":109,"column":11},"end":{"line":109,"column":18}},"loc":{"start":{"line":109,"column":33},"end":{"line":116,"column":5}}},"5":{"name":"(anonymous_5)","decl":{"start":{"line":115,"column":28},"end":{"line":115,"column":29}},"loc":{"start":{"line":115,"column":43},"end":{"line":115,"column":77}}},"6":{"name":"(anonymous_6)","decl":{"start":{"line":123,"column":11},"end":{"line":123,"column":24}},"loc":{"start":{"line":123,"column":63},"end":{"line":134,"column":5}}},"7":{"name":"(anonymous_7)","decl":{"start":{"line":131,"column":61},"end":{"line":131,"column":67}},"loc":{"start":{"line":131,"column":70},"end":{"line":133,"column":9}}},"8":{"name":"(anonymous_8)","decl":{"start":{"line":141,"column":11},"end":{"line":141,"column":25}},"loc":{"start":{"line":141,"column":64},"end":{"line":150,"column":5}}},"9":{"name":"(anonymous_9)","decl":{"start":{"line":157,"column":11},"end":{"line":157,"column":24}},"loc":{"start":{"line":157,"column":61},"end":{"line":163,"column":5}}},"10":{"name":"(anonymous_10)","decl":{"start":{"line":169,"column":11},"end":{"line":169,"column":22}},"loc":{"start":{"line":169,"column":37},"end":{"line":179,"column":5}}},"11":{"name":"(anonymous_11)","decl":{"start":{"line":184,"column":11},"end":{"line":184,"column":21}},"loc":{"start":{"line":184,"column":21},"end":{"line":190,"column":5}}},"12":{"name":"(anonymous_12)","decl":{"start":{"line":186,"column":28},"end":{"line":186,"column":29}},"loc":{"start":{"line":186,"column":43},"end":{"line":188,"column":9}}},"13":{"name":"(anonymous_13)","decl":{"start":{"line":195,"column":11},"end":{"line":195,"column":22}},"loc":{"start":{"line":195,"column":22},"end":{"line":200,"column":5}}},"14":{"name":"(anonymous_14)","decl":{"start":{"line":207,"column":11},"end":{"line":207,"column":26}},"loc":{"start":{"line":207,"column":66},"end":{"line":213,"column":5}}},"15":{"name":"(anonymous_15)","decl":{"start":{"line":223,"column":11},"end":{"line":223,"column":22}},"loc":{"start":{"line":223,"column":111},"end":{"line":254,"column":5}}},"16":{"name":"(anonymous_16)","decl":{"start":{"line":238,"column":40},"end":{"line":238,"column":44}},"loc":{"start":{"line":238,"column":48},"end":{"line":238,"column":63}}},"17":{"name":"(anonymous_17)","decl":{"start":{"line":241,"column":53},"end":{"line":241,"column":57}},"loc":{"start":{"line":241,"column":61},"end":{"line":241,"column":85}}},"18":{"name":"(anonymous_18)","decl":{"start":{"line":261,"column":11},"end":{"line":261,"column":20}},"loc":{"start":{"line":261,"column":59},"end":{"line":281,"column":5}}},"19":{"name":"(anonymous_19)","decl":{"start":{"line":275,"column":54},"end":{"line":275,"column":57}},"loc":{"start":{"line":275,"column":59},"end":{"line":280,"column":9}}},"20":{"name":"(anonymous_20)","decl":{"start":{"line":289,"column":12},"end":{"line":289,"column":22}},"loc":{"start":{"line":289,"column":79},"end":{"line":298,"column":5}}},"21":{"name":"(anonymous_21)","decl":{"start":{"line":290,"column":41},"end":{"line":290,"column":46}},"loc":{"start":{"line":290,"column":49},"end":{"line":297,"column":9}}}},"branchMap":{"0":{"loc":{"start":{"line":64,"column":8},"end":{"line":65,"column":108}},"type":"if","locations":[{"start":{"line":64,"column":8},"end":{"line":65,"column":108}}]},"1":{"loc":{"start":{"line":76,"column":38},"end":{"line":76,"column":52}},"type":"default-arg","locations":[{"start":{"line":76,"column":47},"end":{"line":76,"column":52}}]},"2":{"loc":{"start":{"line":78,"column":8},"end":{"line":86,"column":108}},"type":"if","locations":[{"start":{"line":78,"column":8},"end":{"line":86,"column":108}},{"start":{"line":85,"column":15},"end":{"line":86,"column":108}}]},"3":{"loc":{"start":{"line":83,"column":12},"end":{"line":84,"column":52}},"type":"if","locations":[{"start":{"line":83,"column":12},"end":{"line":84,"column":52}}]},"4":{"loc":{"start":{"line":85,"column":15},"end":{"line":86,"column":108}},"type":"if","locations":[{"start":{"line":85,"column":15},"end":{"line":86,"column":108}}]},"5":{"loc":{"start":{"line":124,"column":31},"end":{"line":124,"column":75}},"type":"binary-expr","locations":[{"start":{"line":124,"column":31},"end":{"line":124,"column":51}},{"start":{"line":124,"column":55},"end":{"line":124,"column":75}}]},"6":{"loc":{"start":{"line":125,"column":8},"end":{"line":126,"column":108}},"type":"if","locations":[{"start":{"line":125,"column":8},"end":{"line":126,"column":108}}]},"7":{"loc":{"start":{"line":128,"column":8},"end":{"line":129,"column":129}},"type":"if","locations":[{"start":{"line":128,"column":8},"end":{"line":129,"column":129}}]},"8":{"loc":{"start":{"line":142,"column":8},"end":{"line":143,"column":108}},"type":"if","locations":[{"start":{"line":142,"column":8},"end":{"line":143,"column":108}}]},"9":{"loc":{"start":{"line":145,"column":8},"end":{"line":149,"column":81}},"type":"if","locations":[{"start":{"line":145,"column":8},"end":{"line":149,"column":81}},{"start":{"line":149,"column":12},"end":{"line":149,"column":81}}]},"10":{"loc":{"start":{"line":159,"column":8},"end":{"line":162,"column":108}},"type":"if","locations":[{"start":{"line":159,"column":8},"end":{"line":162,"column":108}},{"start":{"line":162,"column":12},"end":{"line":162,"column":108}}]},"11":{"loc":{"start":{"line":170,"column":25},"end":{"line":170,"column":97}},"type":"cond-expr","locations":[{"start":{"line":170,"column":48},"end":{"line":170,"column":92}},{"start":{"line":170,"column":95},"end":{"line":170,"column":97}}]},"12":{"loc":{"start":{"line":171,"column":8},"end":{"line":178,"column":29}},"type":"if","locations":[{"start":{"line":171,"column":8},"end":{"line":178,"column":29}},{"start":{"line":178,"column":12},"end":{"line":178,"column":29}}]},"13":{"loc":{"start":{"line":175,"column":26},"end":{"line":175,"column":40}},"type":"binary-expr","locations":[{"start":{"line":175,"column":26},"end":{"line":175,"column":34}},{"start":{"line":175,"column":38},"end":{"line":175,"column":40}}]},"14":{"loc":{"start":{"line":196,"column":8},"end":{"line":199,"column":22}},"type":"if","locations":[{"start":{"line":196,"column":8},"end":{"line":199,"column":22}},{"start":{"line":199,"column":12},"end":{"line":199,"column":22}}]},"15":{"loc":{"start":{"line":207,"column":43},"end":{"line":207,"column":66}},"type":"default-arg","locations":[{"start":{"line":207,"column":61},"end":{"line":207,"column":66}}]},"16":{"loc":{"start":{"line":208,"column":8},"end":{"line":212,"column":60}},"type":"if","locations":[{"start":{"line":208,"column":8},"end":{"line":212,"column":60}}]},"17":{"loc":{"start":{"line":209,"column":12},"end":{"line":212,"column":60}},"type":"if","locations":[{"start":{"line":209,"column":12},"end":{"line":212,"column":60}},{"start":{"line":211,"column":17},"end":{"line":212,"column":60}}]},"18":{"loc":{"start":{"line":209,"column":16},"end":{"line":209,"column":70}},"type":"binary-expr","locations":[{"start":{"line":209,"column":16},"end":{"line":209,"column":22}},{"start":{"line":209,"column":26},"end":{"line":209,"column":70}}]},"19":{"loc":{"start":{"line":211,"column":17},"end":{"line":212,"column":60}},"type":"if","locations":[{"start":{"line":211,"column":17},"end":{"line":212,"column":60}}]},"20":{"loc":{"start":{"line":224,"column":8},"end":{"line":225,"column":108}},"type":"if","locations":[{"start":{"line":224,"column":8},"end":{"line":225,"column":108}}]},"21":{"loc":{"start":{"line":224,"column":12},"end":{"line":224,"column":60}},"type":"binary-expr","locations":[{"start":{"line":224,"column":12},"end":{"line":224,"column":36}},{"start":{"line":224,"column":40},"end":{"line":224,"column":60}}]},"22":{"loc":{"start":{"line":230,"column":8},"end":{"line":246,"column":null}},"type":"switch","locations":[{"start":{"line":231,"column":12},"end":{"line":233,"column":22}},{"start":{"line":234,"column":12},"end":{"line":239,"column":22}},{"start":{"line":240,"column":12},"end":{"line":245,"column":34}}]},"23":{"loc":{"start":{"line":235,"column":16},"end":{"line":236,"column":116}},"type":"if","locations":[{"start":{"line":235,"column":16},"end":{"line":236,"column":116}}]},"24":{"loc":{"start":{"line":242,"column":16},"end":{"line":243,"column":118}},"type":"if","locations":[{"start":{"line":242,"column":16},"end":{"line":243,"column":118}}]},"25":{"loc":{"start":{"line":262,"column":8},"end":{"line":263,"column":108}},"type":"if","locations":[{"start":{"line":262,"column":8},"end":{"line":263,"column":108}}]},"26":{"loc":{"start":{"line":291,"column":12},"end":{"line":296,"column":19}},"type":"if","locations":[{"start":{"line":291,"column":12},"end":{"line":296,"column":19}}]}},"s":{"0":5,"1":5,"2":5,"3":5,"4":148,"5":148,"6":148,"7":148,"8":163,"9":163,"10":4,"11":159,"12":159,"13":25,"14":25,"15":21,"16":21,"17":21,"18":21,"19":13,"20":4,"21":4,"22":7,"23":7,"24":7,"25":7,"26":7,"27":7,"28":3,"29":54,"30":54,"31":4,"32":50,"33":4,"34":46,"35":65,"36":15,"37":4,"38":11,"39":7,"40":4,"41":11,"42":11,"43":7,"44":4,"45":50,"46":50,"47":36,"48":14,"49":12,"50":12,"51":12,"52":12,"53":16,"54":12,"55":4,"56":38,"57":19,"58":9,"59":10,"60":10,"61":149,"62":13,"63":136,"64":136,"65":23,"66":23,"67":16,"68":4,"69":12,"70":21,"71":12,"72":97,"73":109,"74":97,"75":4,"76":93,"77":128,"78":3,"79":0,"80":3,"81":3,"82":3,"83":3,"84":0,"85":159,"86":175,"87":127,"88":5},"f":{"0":148,"1":163,"2":25,"3":7,"4":7,"5":3,"6":54,"7":65,"8":15,"9":11,"10":50,"11":12,"12":12,"13":16,"14":38,"15":149,"16":21,"17":109,"18":3,"19":0,"20":159,"21":175},"b":{"0":[4],"1":[20],"2":[21,4],"3":[13],"4":[4],"5":[54,42],"6":[4],"7":[4],"8":[4],"9":[7,4],"10":[7,4],"11":[12,38],"12":[36,14],"13":[36,0],"14":[12,4],"15":[9],"16":[19],"17":[9,10],"18":[19,9],"19":[10],"20":[13],"21":[149,120],"22":[23,16,97],"23":[4],"24":[4],"25":[0],"26":[127]}}
,"/Users/royossai/WebstormProjects/pondSocket2/src/channel/channelRequest.ts": {"path":"/Users/royossai/WebstormProjects/pondSocket2/src/channel/channelRequest.ts","statementMap":{"0":{"start":{"line":3,"column":0},"end":{"line":3,"column":61}},"1":{"start":{"line":9,"column":8},"end":{"line":9,"column":50}},"2":{"start":{"line":10,"column":8},"end":{"line":10,"column":36}},"3":{"start":{"line":14,"column":8},"end":{"line":14,"column":43}},"4":{"start":{"line":18,"column":24},"end":{"line":18,"column":76}},"5":{"start":{"line":20,"column":8},"end":{"line":21,"column":137}},"6":{"start":{"line":21,"column":12},"end":{"line":21,"column":137}},"7":{"start":{"line":23,"column":8},"end":{"line":23,"column":23}},"8":{"start":{"line":5,"column":0},"end":{"line":5,"column":13}}},"fnMap":{"0":{"name":"(anonymous_0)","decl":{"start":{"line":8,"column":4},"end":{"line":8,"column":16}},"loc":{"start":{"line":8,"column":66},"end":{"line":11,"column":5}}},"1":{"name":"(anonymous_1)","decl":{"start":{"line":13,"column":4},"end":{"line":13,"column":15}},"loc":{"start":{"line":13,"column":28},"end":{"line":15,"column":5}}},"2":{"name":"(anonymous_2)","decl":{"start":{"line":17,"column":4},"end":{"line":17,"column":15}},"loc":{"start":{"line":17,"column":19},"end":{"line":24,"column":5}}}},"branchMap":{"0":{"loc":{"start":{"line":20,"column":8},"end":{"line":21,"column":137}},"type":"if","locations":[{"start":{"line":20,"column":8},"end":{"line":21,"column":137}}]}},"s":{"0":5,"1":6,"2":6,"3":1,"4":2,"5":2,"6":1,"7":1,"8":5},"f":{"0":6,"1":1,"2":2},"b":{"0":[1]}}
,"/Users/royossai/WebstormProjects/pondSocket2/src/channel/channelResponse.ts": {"path":"/Users/royossai/WebstormProjects/pondSocket2/src/channel/channelResponse.ts","statementMap":{"0":{"start":{"line":1,"column":0},"end":{"line":1,"column":72}},"1":{"start":{"line":11,"column":8},"end":{"line":11,"column":16}},"2":{"start":{"line":8,"column":12},"end":{"line":8,"column":42}},"3":{"start":{"line":12,"column":8},"end":{"line":12,"column":28}},"4":{"start":{"line":13,"column":8},"end":{"line":13,"column":30}},"5":{"start":{"line":20,"column":8},"end":{"line":20,"column":33}},"6":{"start":{"line":28,"column":8},"end":{"line":28,"column":37}},"7":{"start":{"line":29,"column":8},"end":{"line":29,"column":33}},"8":{"start":{"line":30,"column":8},"end":{"line":30,"column":20}},"9":{"start":{"line":40,"column":8},"end":{"line":40,"column":37}},"10":{"start":{"line":41,"column":21},"end":{"line":41,"column":54}},"11":{"start":{"line":42,"column":8},"end":{"line":42,"column":124}},"12":{"start":{"line":43,"column":8},"end":{"line":43,"column":33}},"13":{"start":{"line":44,"column":8},"end":{"line":44,"column":20}},"14":{"start":{"line":54,"column":8},"end":{"line":54,"column":82}},"15":{"start":{"line":55,"column":8},"end":{"line":55,"column":36}},"16":{"start":{"line":64,"column":8},"end":{"line":64,"column":82}},"17":{"start":{"line":65,"column":8},"end":{"line":65,"column":20}},"18":{"start":{"line":74,"column":8},"end":{"line":74,"column":90}},"19":{"start":{"line":75,"column":8},"end":{"line":75,"column":20}},"20":{"start":{"line":85,"column":8},"end":{"line":85,"column":78}},"21":{"start":{"line":86,"column":8},"end":{"line":86,"column":20}},"22":{"start":{"line":95,"column":8},"end":{"line":95,"column":75}},"23":{"start":{"line":96,"column":8},"end":{"line":96,"column":20}},"24":{"start":{"line":105,"column":8},"end":{"line":105,"column":76}},"25":{"start":{"line":106,"column":8},"end":{"line":106,"column":20}},"26":{"start":{"line":114,"column":8},"end":{"line":114,"column":46}},"27":{"start":{"line":115,"column":8},"end":{"line":119,"column":null}},"28":{"start":{"line":116,"column":12},"end":{"line":116,"column":49}},"29":{"start":{"line":118,"column":12},"end":{"line":118,"column":108}},"30":{"start":{"line":121,"column":8},"end":{"line":121,"column":20}},"31":{"start":{"line":130,"column":8},"end":{"line":130,"column":68}},"32":{"start":{"line":131,"column":8},"end":{"line":131,"column":33}},"33":{"start":{"line":139,"column":8},"end":{"line":139,"column":37}},"34":{"start":{"line":140,"column":8},"end":{"line":140,"column":33}},"35":{"start":{"line":149,"column":8},"end":{"line":150,"column":68}},"36":{"start":{"line":150,"column":12},"end":{"line":150,"column":68}},"37":{"start":{"line":5,"column":0},"end":{"line":5,"column":13}}},"fnMap":{"0":{"name":"(anonymous_0)","decl":{"start":{"line":10,"column":4},"end":{"line":10,"column":16}},"loc":{"start":{"line":10,"column":66},"end":{"line":14,"column":5}}},"1":{"name":"(anonymous_1)","decl":{"start":{"line":19,"column":4},"end":{"line":19,"column":15}},"loc":{"start":{"line":19,"column":27},"end":{"line":21,"column":5}}},"2":{"name":"(anonymous_2)","decl":{"start":{"line":27,"column":11},"end":{"line":27,"column":17}},"loc":{"start":{"line":27,"column":39},"end":{"line":31,"column":5}}},"3":{"name":"(anonymous_3)","decl":{"start":{"line":39,"column":11},"end":{"line":39,"column":17}},"loc":{"start":{"line":39,"column":77},"end":{"line":45,"column":5}}},"4":{"name":"(anonymous_4)","decl":{"start":{"line":53,"column":11},"end":{"line":53,"column":15}},"loc":{"start":{"line":53,"column":74},"end":{"line":56,"column":5}}},"5":{"name":"(anonymous_5)","decl":{"start":{"line":63,"column":11},"end":{"line":63,"column":20}},"loc":{"start":{"line":63,"column":56},"end":{"line":66,"column":5}}},"6":{"name":"(anonymous_6)","decl":{"start":{"line":73,"column":11},"end":{"line":73,"column":28}},"loc":{"start":{"line":73,"column":64},"end":{"line":76,"column":5}}},"7":{"name":"(anonymous_7)","decl":{"start":{"line":84,"column":11},"end":{"line":84,"column":22}},"loc":{"start":{"line":84,"column":77},"end":{"line":87,"column":5}}},"8":{"name":"(anonymous_8)","decl":{"start":{"line":94,"column":11},"end":{"line":94,"column":24}},"loc":{"start":{"line":94,"column":64},"end":{"line":97,"column":5}}},"9":{"name":"(anonymous_9)","decl":{"start":{"line":104,"column":11},"end":{"line":104,"column":25}},"loc":{"start":{"line":104,"column":65},"end":{"line":107,"column":5}}},"10":{"name":"(anonymous_10)","decl":{"start":{"line":113,"column":11},"end":{"line":113,"column":26}},"loc":{"start":{"line":113,"column":42},"end":{"line":122,"column":5}}},"11":{"name":"(anonymous_11)","decl":{"start":{"line":129,"column":11},"end":{"line":129,"column":20}},"loc":{"start":{"line":129,"column":52},"end":{"line":132,"column":5}}},"12":{"name":"(anonymous_12)","decl":{"start":{"line":138,"column":11},"end":{"line":138,"column":23}},"loc":{"start":{"line":138,"column":38},"end":{"line":141,"column":5}}},"13":{"name":"(anonymous_13)","decl":{"start":{"line":148,"column":12},"end":{"line":148,"column":26}},"loc":{"start":{"line":148,"column":48},"end":{"line":151,"column":5}}}},"branchMap":{"0":{"loc":{"start":{"line":41,"column":21},"end":{"line":41,"column":54}},"type":"binary-expr","locations":[{"start":{"line":41,"column":21},"end":{"line":41,"column":28}},{"start":{"line":41,"column":32},"end":{"line":41,"column":54}}]},"1":{"loc":{"start":{"line":42,"column":105},"end":{"line":42,"column":121}},"type":"binary-expr","locations":[{"start":{"line":42,"column":105},"end":{"line":42,"column":114}},{"start":{"line":42,"column":118},"end":{"line":42,"column":121}}]},"2":{"loc":{"start":{"line":95,"column":35},"end":{"line":95,"column":63}},"type":"binary-expr","locations":[{"start":{"line":95,"column":35},"end":{"line":95,"column":41}},{"start":{"line":95,"column":45},"end":{"line":95,"column":63}}]},"3":{"loc":{"start":{"line":105,"column":36},"end":{"line":105,"column":64}},"type":"binary-expr","locations":[{"start":{"line":105,"column":36},"end":{"line":105,"column":42}},{"start":{"line":105,"column":46},"end":{"line":105,"column":64}}]},"4":{"loc":{"start":{"line":114,"column":17},"end":{"line":114,"column":45}},"type":"binary-expr","locations":[{"start":{"line":114,"column":17},"end":{"line":114,"column":23}},{"start":{"line":114,"column":27},"end":{"line":114,"column":45}}]},"5":{"loc":{"start":{"line":130,"column":30},"end":{"line":130,"column":58}},"type":"binary-expr","locations":[{"start":{"line":130,"column":30},"end":{"line":130,"column":36}},{"start":{"line":130,"column":40},"end":{"line":130,"column":58}}]},"6":{"loc":{"start":{"line":149,"column":8},"end":{"line":150,"column":68}},"type":"if","locations":[{"start":{"line":149,"column":8},"end":{"line":150,"column":68}}]}},"s":{"0":5,"1":48,"2":48,"3":48,"4":48,"5":21,"6":10,"7":10,"8":10,"9":5,"10":5,"11":5,"12":5,"13":5,"14":3,"15":3,"16":4,"17":4,"18":3,"19":3,"20":3,"21":3,"22":9,"23":9,"24":3,"25":3,"26":9,"27":9,"28":9,"29":3,"30":9,"31":3,"32":3,"33":3,"34":3,"35":15,"36":3,"37":5},"f":{"0":48,"1":21,"2":10,"3":5,"4":3,"5":4,"6":3,"7":3,"8":9,"9":3,"10":9,"11":3,"12":3,"13":15},"b":{"0":[5,4],"1":[5,5],"2":[9,9],"3":[3,3],"4":[9,9],"5":[3,3],"6":[3]}}
,"/Users/royossai/WebstormProjects/pondSocket2/src/endpoint/endpointEngine.ts": {"path":"/Users/royossai/WebstormProjects/pondSocket2/src/endpoint/endpointEngine.ts","statementMap":{"0":{"start":{"line":2,"column":0},"end":{"line":2,"column":71}},"1":{"start":{"line":7,"column":0},"end":{"line":7,"column":83}},"2":{"start":{"line":23,"column":0},"end":{"line":23,"column":null}},"3":{"start":{"line":24,"column":4},"end":{"line":24,"column":null}},"4":{"start":{"line":25,"column":4},"end":{"line":25,"column":null}},"5":{"start":{"line":26,"column":4},"end":{"line":26,"column":null}},"6":{"start":{"line":46,"column":8},"end":{"line":46,"column":30}},"7":{"start":{"line":47,"column":8},"end":{"line":47,"column":28}},"8":{"start":{"line":48,"column":8},"end":{"line":48,"column":34}},"9":{"start":{"line":49,"column":8},"end":{"line":49,"column":43}},"10":{"start":{"line":61,"column":24},"end":{"line":61,"column":47}},"11":{"start":{"line":62,"column":8},"end":{"line":62,"column":45}},"12":{"start":{"line":69,"column":8},"end":{"line":69,"column":64}},"13":{"start":{"line":69,"column":54},"end":{"line":69,"column":62}},"14":{"start":{"line":76,"column":8},"end":{"line":76,"column":34}},"15":{"start":{"line":85,"column":8},"end":{"line":88,"column":11}},"16":{"start":{"line":86,"column":42},"end":{"line":86,"column":81}},"17":{"start":{"line":87,"column":12},"end":{"line":87,"column":47}},"18":{"start":{"line":96,"column":24},"end":{"line":96,"column":79}},"19":{"start":{"line":98,"column":8},"end":{"line":101,"column":15}},"20":{"start":{"line":100,"column":16},"end":{"line":100,"column":63}},"21":{"start":{"line":100,"column":48},"end":{"line":100,"column":63}},"22":{"start":{"line":113,"column":25},"end":{"line":113,"column":49}},"23":{"start":{"line":114,"column":17},"end":{"line":115,"column":null}},"24":{"start":{"line":118,"column":56},"end":{"line":141,"column":9}},"25":{"start":{"line":119,"column":12},"end":{"line":122,"column":null}},"26":{"start":{"line":120,"column":16},"end":{"line":120,"column":90}},"27":{"start":{"line":121,"column":16},"end":{"line":121,"column":40}},"28":{"start":{"line":124,"column":12},"end":{"line":140,"column":15}},"29":{"start":{"line":125,"column":16},"end":{"line":125,"column":52}},"30":{"start":{"line":126,"column":49},"end":{"line":128,"column":18}},"31":{"start":{"line":130,"column":16},"end":{"line":130,"column":47}},"32":{"start":{"line":131,"column":16},"end":{"line":131,"column":48}},"33":{"start":{"line":133,"column":16},"end":{"line":139,"column":null}},"34":{"start":{"line":134,"column":53},"end":{"line":136,"column":22}},"35":{"start":{"line":138,"column":20},"end":{"line":138,"column":54}},"36":{"start":{"line":143,"column":20},"end":{"line":143,"column":50}},"37":{"start":{"line":144,"column":8},"end":{"line":144,"column":26}},"38":{"start":{"line":153,"column":23},"end":{"line":153,"column":35}},"39":{"start":{"line":154,"column":8},"end":{"line":156,"column":11}},"40":{"start":{"line":155,"column":12},"end":{"line":155,"column":null}},"41":{"start":{"line":158,"column":8},"end":{"line":161,"column":11}},"42":{"start":{"line":159,"column":12},"end":{"line":160,"column":76}},"43":{"start":{"line":160,"column":40},"end":{"line":160,"column":74}},"44":{"start":{"line":163,"column":8},"end":{"line":166,"column":11}},"45":{"start":{"line":164,"column":12},"end":{"line":165,"column":76}},"46":{"start":{"line":165,"column":40},"end":{"line":165,"column":74}},"47":{"start":{"line":175,"column":8},"end":{"line":175,"column":45}},"48":{"start":{"line":186,"column":8},"end":{"line":195,"column":null}},"49":{"start":{"line":187,"column":26},"end":{"line":187,"column":65}},"50":{"start":{"line":188,"column":12},"end":{"line":194,"column":null}},"51":{"start":{"line":189,"column":29},"end":{"line":190,"column":null}},"52":{"start":{"line":193,"column":16},"end":{"line":193,"column":48}},"53":{"start":{"line":197,"column":8},"end":{"line":197,"column":76}},"54":{"start":{"line":207,"column":8},"end":{"line":210,"column":null}},"55":{"start":{"line":208,"column":30},"end":{"line":208,"column":70}},"56":{"start":{"line":209,"column":12},"end":{"line":209,"column":68}},"57":{"start":{"line":209,"column":27},"end":{"line":209,"column":68}},"58":{"start":{"line":212,"column":8},"end":{"line":212,"column":76}},"59":{"start":{"line":221,"column":8},"end":{"line":237,"column":null}},"60":{"start":{"line":223,"column":16},"end":{"line":223,"column":79}},"61":{"start":{"line":224,"column":16},"end":{"line":224,"column":22}},"62":{"start":{"line":227,"column":16},"end":{"line":229,"column":19}},"63":{"start":{"line":228,"column":20},"end":{"line":228,"column":55}},"64":{"start":{"line":230,"column":16},"end":{"line":230,"column":22}},"65":{"start":{"line":233,"column":16},"end":{"line":235,"column":19}},"66":{"start":{"line":234,"column":20},"end":{"line":234,"column":63}},"67":{"start":{"line":236,"column":16},"end":{"line":236,"column":22}},"68":{"start":{"line":247,"column":43},"end":{"line":249,"column":10}},"69":{"start":{"line":251,"column":8},"end":{"line":285,"column":null}},"70":{"start":{"line":252,"column":25},"end":{"line":252,"column":61}},"71":{"start":{"line":254,"column":12},"end":{"line":264,"column":14}},"72":{"start":{"line":254,"column":30},"end":{"line":256,"column":14}},"73":{"start":{"line":258,"column":17},"end":{"line":264,"column":14}},"74":{"start":{"line":258,"column":40},"end":{"line":260,"column":14}},"75":{"start":{"line":262,"column":17},"end":{"line":264,"column":14}},"76":{"start":{"line":262,"column":36},"end":{"line":264,"column":14}},"77":{"start":{"line":266,"column":12},"end":{"line":269,"column":50}},"78":{"start":{"line":267,"column":16},"end":{"line":267,"column":62}},"79":{"start":{"line":269,"column":17},"end":{"line":269,"column":50}},"80":{"start":{"line":272,"column":12},"end":{"line":284,"column":null}},"81":{"start":{"line":273,"column":16},"end":{"line":275,"column":null}},"82":{"start":{"line":276,"column":16},"end":{"line":276,"column":62}},"83":{"start":{"line":278,"column":19},"end":{"line":284,"column":null}},"84":{"start":{"line":279,"column":16},"end":{"line":281,"column":null}},"85":{"start":{"line":283,"column":16},"end":{"line":283,"column":62}},"86":{"start":{"line":294,"column":8},"end":{"line":294,"column":45}},"87":{"start":{"line":302,"column":17},"end":{"line":302,"column":19}},"88":{"start":{"line":303,"column":22},"end":{"line":303,"column":86}},"89":{"start":{"line":304,"column":8},"end":{"line":306,"column":null}},"90":{"start":{"line":304,"column":21},"end":{"line":304,"column":22}},"91":{"start":{"line":305,"column":12},"end":{"line":305,"column":73}},"92":{"start":{"line":308,"column":8},"end":{"line":308,"column":18}},"93":{"start":{"line":39,"column":0},"end":{"line":39,"column":13}}},"fnMap":{"0":{"name":"(anonymous_0)","decl":{"start":{"line":23,"column":0},"end":{"line":23,"column":12}},"loc":{"start":{"line":23,"column":25},"end":{"line":27,"column":1}}},"1":{"name":"(anonymous_1)","decl":{"start":{"line":45,"column":4},"end":{"line":45,"column":16}},"loc":{"start":{"line":45,"column":39},"end":{"line":50,"column":5}}},"2":{"name":"(anonymous_2)","decl":{"start":{"line":60,"column":11},"end":{"line":60,"column":21}},"loc":{"start":{"line":60,"column":58},"end":{"line":63,"column":5}}},"3":{"name":"(anonymous_3)","decl":{"start":{"line":68,"column":11},"end":{"line":68,"column":26}},"loc":{"start":{"line":68,"column":26},"end":{"line":70,"column":5}}},"4":{"name":"(anonymous_4)","decl":{"start":{"line":69,"column":38},"end":{"line":69,"column":39}},"loc":{"start":{"line":69,"column":54},"end":{"line":69,"column":62}}},"5":{"name":"(anonymous_5)","decl":{"start":{"line":75,"column":11},"end":{"line":75,"column":21}},"loc":{"start":{"line":75,"column":21},"end":{"line":77,"column":5}}},"6":{"name":"(anonymous_6)","decl":{"start":{"line":84,"column":11},"end":{"line":84,"column":20}},"loc":{"start":{"line":84,"column":56},"end":{"line":89,"column":5}}},"7":{"name":"(anonymous_7)","decl":{"start":{"line":85,"column":30},"end":{"line":85,"column":31}},"loc":{"start":{"line":85,"column":43},"end":{"line":88,"column":9}}},"8":{"name":"(anonymous_8)","decl":{"start":{"line":95,"column":11},"end":{"line":95,"column":26}},"loc":{"start":{"line":95,"column":55},"end":{"line":102,"column":5}}},"9":{"name":"(anonymous_9)","decl":{"start":{"line":99,"column":21},"end":{"line":99,"column":22}},"loc":{"start":{"line":99,"column":44},"end":{"line":101,"column":13}}},"10":{"name":"(anonymous_10)","decl":{"start":{"line":112,"column":11},"end":{"line":112,"column":31}},"loc":{"start":{"line":112,"column":137},"end":{"line":145,"column":5}}},"11":{"name":"(anonymous_11)","decl":{"start":{"line":118,"column":56},"end":{"line":118,"column":57}},"loc":{"start":{"line":118,"column":74},"end":{"line":141,"column":9}}},"12":{"name":"(anonymous_12)","decl":{"start":{"line":124,"column":62},"end":{"line":124,"column":63}},"loc":{"start":{"line":124,"column":69},"end":{"line":140,"column":13}}},"13":{"name":"(anonymous_13)","decl":{"start":{"line":152,"column":12},"end":{"line":152,"column":25}},"loc":{"start":{"line":152,"column":44},"end":{"line":167,"column":5}}},"14":{"name":"(anonymous_14)","decl":{"start":{"line":154,"column":43},"end":{"line":154,"column":44}},"loc":{"start":{"line":154,"column":55},"end":{"line":156,"column":9}}},"15":{"name":"(anonymous_15)","decl":{"start":{"line":158,"column":41},"end":{"line":158,"column":44}},"loc":{"start":{"line":158,"column":46},"end":{"line":161,"column":9}}},"16":{"name":"(anonymous_16)","decl":{"start":{"line":160,"column":25},"end":{"line":160,"column":26}},"loc":{"start":{"line":160,"column":40},"end":{"line":160,"column":74}}},"17":{"name":"(anonymous_17)","decl":{"start":{"line":163,"column":41},"end":{"line":163,"column":44}},"loc":{"start":{"line":163,"column":46},"end":{"line":166,"column":9}}},"18":{"name":"(anonymous_18)","decl":{"start":{"line":165,"column":25},"end":{"line":165,"column":26}},"loc":{"start":{"line":165,"column":40},"end":{"line":165,"column":74}}},"19":{"name":"(anonymous_19)","decl":{"start":{"line":174,"column":12},"end":{"line":174,"column":24}},"loc":{"start":{"line":174,"column":65},"end":{"line":176,"column":5}}},"20":{"name":"(anonymous_20)","decl":{"start":{"line":185,"column":12},"end":{"line":185,"column":24}},"loc":{"start":{"line":185,"column":94},"end":{"line":198,"column":5}}},"21":{"name":"(anonymous_21)","decl":{"start":{"line":206,"column":12},"end":{"line":206,"column":20}},"loc":{"start":{"line":206,"column":81},"end":{"line":213,"column":5}}},"22":{"name":"(anonymous_22)","decl":{"start":{"line":220,"column":12},"end":{"line":220,"column":26}},"loc":{"start":{"line":220,"column":69},"end":{"line":238,"column":5}}},"23":{"name":"(anonymous_23)","decl":{"start":{"line":227,"column":51},"end":{"line":227,"column":52}},"loc":{"start":{"line":227,"column":63},"end":{"line":229,"column":17}}},"24":{"name":"(anonymous_24)","decl":{"start":{"line":233,"column":51},"end":{"line":233,"column":52}},"loc":{"start":{"line":233,"column":63},"end":{"line":235,"column":17}}},"25":{"name":"(anonymous_25)","decl":{"start":{"line":246,"column":12},"end":{"line":246,"column":24}},"loc":{"start":{"line":246,"column":60},"end":{"line":286,"column":5}}},"26":{"name":"(anonymous_26)","decl":{"start":{"line":293,"column":12},"end":{"line":293,"column":26}},"loc":{"start":{"line":293,"column":51},"end":{"line":295,"column":5}}},"27":{"name":"(anonymous_27)","decl":{"start":{"line":301,"column":12},"end":{"line":301,"column":29}},"loc":{"start":{"line":301,"column":29},"end":{"line":309,"column":5}}}},"branchMap":{"0":{"loc":{"start":{"line":23,"column":12},"end":{"line":23,"column":null}},"type":"binary-expr","locations":[{"start":{"line":23,"column":12},"end":{"line":23,"column":25}},{"start":{"line":23,"column":12},"end":{"line":23,"column":null}}]},"1":{"loc":{"start":{"line":96,"column":24},"end":{"line":96,"column":79}},"type":"cond-expr","locations":[{"start":{"line":96,"column":56},"end":{"line":96,"column":67}},{"start":{"line":96,"column":70},"end":{"line":96,"column":79}}]},"2":{"loc":{"start":{"line":100,"column":16},"end":{"line":100,"column":63}},"type":"if","locations":[{"start":{"line":100,"column":16},"end":{"line":100,"column":63}}]},"3":{"loc":{"start":{"line":119,"column":12},"end":{"line":122,"column":null}},"type":"if","locations":[{"start":{"line":119,"column":12},"end":{"line":122,"column":null}}]},"4":{"loc":{"start":{"line":133,"column":16},"end":{"line":139,"column":null}},"type":"if","locations":[{"start":{"line":133,"column":16},"end":{"line":139,"column":null}}]},"5":{"loc":{"start":{"line":188,"column":12},"end":{"line":194,"column":null}},"type":"if","locations":[{"start":{"line":188,"column":12},"end":{"line":194,"column":null}}]},"6":{"loc":{"start":{"line":209,"column":12},"end":{"line":209,"column":68}},"type":"if","locations":[{"start":{"line":209,"column":12},"end":{"line":209,"column":68}}]},"7":{"loc":{"start":{"line":221,"column":8},"end":{"line":237,"column":null}},"type":"switch","locations":[{"start":{"line":222,"column":12},"end":{"line":224,"column":22}},{"start":{"line":226,"column":12},"end":{"line":230,"column":22}},{"start":{"line":232,"column":12},"end":{"line":236,"column":22}}]},"8":{"loc":{"start":{"line":254,"column":12},"end":{"line":264,"column":14}},"type":"if","locations":[{"start":{"line":254,"column":12},"end":{"line":264,"column":14}},{"start":{"line":258,"column":17},"end":{"line":264,"column":14}}]},"9":{"loc":{"start":{"line":258,"column":17},"end":{"line":264,"column":14}},"type":"if","locations":[{"start":{"line":258,"column":17},"end":{"line":264,"column":14}},{"start":{"line":262,"column":17},"end":{"line":264,"column":14}}]},"10":{"loc":{"start":{"line":262,"column":17},"end":{"line":264,"column":14}},"type":"if","locations":[{"start":{"line":262,"column":17},"end":{"line":264,"column":14}}]},"11":{"loc":{"start":{"line":266,"column":12},"end":{"line":269,"column":50}},"type":"if","locations":[{"start":{"line":266,"column":12},"end":{"line":269,"column":50}},{"start":{"line":269,"column":17},"end":{"line":269,"column":50}}]},"12":{"loc":{"start":{"line":272,"column":12},"end":{"line":284,"column":null}},"type":"if","locations":[{"start":{"line":272,"column":12},"end":{"line":284,"column":null}},{"start":{"line":278,"column":19},"end":{"line":284,"column":null}}]},"13":{"loc":{"start":{"line":278,"column":19},"end":{"line":284,"column":null}},"type":"if","locations":[{"start":{"line":278,"column":19},"end":{"line":284,"column":null}}]}},"s":{"0":1,"1":1,"2":1,"3":1,"4":1,"5":1,"6":10,"7":10,"8":10,"9":10,"10":6,"11":6,"12":5,"13":6,"14":3,"15":2,"16":3,"17":3,"18":3,"19":3,"20":4,"21":4,"22":15,"23":15,"24":15,"25":15,"26":1,"27":1,"28":14,"29":14,"30":14,"31":14,"32":14,"33":14,"34":4,"35":4,"36":15,"37":15,"38":14,"39":14,"40":12,"41":14,"42":14,"43":9,"44":14,"45":0,"46":0,"47":9,"48":7,"49":8,"50":8,"51":6,"52":6,"53":1,"54":5,"55":5,"56":5,"57":4,"58":1,"59":12,"60":7,"61":6,"62":2,"63":1,"64":1,"65":3,"66":3,"67":3,"68":12,"69":12,"70":12,"71":12,"72":0,"73":12,"74":0,"75":12,"76":0,"77":12,"78":0,"79":12,"80":2,"81":0,"82":0,"83":2,"84":2,"85":2,"86":12,"87":15,"88":15,"89":15,"90":15,"91":315,"92":15,"93":1},"f":{"0":1,"1":10,"2":6,"3":5,"4":6,"5":3,"6":2,"7":3,"8":3,"9":4,"10":15,"11":15,"12":14,"13":14,"14":12,"15":14,"16":9,"17":0,"18":0,"19":9,"20":7,"21":5,"22":12,"23":1,"24":3,"25":12,"26":12,"27":15},"b":{"0":[1,1],"1":[1,2],"2":[4],"3":[1],"4":[4],"5":[6],"6":[4],"7":[7,2,3],"8":[0,12],"9":[0,12],"10":[0],"11":[0,12],"12":[0,2],"13":[2]}}
,"/Users/royossai/WebstormProjects/pondSocket2/src/endpoint/endpointResponse.ts": {"path":"/Users/royossai/WebstormProjects/pondSocket2/src/endpoint/endpointResponse.ts","statementMap":{"0":{"start":{"line":1,"column":0},"end":{"line":1,"column":72}},"1":{"start":{"line":16,"column":8},"end":{"line":16,"column":16}},"2":{"start":{"line":12,"column":12},"end":{"line":12,"column":33}},"3":{"start":{"line":17,"column":8},"end":{"line":17,"column":32}},"4":{"start":{"line":25,"column":8},"end":{"line":26,"column":84}},"5":{"start":{"line":26,"column":12},"end":{"line":26,"column":84}},"6":{"start":{"line":28,"column":8},"end":{"line":28,"column":33}},"7":{"start":{"line":29,"column":8},"end":{"line":29,"column":41}},"8":{"start":{"line":38,"column":8},"end":{"line":39,"column":84}},"9":{"start":{"line":39,"column":12},"end":{"line":39,"column":84}},"10":{"start":{"line":41,"column":8},"end":{"line":41,"column":33}},"11":{"start":{"line":42,"column":8},"end":{"line":42,"column":101}},"12":{"start":{"line":52,"column":8},"end":{"line":53,"column":84}},"13":{"start":{"line":53,"column":12},"end":{"line":53,"column":84}},"14":{"start":{"line":55,"column":8},"end":{"line":55,"column":33}},"15":{"start":{"line":56,"column":8},"end":{"line":56,"column":82}},"16":{"start":{"line":11,"column":0},"end":{"line":11,"column":13}}},"fnMap":{"0":{"name":"(anonymous_0)","decl":{"start":{"line":15,"column":4},"end":{"line":15,"column":16}},"loc":{"start":{"line":15,"column":54},"end":{"line":18,"column":5}}},"1":{"name":"(anonymous_1)","decl":{"start":{"line":24,"column":11},"end":{"line":24,"column":17}},"loc":{"start":{"line":24,"column":39},"end":{"line":30,"column":5}}},"2":{"name":"(anonymous_2)","decl":{"start":{"line":37,"column":11},"end":{"line":37,"column":17}},"loc":{"start":{"line":37,"column":54},"end":{"line":43,"column":5}}},"3":{"name":"(anonymous_3)","decl":{"start":{"line":51,"column":11},"end":{"line":51,"column":15}},"loc":{"start":{"line":51,"column":74},"end":{"line":57,"column":5}}}},"branchMap":{"0":{"loc":{"start":{"line":25,"column":8},"end":{"line":26,"column":84}},"type":"if","locations":[{"start":{"line":25,"column":8},"end":{"line":26,"column":84}}]},"1":{"loc":{"start":{"line":29,"column":22},"end":{"line":29,"column":35}},"type":"binary-expr","locations":[{"start":{"line":29,"column":22},"end":{"line":29,"column":29}},{"start":{"line":29,"column":33},"end":{"line":29,"column":35}}]},"2":{"loc":{"start":{"line":38,"column":8},"end":{"line":39,"column":84}},"type":"if","locations":[{"start":{"line":38,"column":8},"end":{"line":39,"column":84}}]},"3":{"loc":{"start":{"line":42,"column":44},"end":{"line":42,"column":73}},"type":"binary-expr","locations":[{"start":{"line":42,"column":44},"end":{"line":42,"column":51}},{"start":{"line":42,"column":55},"end":{"line":42,"column":73}}]},"4":{"loc":{"start":{"line":42,"column":81},"end":{"line":42,"column":97}},"type":"binary-expr","locations":[{"start":{"line":42,"column":81},"end":{"line":42,"column":90}},{"start":{"line":42,"column":94},"end":{"line":42,"column":97}}]},"5":{"loc":{"start":{"line":52,"column":8},"end":{"line":53,"column":84}},"type":"if","locations":[{"start":{"line":52,"column":8},"end":{"line":53,"column":84}}]},"6":{"loc":{"start":{"line":56,"column":22},"end":{"line":56,"column":35}},"type":"binary-expr","locations":[{"start":{"line":56,"column":22},"end":{"line":56,"column":29}},{"start":{"line":56,"column":33},"end":{"line":56,"column":35}}]}},"s":{"0":2,"1":21,"2":21,"3":21,"4":13,"5":1,"6":12,"7":12,"8":4,"9":1,"10":3,"11":3,"12":7,"13":1,"14":6,"15":6,"16":2},"f":{"0":21,"1":13,"2":4,"3":7},"b":{"0":[1],"1":[12,12],"2":[1],"3":[3,3],"4":[3,3],"5":[1],"6":[6,6]}}
,"/Users/royossai/WebstormProjects/pondSocket2/src/pondChannel/pondChannel.ts": {"path":"/Users/royossai/WebstormProjects/pondSocket2/src/pondChannel/pondChannel.ts","statementMap":{"0":{"start":{"line":1,"column":0},"end":{"line":1,"column":82}},"1":{"start":{"line":2,"column":0},"end":{"line":2,"column":51}},"2":{"start":{"line":6,"column":0},"end":{"line":6,"column":58}},"3":{"start":{"line":8,"column":0},"end":{"line":8,"column":56}},"4":{"start":{"line":38,"column":8},"end":{"line":38,"column":36}},"5":{"start":{"line":39,"column":8},"end":{"line":39,"column":50}},"6":{"start":{"line":40,"column":8},"end":{"line":40,"column":44}},"7":{"start":{"line":56,"column":8},"end":{"line":56,"column":34}},"8":{"start":{"line":71,"column":8},"end":{"line":76,"column":11}},"9":{"start":{"line":72,"column":12},"end":{"line":73,"column":50}},"10":{"start":{"line":73,"column":16},"end":{"line":73,"column":50}},"11":{"start":{"line":75,"column":12},"end":{"line":75,"column":19}},"12":{"start":{"line":83,"column":8},"end":{"line":89,"column":null}},"13":{"start":{"line":98,"column":27},"end":{"line":98,"column":102}},"14":{"start":{"line":99,"column":8},"end":{"line":116,"column":15}},"15":{"start":{"line":100,"column":45},"end":{"line":104,"column":14}},"16":{"start":{"line":106,"column":28},"end":{"line":106,"column":68}},"17":{"start":{"line":107,"column":29},"end":{"line":107,"column":77}},"18":{"start":{"line":109,"column":12},"end":{"line":109,"column":52}},"19":{"start":{"line":110,"column":12},"end":{"line":111,"column":80}},"20":{"start":{"line":111,"column":16},"end":{"line":111,"column":80}},"21":{"start":{"line":114,"column":12},"end":{"line":116,"column":15}},"22":{"start":{"line":115,"column":16},"end":{"line":115,"column":56}},"23":{"start":{"line":125,"column":7},"end":{"line":127,"column":10}},"24":{"start":{"line":126,"column":11},"end":{"line":126,"column":46}},"25":{"start":{"line":136,"column":31},"end":{"line":136,"column":75}},"26":{"start":{"line":137,"column":24},"end":{"line":137,"column":67}},"27":{"start":{"line":139,"column":43},"end":{"line":142,"column":null}},"28":{"start":{"line":144,"column":42},"end":{"line":144,"column":86}},"29":{"start":{"line":145,"column":8},"end":{"line":145,"column":39}},"30":{"start":{"line":146,"column":8},"end":{"line":146,"column":26}},"31":{"start":{"line":156,"column":27},"end":{"line":156,"column":56}},"32":{"start":{"line":157,"column":8},"end":{"line":158,"column":39}},"33":{"start":{"line":158,"column":12},"end":{"line":158,"column":39}},"34":{"start":{"line":160,"column":8},"end":{"line":160,"column":80}},"35":{"start":{"line":169,"column":8},"end":{"line":170,"column":59}},"36":{"start":{"line":170,"column":29},"end":{"line":170,"column":57}},"37":{"start":{"line":179,"column":27},"end":{"line":179,"column":52}},"38":{"start":{"line":180,"column":8},"end":{"line":181,"column":46}},"39":{"start":{"line":181,"column":12},"end":{"line":181,"column":46}},"40":{"start":{"line":189,"column":8},"end":{"line":190,"column":42}},"41":{"start":{"line":190,"column":28},"end":{"line":190,"column":40}},"42":{"start":{"line":198,"column":8},"end":{"line":198,"column":42}},"43":{"start":{"line":32,"column":0},"end":{"line":32,"column":13}}},"fnMap":{"0":{"name":"(anonymous_0)","decl":{"start":{"line":37,"column":4},"end":{"line":37,"column":null}},"loc":{"start":{"line":37,"column":4},"end":{"line":41,"column":5}}},"1":{"name":"(anonymous_1)","decl":{"start":{"line":55,"column":11},"end":{"line":55,"column":24}},"loc":{"start":{"line":55,"column":53},"end":{"line":57,"column":5}}},"2":{"name":"(anonymous_2)","decl":{"start":{"line":70,"column":11},"end":{"line":70,"column":18}},"loc":{"start":{"line":70,"column":121},"end":{"line":77,"column":5}}},"3":{"name":"(anonymous_3)","decl":{"start":{"line":71,"column":29},"end":{"line":71,"column":30}},"loc":{"start":{"line":71,"column":57},"end":{"line":76,"column":9}}},"4":{"name":"(anonymous_4)","decl":{"start":{"line":82,"column":11},"end":{"line":82,"column":24}},"loc":{"start":{"line":82,"column":24},"end":{"line":90,"column":5}}},"5":{"name":"(anonymous_5)","decl":{"start":{"line":97,"column":12},"end":{"line":97,"column":20}},"loc":{"start":{"line":97,"column":39},"end":{"line":117,"column":5}}},"6":{"name":"(anonymous_6)","decl":{"start":{"line":114,"column":60},"end":{"line":114,"column":65}},"loc":{"start":{"line":114,"column":68},"end":{"line":116,"column":13}}},"7":{"name":"(anonymous_7)","decl":{"start":{"line":124,"column":12},"end":{"line":124,"column":23}},"loc":{"start":{"line":124,"column":40},"end":{"line":128,"column":5}}},"8":{"name":"(anonymous_8)","decl":{"start":{"line":125,"column":30},"end":{"line":125,"column":37}},"loc":{"start":{"line":125,"column":40},"end":{"line":127,"column":8}}},"9":{"name":"(anonymous_9)","decl":{"start":{"line":135,"column":12},"end":{"line":135,"column":26}},"loc":{"start":{"line":135,"column":46},"end":{"line":147,"column":5}}},"10":{"name":"(anonymous_10)","decl":{"start":{"line":155,"column":12},"end":{"line":155,"column":20}},"loc":{"start":{"line":155,"column":85},"end":{"line":161,"column":5}}},"11":{"name":"(anonymous_11)","decl":{"start":{"line":168,"column":12},"end":{"line":168,"column":23}},"loc":{"start":{"line":168,"column":43},"end":{"line":171,"column":5}}},"12":{"name":"(anonymous_12)","decl":{"start":{"line":170,"column":18},"end":{"line":170,"column":25}},"loc":{"start":{"line":170,"column":29},"end":{"line":170,"column":57}}},"13":{"name":"(anonymous_13)","decl":{"start":{"line":178,"column":12},"end":{"line":178,"column":27}},"loc":{"start":{"line":178,"column":43},"end":{"line":182,"column":5}}},"14":{"name":"(anonymous_14)","decl":{"start":{"line":188,"column":12},"end":{"line":188,"column":25}},"loc":{"start":{"line":188,"column":25},"end":{"line":191,"column":5}}},"15":{"name":"(anonymous_15)","decl":{"start":{"line":190,"column":17},"end":{"line":190,"column":24}},"loc":{"start":{"line":190,"column":28},"end":{"line":190,"column":40}}},"16":{"name":"(anonymous_16)","decl":{"start":{"line":197,"column":12},"end":{"line":197,"column":24}},"loc":{"start":{"line":197,"column":24},"end":{"line":199,"column":5}}}},"branchMap":{"0":{"loc":{"start":{"line":72,"column":12},"end":{"line":73,"column":50}},"type":"if","locations":[{"start":{"line":72,"column":12},"end":{"line":73,"column":50}}]},"1":{"loc":{"start":{"line":98,"column":27},"end":{"line":98,"column":102}},"type":"binary-expr","locations":[{"start":{"line":98,"column":27},"end":{"line":98,"column":61}},{"start":{"line":98,"column":65},"end":{"line":98,"column":102}}]},"2":{"loc":{"start":{"line":99,"column":8},"end":{"line":116,"column":15}},"type":"if","locations":[{"start":{"line":99,"column":8},"end":{"line":116,"column":15}},{"start":{"line":114,"column":12},"end":{"line":116,"column":15}}]},"3":{"loc":{"start":{"line":110,"column":12},"end":{"line":111,"column":80}},"type":"if","locations":[{"start":{"line":110,"column":12},"end":{"line":111,"column":80}}]},"4":{"loc":{"start":{"line":157,"column":8},"end":{"line":158,"column":39}},"type":"if","locations":[{"start":{"line":157,"column":8},"end":{"line":158,"column":39}}]},"5":{"loc":{"start":{"line":180,"column":8},"end":{"line":181,"column":46}},"type":"if","locations":[{"start":{"line":180,"column":8},"end":{"line":181,"column":46}}]}},"s":{"0":1,"1":1,"2":1,"3":1,"4":6,"5":6,"6":6,"7":6,"8":1,"9":3,"10":3,"11":0,"12":6,"13":6,"14":6,"15":6,"16":6,"17":6,"18":6,"19":6,"20":0,"21":0,"22":0,"23":9,"24":5,"25":6,"26":6,"27":6,"28":6,"29":6,"30":6,"31":4,"32":4,"33":4,"34":0,"35":16,"36":10,"37":6,"38":6,"39":6,"40":5,"41":4,"42":0,"43":1},"f":{"0":6,"1":6,"2":1,"3":3,"4":6,"5":6,"6":0,"7":9,"8":5,"9":6,"10":4,"11":16,"12":10,"13":6,"14":5,"15":4,"16":0},"b":{"0":[3],"1":[6,6],"2":[6,0],"3":[0],"4":[4],"5":[6]}}
,"/Users/royossai/WebstormProjects/pondSocket2/src/pondChannel/pondChannelRequest.ts": {"path":"/Users/royossai/WebstormProjects/pondSocket2/src/pondChannel/pondChannelRequest.ts","statementMap":{"0":{"start":{"line":1,"column":0},"end":{"line":1,"column":74}},"1":{"start":{"line":11,"column":8},"end":{"line":11,"column":59}},"2":{"start":{"line":12,"column":8},"end":{"line":12,"column":35}},"3":{"start":{"line":16,"column":8},"end":{"line":16,"column":45}},"4":{"start":{"line":20,"column":8},"end":{"line":24,"column":null}},"5":{"start":{"line":28,"column":8},"end":{"line":33,"column":10}},"6":{"start":{"line":7,"column":0},"end":{"line":7,"column":13}}},"fnMap":{"0":{"name":"(anonymous_0)","decl":{"start":{"line":10,"column":4},"end":{"line":10,"column":16}},"loc":{"start":{"line":10,"column":58},"end":{"line":13,"column":5}}},"1":{"name":"(anonymous_1)","decl":{"start":{"line":15,"column":4},"end":{"line":15,"column":15}},"loc":{"start":{"line":15,"column":25},"end":{"line":17,"column":5}}},"2":{"name":"(anonymous_2)","decl":{"start":{"line":19,"column":4},"end":{"line":19,"column":15}},"loc":{"start":{"line":19,"column":19},"end":{"line":25,"column":5}}},"3":{"name":"(anonymous_3)","decl":{"start":{"line":27,"column":4},"end":{"line":27,"column":15}},"loc":{"start":{"line":27,"column":20},"end":{"line":34,"column":5}}}},"branchMap":{},"s":{"0":1,"1":6,"2":6,"3":0,"4":0,"5":3,"6":1},"f":{"0":6,"1":0,"2":0,"3":3},"b":{}}
,"/Users/royossai/WebstormProjects/pondSocket2/src/pondChannel/pondChannelResponse.ts": {"path":"/Users/royossai/WebstormProjects/pondSocket2/src/pondChannel/pondChannelResponse.ts","statementMap":{"0":{"start":{"line":1,"column":0},"end":{"line":1,"column":72}},"1":{"start":{"line":12,"column":8},"end":{"line":12,"column":16}},"2":{"start":{"line":13,"column":8},"end":{"line":13,"column":26}},"3":{"start":{"line":14,"column":8},"end":{"line":14,"column":30}},"4":{"start":{"line":15,"column":8},"end":{"line":15,"column":34}},"5":{"start":{"line":19,"column":8},"end":{"line":19,"column":33}},"6":{"start":{"line":27,"column":8},"end":{"line":27,"column":33}},"7":{"start":{"line":28,"column":8},"end":{"line":28,"column":65}},"8":{"start":{"line":29,"column":8},"end":{"line":31,"column":11}},"9":{"start":{"line":30,"column":12},"end":{"line":30,"column":58}},"10":{"start":{"line":33,"column":8},"end":{"line":33,"column":20}},"11":{"start":{"line":42,"column":8},"end":{"line":42,"column":33}},"12":{"start":{"line":43,"column":21},"end":{"line":43,"column":114}},"13":{"start":{"line":44,"column":8},"end":{"line":48,"column":12}},"14":{"start":{"line":50,"column":8},"end":{"line":50,"column":20}},"15":{"start":{"line":60,"column":8},"end":{"line":60,"column":29}},"16":{"start":{"line":61,"column":8},"end":{"line":61,"column":83}},"17":{"start":{"line":62,"column":8},"end":{"line":62,"column":20}},"18":{"start":{"line":71,"column":8},"end":{"line":71,"column":83}},"19":{"start":{"line":72,"column":8},"end":{"line":72,"column":20}},"20":{"start":{"line":81,"column":8},"end":{"line":81,"column":91}},"21":{"start":{"line":82,"column":8},"end":{"line":82,"column":20}},"22":{"start":{"line":92,"column":8},"end":{"line":92,"column":79}},"23":{"start":{"line":93,"column":8},"end":{"line":93,"column":20}},"24":{"start":{"line":101,"column":8},"end":{"line":101,"column":66}},"25":{"start":{"line":102,"column":8},"end":{"line":102,"column":20}},"26":{"start":{"line":6,"column":0},"end":{"line":6,"column":13}}},"fnMap":{"0":{"name":"(anonymous_0)","decl":{"start":{"line":11,"column":4},"end":{"line":11,"column":16}},"loc":{"start":{"line":11,"column":56},"end":{"line":16,"column":5}}},"1":{"name":"(anonymous_1)","decl":{"start":{"line":18,"column":4},"end":{"line":18,"column":15}},"loc":{"start":{"line":18,"column":27},"end":{"line":20,"column":5}}},"2":{"name":"(anonymous_2)","decl":{"start":{"line":26,"column":11},"end":{"line":26,"column":17}},"loc":{"start":{"line":26,"column":39},"end":{"line":34,"column":5}}},"3":{"name":"(anonymous_3)","decl":{"start":{"line":29,"column":60},"end":{"line":29,"column":65}},"loc":{"start":{"line":29,"column":68},"end":{"line":31,"column":9}}},"4":{"name":"(anonymous_4)","decl":{"start":{"line":41,"column":11},"end":{"line":41,"column":17}},"loc":{"start":{"line":41,"column":54},"end":{"line":51,"column":5}}},"5":{"name":"(anonymous_5)","decl":{"start":{"line":59,"column":11},"end":{"line":59,"column":15}},"loc":{"start":{"line":59,"column":74},"end":{"line":63,"column":5}}},"6":{"name":"(anonymous_6)","decl":{"start":{"line":70,"column":11},"end":{"line":70,"column":20}},"loc":{"start":{"line":70,"column":56},"end":{"line":73,"column":5}}},"7":{"name":"(anonymous_7)","decl":{"start":{"line":80,"column":11},"end":{"line":80,"column":28}},"loc":{"start":{"line":80,"column":64},"end":{"line":83,"column":5}}},"8":{"name":"(anonymous_8)","decl":{"start":{"line":91,"column":11},"end":{"line":91,"column":22}},"loc":{"start":{"line":91,"column":77},"end":{"line":94,"column":5}}},"9":{"name":"(anonymous_9)","decl":{"start":{"line":100,"column":11},"end":{"line":100,"column":24}},"loc":{"start":{"line":100,"column":47},"end":{"line":103,"column":5}}}},"branchMap":{"0":{"loc":{"start":{"line":43,"column":79},"end":{"line":43,"column":112}},"type":"binary-expr","locations":[{"start":{"line":43,"column":79},"end":{"line":43,"column":86}},{"start":{"line":43,"column":90},"end":{"line":43,"column":112}}]},"1":{"loc":{"start":{"line":46,"column":43},"end":{"line":46,"column":59}},"type":"binary-expr","locations":[{"start":{"line":46,"column":43},"end":{"line":46,"column":52}},{"start":{"line":46,"column":56},"end":{"line":46,"column":59}}]}},"s":{"0":2,"1":12,"2":12,"3":12,"4":12,"5":11,"6":9,"7":9,"8":9,"9":7,"10":9,"11":1,"12":1,"13":1,"14":1,"15":2,"16":2,"17":2,"18":1,"19":1,"20":1,"21":1,"22":2,"23":1,"24":1,"25":1,"26":2},"f":{"0":12,"1":11,"2":9,"3":7,"4":1,"5":2,"6":1,"7":1,"8":2,"9":1},"b":{"0":[1,1],"1":[1,1]}}
,"/Users/royossai/WebstormProjects/pondSocket2/src/presence/presenceEngine.ts": {"path":"/Users/royossai/WebstormProjects/pondSocket2/src/presence/presenceEngine.ts","statementMap":{"0":{"start":{"line":1,"column":0},"end":{"line":1,"column":54}},"1":{"start":{"line":21,"column":8},"end":{"line":21,"column":62}},"2":{"start":{"line":22,"column":8},"end":{"line":22,"column":60}},"3":{"start":{"line":29,"column":8},"end":{"line":33,"column":32}},"4":{"start":{"line":31,"column":16},"end":{"line":31,"column":33}},"5":{"start":{"line":32,"column":16},"end":{"line":32,"column":27}},"6":{"start":{"line":41,"column":8},"end":{"line":41,"column":45}},"7":{"start":{"line":49,"column":25},"end":{"line":49,"column":59}},"8":{"start":{"line":50,"column":8},"end":{"line":60,"column":95}},"9":{"start":{"line":51,"column":12},"end":{"line":51,"column":52}},"10":{"start":{"line":52,"column":12},"end":{"line":52,"column":50}},"11":{"start":{"line":53,"column":12},"end":{"line":58,"column":19}},"12":{"start":{"line":54,"column":16},"end":{"line":58,"column":19}},"13":{"start":{"line":60,"column":12},"end":{"line":60,"column":95}},"14":{"start":{"line":69,"column":28},"end":{"line":69,"column":62}},"15":{"start":{"line":70,"column":8},"end":{"line":78,"column":95}},"16":{"start":{"line":71,"column":12},"end":{"line":71,"column":57}},"17":{"start":{"line":72,"column":12},"end":{"line":76,"column":15}},"18":{"start":{"line":78,"column":12},"end":{"line":78,"column":95}},"19":{"start":{"line":88,"column":8},"end":{"line":88,"column":52}},"20":{"start":{"line":89,"column":8},"end":{"line":89,"column":62}},"21":{"start":{"line":99,"column":8},"end":{"line":107,"column":95}},"22":{"start":{"line":100,"column":12},"end":{"line":100,"column":57}},"23":{"start":{"line":101,"column":12},"end":{"line":105,"column":15}},"24":{"start":{"line":107,"column":12},"end":{"line":107,"column":95}},"25":{"start":{"line":117,"column":8},"end":{"line":117,"column":62}},"26":{"start":{"line":16,"column":0},"end":{"line":16,"column":13}}},"fnMap":{"0":{"name":"(anonymous_0)","decl":{"start":{"line":20,"column":4},"end":{"line":20,"column":null}},"loc":{"start":{"line":20,"column":4},"end":{"line":23,"column":5}}},"1":{"name":"(anonymous_1)","decl":{"start":{"line":28,"column":11},"end":{"line":28,"column":22}},"loc":{"start":{"line":28,"column":22},"end":{"line":34,"column":5}}},"2":{"name":"(anonymous_2)","decl":{"start":{"line":30,"column":20},"end":{"line":30,"column":21}},"loc":{"start":{"line":30,"column":42},"end":{"line":33,"column":9}}},"3":{"name":"(anonymous_3)","decl":{"start":{"line":40,"column":11},"end":{"line":40,"column":26}},"loc":{"start":{"line":40,"column":41},"end":{"line":42,"column":5}}},"4":{"name":"(anonymous_4)","decl":{"start":{"line":48,"column":11},"end":{"line":48,"column":25}},"loc":{"start":{"line":48,"column":45},"end":{"line":61,"column":5}}},"5":{"name":"(anonymous_5)","decl":{"start":{"line":68,"column":11},"end":{"line":68,"column":25}},"loc":{"start":{"line":68,"column":69},"end":{"line":79,"column":5}}},"6":{"name":"(anonymous_6)","decl":{"start":{"line":87,"column":11},"end":{"line":87,"column":24}},"loc":{"start":{"line":87,"column":121},"end":{"line":90,"column":5}}},"7":{"name":"(anonymous_7)","decl":{"start":{"line":98,"column":12},"end":{"line":98,"column":27}},"loc":{"start":{"line":98,"column":71},"end":{"line":108,"column":5}}},"8":{"name":"(anonymous_8)","decl":{"start":{"line":116,"column":12},"end":{"line":116,"column":22}},"loc":{"start":{"line":116,"column":83},"end":{"line":118,"column":5}}}},"branchMap":{"0":{"loc":{"start":{"line":50,"column":8},"end":{"line":60,"column":95}},"type":"if","locations":[{"start":{"line":50,"column":8},"end":{"line":60,"column":95}},{"start":{"line":60,"column":12},"end":{"line":60,"column":95}}]},"1":{"loc":{"start":{"line":53,"column":12},"end":{"line":58,"column":19}},"type":"if","locations":[{"start":{"line":53,"column":12},"end":{"line":58,"column":19}}]},"2":{"loc":{"start":{"line":70,"column":8},"end":{"line":78,"column":95}},"type":"if","locations":[{"start":{"line":70,"column":8},"end":{"line":78,"column":95}},{"start":{"line":78,"column":12},"end":{"line":78,"column":95}}]},"3":{"loc":{"start":{"line":99,"column":8},"end":{"line":107,"column":95}},"type":"if","locations":[{"start":{"line":99,"column":8},"end":{"line":107,"column":95}},{"start":{"line":107,"column":12},"end":{"line":107,"column":95}}]}},"s":{"0":6,"1":50,"2":50,"3":13,"4":21,"5":21,"6":71,"7":22,"8":22,"9":14,"10":14,"11":14,"12":5,"13":8,"14":9,"15":9,"16":8,"17":8,"18":1,"19":54,"20":53,"21":54,"22":53,"23":53,"24":1,"25":53,"26":6},"f":{"0":50,"1":13,"2":21,"3":71,"4":22,"5":9,"6":54,"7":54,"8":53},"b":{"0":[14,8],"1":[5],"2":[8,1],"3":[53,1]}}
,"/Users/royossai/WebstormProjects/pondSocket2/src/server/pondSocket.ts": {"path":"/Users/royossai/WebstormProjects/pondSocket2/src/server/pondSocket.ts","statementMap":{"0":{"start":{"line":1,"column":0},"end":{"line":1,"column":42}},"1":{"start":{"line":2,"column":0},"end":{"line":2,"column":46}},"2":{"start":{"line":5,"column":0},"end":{"line":5,"column":75}},"3":{"start":{"line":6,"column":0},"end":{"line":6,"column":61}},"4":{"start":{"line":16,"column":21},"end":{"line":16,"column":66}},"5":{"start":{"line":19,"column":8},"end":{"line":19,"column":43}},"6":{"start":{"line":20,"column":8},"end":{"line":20,"column":50}},"7":{"start":{"line":21,"column":8},"end":{"line":21,"column":83}},"8":{"start":{"line":22,"column":8},"end":{"line":22,"column":21}},"9":{"start":{"line":31,"column":8},"end":{"line":31,"column":51}},"10":{"start":{"line":39,"column":8},"end":{"line":39,"column":44}},"11":{"start":{"line":59,"column":25},"end":{"line":59,"column":63}},"12":{"start":{"line":60,"column":8},"end":{"line":67,"column":11}},"13":{"start":{"line":61,"column":28},"end":{"line":61,"column":41}},"14":{"start":{"line":62,"column":33},"end":{"line":62,"column":72}},"15":{"start":{"line":63,"column":12},"end":{"line":64,"column":30}},"16":{"start":{"line":64,"column":16},"end":{"line":64,"column":30}},"17":{"start":{"line":66,"column":12},"end":{"line":66,"column":84}},"18":{"start":{"line":69,"column":8},"end":{"line":69,"column":24}},"19":{"start":{"line":77,"column":8},"end":{"line":77,"column":42}},"20":{"start":{"line":85,"column":8},"end":{"line":89,"column":11}},"21":{"start":{"line":86,"column":12},"end":{"line":88,"column":15}},"22":{"start":{"line":87,"column":16},"end":{"line":87,"column":38}},"23":{"start":{"line":91,"column":25},"end":{"line":99,"column":17}},"24":{"start":{"line":92,"column":12},"end":{"line":98,"column":15}},"25":{"start":{"line":93,"column":16},"end":{"line":94,"column":46}},"26":{"start":{"line":94,"column":20},"end":{"line":94,"column":46}},"27":{"start":{"line":96,"column":16},"end":{"line":96,"column":39}},"28":{"start":{"line":97,"column":16},"end":{"line":97,"column":38}},"29":{"start":{"line":101,"column":8},"end":{"line":101,"column":70}},"30":{"start":{"line":101,"column":45},"end":{"line":101,"column":68}},"31":{"start":{"line":112,"column":21},"end":{"line":112,"column":46}},"32":{"start":{"line":113,"column":21},"end":{"line":122,"column":9}},"33":{"start":{"line":114,"column":31},"end":{"line":114,"column":43}},"34":{"start":{"line":115,"column":12},"end":{"line":121,"column":null}},"35":{"start":{"line":116,"column":16},"end":{"line":116,"column":52}},"36":{"start":{"line":119,"column":16},"end":{"line":119,"column":63}},"37":{"start":{"line":120,"column":16},"end":{"line":120,"column":33}},"38":{"start":{"line":124,"column":8},"end":{"line":124,"column":15}},"39":{"start":{"line":132,"column":8},"end":{"line":132,"column":32}},"40":{"start":{"line":134,"column":8},"end":{"line":136,"column":11}},"41":{"start":{"line":135,"column":12},"end":{"line":135,"column":43}},"42":{"start":{"line":138,"column":8},"end":{"line":140,"column":11}},"43":{"start":{"line":139,"column":12},"end":{"line":139,"column":45}},"44":{"start":{"line":12,"column":0},"end":{"line":12,"column":13}}},"fnMap":{"0":{"name":"(anonymous_0)","decl":{"start":{"line":18,"column":4},"end":{"line":18,"column":16}},"loc":{"start":{"line":18,"column":67},"end":{"line":23,"column":5}}},"1":{"name":"(anonymous_1)","decl":{"start":{"line":30,"column":11},"end":{"line":30,"column":17}},"loc":{"start":{"line":30,"column":65},"end":{"line":32,"column":5}}},"2":{"name":"(anonymous_2)","decl":{"start":{"line":38,"column":11},"end":{"line":38,"column":16}},"loc":{"start":{"line":38,"column":38},"end":{"line":40,"column":5}}},"3":{"name":"(anonymous_3)","decl":{"start":{"line":58,"column":11},"end":{"line":58,"column":25}},"loc":{"start":{"line":58,"column":66},"end":{"line":70,"column":5}}},"4":{"name":"(anonymous_4)","decl":{"start":{"line":60,"column":30},"end":{"line":60,"column":31}},"loc":{"start":{"line":60,"column":58},"end":{"line":67,"column":9}}},"5":{"name":"(anonymous_5)","decl":{"start":{"line":76,"column":11},"end":{"line":76,"column":14}},"loc":{"start":{"line":76,"column":51},"end":{"line":78,"column":5}}},"6":{"name":"(anonymous_6)","decl":{"start":{"line":84,"column":12},"end":{"line":84,"column":28}},"loc":{"start":{"line":84,"column":28},"end":{"line":102,"column":5}}},"7":{"name":"(anonymous_7)","decl":{"start":{"line":85,"column":44},"end":{"line":85,"column":45}},"loc":{"start":{"line":85,"column":91},"end":{"line":89,"column":9}}},"8":{"name":"(anonymous_8)","decl":{"start":{"line":86,"column":30},"end":{"line":86,"column":33}},"loc":{"start":{"line":86,"column":35},"end":{"line":88,"column":13}}},"9":{"name":"(anonymous_9)","decl":{"start":{"line":91,"column":37},"end":{"line":91,"column":40}},"loc":{"start":{"line":91,"column":42},"end":{"line":99,"column":9}}},"10":{"name":"(anonymous_10)","decl":{"start":{"line":92,"column":47},"end":{"line":92,"column":48}},"loc":{"start":{"line":92,"column":93},"end":{"line":98,"column":13}}},"11":{"name":"(anonymous_11)","decl":{"start":{"line":97,"column":28},"end":{"line":97,"column":31}},"loc":{"start":{"line":97,"column":33},"end":{"line":97,"column":36}}},"12":{"name":"(anonymous_12)","decl":{"start":{"line":101,"column":39},"end":{"line":101,"column":42}},"loc":{"start":{"line":101,"column":45},"end":{"line":101,"column":68}}},"13":{"name":"(anonymous_13)","decl":{"start":{"line":111,"column":12},"end":{"line":111,"column":20}},"loc":{"start":{"line":111,"column":80},"end":{"line":125,"column":5}}},"14":{"name":"(anonymous_14)","decl":{"start":{"line":113,"column":21},"end":{"line":113,"column":24}},"loc":{"start":{"line":113,"column":26},"end":{"line":122,"column":9}}},"15":{"name":"(anonymous_15)","decl":{"start":{"line":131,"column":12},"end":{"line":131,"column":17}},"loc":{"start":{"line":131,"column":17},"end":{"line":141,"column":5}}},"16":{"name":"(anonymous_16)","decl":{"start":{"line":134,"column":33},"end":{"line":134,"column":34}},"loc":{"start":{"line":134,"column":43},"end":{"line":136,"column":9}}},"17":{"name":"(anonymous_17)","decl":{"start":{"line":138,"column":35},"end":{"line":138,"column":36}},"loc":{"start":{"line":138,"column":57},"end":{"line":140,"column":9}}}},"branchMap":{"0":{"loc":{"start":{"line":20,"column":23},"end":{"line":20,"column":49}},"type":"binary-expr","locations":[{"start":{"line":20,"column":23},"end":{"line":20,"column":29}},{"start":{"line":20,"column":33},"end":{"line":20,"column":49}}]},"1":{"loc":{"start":{"line":21,"column":29},"end":{"line":21,"column":82}},"type":"binary-expr","locations":[{"start":{"line":21,"column":29},"end":{"line":21,"column":41}},{"start":{"line":21,"column":45},"end":{"line":21,"column":82}}]},"2":{"loc":{"start":{"line":61,"column":28},"end":{"line":61,"column":41}},"type":"binary-expr","locations":[{"start":{"line":61,"column":28},"end":{"line":61,"column":35}},{"start":{"line":61,"column":39},"end":{"line":61,"column":41}}]},"3":{"loc":{"start":{"line":63,"column":12},"end":{"line":64,"column":30}},"type":"if","locations":[{"start":{"line":63,"column":12},"end":{"line":64,"column":30}}]},"4":{"loc":{"start":{"line":93,"column":16},"end":{"line":94,"column":46}},"type":"if","locations":[{"start":{"line":93,"column":16},"end":{"line":94,"column":46}}]},"5":{"loc":{"start":{"line":115,"column":12},"end":{"line":121,"column":null}},"type":"if","locations":[{"start":{"line":115,"column":12},"end":{"line":121,"column":null}},{"start":{"line":118,"column":17},"end":{"line":121,"column":null}}]}},"s":{"0":1,"1":1,"2":1,"3":1,"4":10,"5":10,"6":10,"7":10,"8":10,"9":10,"10":0,"11":10,"12":10,"13":15,"14":15,"15":15,"16":0,"17":15,"18":10,"19":0,"20":10,"21":14,"22":0,"23":10,"24":0,"25":0,"26":0,"27":0,"28":0,"29":10,"30":0,"31":15,"32":15,"33":15,"34":15,"35":15,"36":0,"37":0,"38":15,"39":10,"40":10,"41":0,"42":10,"43":15,"44":1},"f":{"0":10,"1":10,"2":0,"3":10,"4":15,"5":0,"6":10,"7":14,"8":0,"9":0,"10":0,"11":0,"12":0,"13":15,"14":15,"15":10,"16":0,"17":15},"b":{"0":[10,10],"1":[10,10],"2":[15,0],"3":[0],"4":[0],"5":[15,0]}}
,"/Users/royossai/WebstormProjects/pondSocket2/src/utils/matchPattern.ts": {"path":"/Users/royossai/WebstormProjects/pondSocket2/src/utils/matchPattern.ts","statementMap":{"0":{"start":{"line":17,"column":22},"end":{"line":17,"column":63}},"1":{"start":{"line":18,"column":8},"end":{"line":23,"column":14}},"2":{"start":{"line":19,"column":12},"end":{"line":23,"column":14}},"3":{"start":{"line":25,"column":8},"end":{"line":25,"column":20}},"4":{"start":{"line":37,"column":45},"end":{"line":37,"column":47}},"5":{"start":{"line":38,"column":23},"end":{"line":38,"column":41}},"6":{"start":{"line":39,"column":8},"end":{"line":44,"column":null}},"7":{"start":{"line":40,"column":12},"end":{"line":43,"column":15}},"8":{"start":{"line":41,"column":37},"end":{"line":41,"column":53}},"9":{"start":{"line":42,"column":16},"end":{"line":42,"column":33}},"10":{"start":{"line":45,"column":8},"end":{"line":45,"column":19}},"11":{"start":{"line":53,"column":8},"end":{"line":53,"column":68}},"12":{"start":{"line":62,"column":8},"end":{"line":66,"column":40}},"13":{"start":{"line":63,"column":12},"end":{"line":63,"column":52}},"14":{"start":{"line":66,"column":12},"end":{"line":66,"column":40}},"15":{"start":{"line":81,"column":24},"end":{"line":81,"column":61}},"16":{"start":{"line":82,"column":23},"end":{"line":82,"column":49}},"17":{"start":{"line":83,"column":24},"end":{"line":83,"column":58}},"18":{"start":{"line":84,"column":8},"end":{"line":93,"column":null}},"19":{"start":{"line":85,"column":25},"end":{"line":85,"column":49}},"20":{"start":{"line":86,"column":12},"end":{"line":92,"column":null}},"21":{"start":{"line":87,"column":53},"end":{"line":87,"column":55}},"22":{"start":{"line":88,"column":16},"end":{"line":90,"column":19}},"23":{"start":{"line":89,"column":20},"end":{"line":89,"column":88}},"24":{"start":{"line":91,"column":16},"end":{"line":91,"column":27}},"25":{"start":{"line":94,"column":8},"end":{"line":94,"column":20}},"26":{"start":{"line":103,"column":8},"end":{"line":104,"column":64}},"27":{"start":{"line":104,"column":12},"end":{"line":104,"column":64}},"28":{"start":{"line":106,"column":22},"end":{"line":106,"column":67}},"29":{"start":{"line":107,"column":8},"end":{"line":107,"column":29}},"30":{"start":{"line":107,"column":19},"end":{"line":107,"column":29}},"31":{"start":{"line":109,"column":8},"end":{"line":109,"column":20}},"32":{"start":{"line":9,"column":0},"end":{"line":9,"column":13}}},"fnMap":{"0":{"name":"(anonymous_0)","decl":{"start":{"line":16,"column":11},"end":{"line":16,"column":21}},"loc":{"start":{"line":16,"column":53},"end":{"line":26,"column":5}}},"1":{"name":"(anonymous_1)","decl":{"start":{"line":36,"column":12},"end":{"line":36,"column":25}},"loc":{"start":{"line":36,"column":38},"end":{"line":46,"column":5}}},"2":{"name":"(anonymous_2)","decl":{"start":{"line":40,"column":38},"end":{"line":40,"column":43}},"loc":{"start":{"line":40,"column":46},"end":{"line":43,"column":13}}},"3":{"name":"(anonymous_3)","decl":{"start":{"line":52,"column":12},"end":{"line":52,"column":31}},"loc":{"start":{"line":52,"column":49},"end":{"line":54,"column":5}}},"4":{"name":"(anonymous_4)","decl":{"start":{"line":61,"column":12},"end":{"line":61,"column":35}},"loc":{"start":{"line":61,"column":69},"end":{"line":67,"column":5}}},"5":{"name":"(anonymous_5)","decl":{"start":{"line":80,"column":12},"end":{"line":80,"column":24}},"loc":{"start":{"line":80,"column":56},"end":{"line":95,"column":5}}},"6":{"name":"(anonymous_6)","decl":{"start":{"line":88,"column":29},"end":{"line":88,"column":30}},"loc":{"start":{"line":88,"column":44},"end":{"line":90,"column":17}}},"7":{"name":"(anonymous_7)","decl":{"start":{"line":102,"column":12},"end":{"line":102,"column":33}},"loc":{"start":{"line":102,"column":67},"end":{"line":110,"column":5}}}},"branchMap":{"0":{"loc":{"start":{"line":18,"column":8},"end":{"line":23,"column":14}},"type":"if","locations":[{"start":{"line":18,"column":8},"end":{"line":23,"column":14}}]},"1":{"loc":{"start":{"line":39,"column":8},"end":{"line":44,"column":null}},"type":"if","locations":[{"start":{"line":39,"column":8},"end":{"line":44,"column":null}}]},"2":{"loc":{"start":{"line":53,"column":15},"end":{"line":53,"column":67}},"type":"binary-expr","locations":[{"start":{"line":53,"column":15},"end":{"line":53,"column":42}},{"start":{"line":53,"column":46},"end":{"line":53,"column":67}}]},"3":{"loc":{"start":{"line":62,"column":8},"end":{"line":66,"column":40}},"type":"if","locations":[{"start":{"line":62,"column":8},"end":{"line":66,"column":40}},{"start":{"line":66,"column":12},"end":{"line":66,"column":40}}]},"4":{"loc":{"start":{"line":84,"column":8},"end":{"line":93,"column":null}},"type":"if","locations":[{"start":{"line":84,"column":8},"end":{"line":93,"column":null}}]},"5":{"loc":{"start":{"line":86,"column":12},"end":{"line":92,"column":null}},"type":"if","locations":[{"start":{"line":86,"column":12},"end":{"line":92,"column":null}}]},"6":{"loc":{"start":{"line":103,"column":8},"end":{"line":104,"column":64}},"type":"if","locations":[{"start":{"line":103,"column":8},"end":{"line":104,"column":64}}]},"7":{"loc":{"start":{"line":107,"column":8},"end":{"line":107,"column":29}},"type":"if","locations":[{"start":{"line":107,"column":8},"end":{"line":107,"column":29}}]}},"s":{"0":28,"1":28,"2":25,"3":3,"4":27,"5":27,"6":27,"7":3,"8":5,"9":5,"10":27,"11":30,"12":6,"13":4,"14":2,"15":33,"16":33,"17":33,"18":33,"19":28,"20":28,"21":28,"22":28,"23":29,"24":28,"25":5,"26":30,"27":28,"28":2,"29":2,"30":1,"31":1,"32":6},"f":{"0":28,"1":27,"2":5,"3":30,"4":6,"5":33,"6":29,"7":30},"b":{"0":[25],"1":[3],"2":[30,30],"3":[4,2],"4":[28],"5":[28],"6":[28],"7":[1]}}
,"/Users/royossai/WebstormProjects/pondSocket2/src/utils/subjectUtils.ts": {"path":"/Users/royossai/WebstormProjects/pondSocket2/src/utils/subjectUtils.ts","statementMap":{"0":{"start":{"line":9,"column":8},"end":{"line":9,"column":59}},"1":{"start":{"line":13,"column":8},"end":{"line":13,"column":50}},"2":{"start":{"line":17,"column":8},"end":{"line":17,"column":63}},"3":{"start":{"line":17,"column":44},"end":{"line":17,"column":61}},"4":{"start":{"line":21,"column":8},"end":{"line":21,"column":43}},"5":{"start":{"line":5,"column":0},"end":{"line":5,"column":13}},"6":{"start":{"line":31,"column":8},"end":{"line":31,"column":16}},"7":{"start":{"line":35,"column":8},"end":{"line":35,"column":36}},"8":{"start":{"line":36,"column":8},"end":{"line":36,"column":28}},"9":{"start":{"line":40,"column":8},"end":{"line":41,"column":40}},"10":{"start":{"line":41,"column":12},"end":{"line":41,"column":40}},"11":{"start":{"line":43,"column":8},"end":{"line":43,"column":53}},"12":{"start":{"line":27,"column":0},"end":{"line":27,"column":13}}},"fnMap":{"0":{"name":"(anonymous_0)","decl":{"start":{"line":8,"column":4},"end":{"line":8,"column":null}},"loc":{"start":{"line":8,"column":4},"end":{"line":10,"column":5}}},"1":{"name":"(anonymous_1)","decl":{"start":{"line":12,"column":4},"end":{"line":12,"column":13}},"loc":{"start":{"line":12,"column":57},"end":{"line":14,"column":5}}},"2":{"name":"(anonymous_2)","decl":{"start":{"line":16,"column":4},"end":{"line":16,"column":8}},"loc":{"start":{"line":16,"column":19},"end":{"line":18,"column":5}}},"3":{"name":"(anonymous_3)","decl":{"start":{"line":17,"column":32},"end":{"line":17,"column":40}},"loc":{"start":{"line":17,"column":44},"end":{"line":17,"column":61}}},"4":{"name":"(anonymous_4)","decl":{"start":{"line":20,"column":4},"end":{"line":20,"column":15}},"loc":{"start":{"line":20,"column":34},"end":{"line":22,"column":5}}},"5":{"name":"(anonymous_5)","decl":{"start":{"line":30,"column":4},"end":{"line":30,"column":null}},"loc":{"start":{"line":30,"column":4},"end":{"line":32,"column":5}}},"6":{"name":"(anonymous_6)","decl":{"start":{"line":34,"column":4},"end":{"line":34,"column":8}},"loc":{"start":{"line":34,"column":19},"end":{"line":37,"column":5}}},"7":{"name":"(anonymous_7)","decl":{"start":{"line":39,"column":4},"end":{"line":39,"column":13}},"loc":{"start":{"line":39,"column":57},"end":{"line":44,"column":5}}}},"branchMap":{"0":{"loc":{"start":{"line":40,"column":8},"end":{"line":41,"column":40}},"type":"if","locations":[{"start":{"line":40,"column":8},"end":{"line":41,"column":40}}]}},"s":{"0":198,"1":212,"2":194,"3":197,"4":38,"5":6,"6":50,"7":66,"8":66,"9":53,"10":53,"11":53,"12":6},"f":{"0":198,"1":212,"2":194,"3":197,"4":38,"5":50,"6":66,"7":53},"b":{"0":[53]}}
}
