TN:
SF:src/abstracts/abstractRequest.ts
FN:16,(anonymous_0)
FN:22,(anonymous_1)
FN:30,(anonymous_2)
FN:34,(anonymous_3)
FN:38,(anonymous_4)
FN:46,(anonymous_5)
FNF:6
FNH:6
FNDA:19,(anonymous_0)
FNDA:7,(anonymous_1)
FNDA:1,(anonymous_2)
FNDA:1,(anonymous_3)
FNDA:1,(anonymous_4)
FNDA:4,(anonymous_5)
DA:3,6
DA:11,6
DA:17,19
DA:18,19
DA:19,19
DA:23,7
DA:31,1
DA:35,1
DA:39,1
DA:47,4
DA:48,4
DA:49,4
LF:12
LH:12
BRDA:25,0,0,7
BRDA:25,0,1,1
BRDA:25,1,0,1
BRDA:25,1,1,6
BRDA:25,2,0,7
BRDA:25,2,1,6
BRDA:26,3,0,7
BRDA:26,3,1,1
BRDA:26,4,0,1
BRDA:26,4,1,6
BRDA:26,5,0,7
BRDA:26,5,1,6
BRF:12
BRH:12
end_of_record
TN:
SF:src/abstracts/abstractResponse.ts
FNF:0
FNH:0
DA:5,7
LF:1
LH:1
BRF:0
BRH:0
end_of_record
TN:
SF:src/abstracts/middleware.ts
FN:12,(anonymous_0)
FN:21,(anonymous_1)
FN:31,(anonymous_2)
FN:34,(anonymous_3)
FNF:4
FNH:4
FNDA:15,(anonymous_0)
FNDA:9,(anonymous_1)
FNDA:7,(anonymous_2)
FNDA:11,(anonymous_3)
DA:9,2
DA:10,15
DA:13,15
DA:14,2
DA:22,9
DA:32,7
DA:34,7
DA:35,11
DA:36,11
DA:37,8
DA:39,3
DA:40,3
DA:43,7
LF:13
LH:13
BRDA:13,0,0,2
BRDA:36,1,0,8
BRDA:36,1,1,3
BRDA:36,2,0,11
BRDA:36,2,1,8
BRDA:39,3,0,3
BRF:6
BRH:6
end_of_record
TN:
SF:src/channel/channelEngine.ts
FN:47,(anonymous_0)
FN:60,(anonymous_1)
FN:74,(anonymous_2)
FN:92,(anonymous_3)
FN:107,(anonymous_4)
FN:113,(anonymous_5)
FN:121,(anonymous_6)
FN:129,(anonymous_7)
FN:139,(anonymous_8)
FN:155,(anonymous_9)
FN:167,(anonymous_10)
FN:182,(anonymous_11)
FN:184,(anonymous_12)
FN:193,(anonymous_13)
FN:208,(anonymous_14)
FN:224,(anonymous_15)
FN:229,(anonymous_16)
FN:243,(anonymous_17)
FN:257,(anonymous_18)
FN:258,(anonymous_19)
FN:276,(anonymous_20)
FN:288,(anonymous_21)
FN:291,(anonymous_22)
FNF:23
FNH:23
FNDA:52,(anonymous_0)
FNDA:52,(anonymous_1)
FNDA:11,(anonymous_2)
FNDA:2,(anonymous_3)
FNDA:2,(anonymous_4)
FNDA:1,(anonymous_5)
FNDA:15,(anonymous_6)
FNDA:18,(anonymous_7)
FNDA:4,(anonymous_8)
FNDA:3,(anonymous_9)
FNDA:17,(anonymous_10)
FNDA:3,(anonymous_11)
FNDA:3,(anonymous_12)
FNDA:4,(anonymous_13)
FNDA:26,(anonymous_14)
FNDA:7,(anonymous_15)
FNDA:1,(anonymous_16)
FNDA:15,(anonymous_17)
FNDA:51,(anonymous_18)
FNDA:55,(anonymous_19)
FNDA:45,(anonymous_20)
FNDA:6,(anonymous_21)
FNDA:35,(anonymous_22)
DA:1,5
DA:2,5
DA:3,5
DA:4,5
DA:40,5
DA:48,52
DA:49,52
DA:50,52
DA:51,52
DA:61,52
DA:62,52
DA:63,1
DA:65,51
DA:66,51
DA:75,11
DA:76,11
DA:77,10
DA:78,10
DA:79,10
DA:81,10
DA:82,8
DA:83,1
DA:84,1
DA:93,2
DA:97,2
DA:98,2
DA:108,2
DA:112,2
DA:113,2
DA:122,15
DA:123,15
DA:124,1
DA:126,14
DA:127,1
DA:129,13
DA:130,18
DA:140,4
DA:141,1
DA:143,3
DA:144,2
DA:147,1
DA:156,3
DA:157,3
DA:158,2
DA:160,1
DA:168,17
DA:169,17
DA:170,12
DA:176,5
DA:183,3
DA:184,3
DA:185,3
DA:187,3
DA:194,4
DA:195,3
DA:197,1
DA:209,26
DA:210,15
DA:212,11
DA:213,3
DA:216,8
DA:223,8
DA:224,8
DA:225,7
DA:226,5
DA:229,8
DA:230,1
DA:244,15
DA:245,6
DA:246,3
DA:247,3
DA:248,3
DA:258,51
DA:259,55
DA:260,42
DA:277,45
DA:280,45
DA:282,8
DA:283,8
DA:285,5
DA:286,1
DA:288,6
DA:289,4
DA:291,35
DA:292,32
DA:293,1
DA:295,31
DA:298,43
LF:88
LH:88
BRDA:62,0,0,1
BRDA:74,1,0,6
BRDA:76,2,0,10
BRDA:76,2,1,1
BRDA:81,3,0,8
BRDA:83,4,0,1
BRDA:122,5,0,15
BRDA:122,5,1,12
BRDA:123,6,0,1
BRDA:126,7,0,1
BRDA:140,8,0,1
BRDA:143,9,0,2
BRDA:143,9,1,1
BRDA:157,10,0,2
BRDA:157,10,1,1
BRDA:168,11,0,3
BRDA:168,11,1,14
BRDA:169,12,0,12
BRDA:169,12,1,5
BRDA:173,13,0,12
BRDA:173,13,1,0
BRDA:194,14,0,3
BRDA:194,14,1,1
BRDA:208,15,0,10
BRDA:208,16,0,22
BRDA:209,17,0,15
BRDA:209,17,1,11
BRDA:209,18,0,26
BRDA:209,18,1,15
BRDA:212,19,0,3
BRDA:212,19,1,8
BRDA:225,20,0,5
BRDA:243,21,0,3
BRDA:244,22,0,6
BRDA:245,23,0,3
BRDA:245,23,1,3
BRDA:245,24,0,6
BRDA:245,24,1,3
BRDA:247,25,0,3
BRDA:259,26,0,42
BRDA:280,27,0,8
BRDA:280,27,1,5
BRDA:280,27,2,32
BRDA:285,28,0,1
BRDA:292,29,0,1
BRF:45
BRH:44
end_of_record
TN:
SF:src/channel/channelRequest.ts
FN:8,(anonymous_0)
FN:13,(anonymous_1)
FN:17,(anonymous_2)
FNF:3
FNH:3
FNDA:11,(anonymous_0)
FNDA:1,(anonymous_1)
FNDA:2,(anonymous_2)
DA:3,5
DA:5,5
DA:9,11
DA:10,11
DA:14,1
DA:18,2
DA:20,2
DA:21,1
DA:23,1
LF:9
LH:9
BRDA:20,0,0,1
BRF:1
BRH:1
end_of_record
TN:
SF:src/channel/channelResponse.ts
FN:11,(anonymous_0)
FN:21,(anonymous_1)
FN:29,(anonymous_2)
FN:42,(anonymous_3)
FN:57,(anonymous_4)
FN:67,(anonymous_5)
FN:77,(anonymous_6)
FN:88,(anonymous_7)
FN:98,(anonymous_8)
FN:108,(anonymous_9)
FN:117,(anonymous_10)
FN:133,(anonymous_11)
FN:143,(anonymous_12)
FN:154,(anonymous_13)
FNF:14
FNH:14
FNDA:23,(anonymous_0)
FNDA:9,(anonymous_1)
FNDA:8,(anonymous_2)
FNDA:3,(anonymous_3)
FNDA:1,(anonymous_4)
FNDA:1,(anonymous_5)
FNDA:1,(anonymous_6)
FNDA:1,(anonymous_7)
FNDA:3,(anonymous_8)
FNDA:1,(anonymous_9)
FNDA:3,(anonymous_10)
FNDA:1,(anonymous_11)
FNDA:1,(anonymous_12)
FNDA:11,(anonymous_13)
DA:1,5
DA:5,5
DA:9,23
DA:12,23
DA:13,23
DA:14,23
DA:15,23
DA:22,9
DA:30,8
DA:31,8
DA:32,7
DA:33,7
DA:43,3
DA:44,3
DA:45,3
DA:46,3
DA:47,3
DA:48,3
DA:58,1
DA:59,1
DA:68,1
DA:69,1
DA:78,1
DA:79,1
DA:89,1
DA:90,1
DA:99,3
DA:100,3
DA:109,1
DA:110,1
DA:118,3
DA:119,3
DA:120,3
DA:122,1
DA:125,3
DA:134,1
DA:135,1
DA:136,1
DA:144,1
DA:145,1
DA:146,1
DA:155,11
DA:156,1
LF:43
LH:43
BRDA:44,0,0,3
BRDA:44,0,1,2
BRDA:45,1,0,3
BRDA:45,1,1,3
BRDA:99,2,0,3
BRDA:99,2,1,3
BRDA:109,3,0,1
BRDA:109,3,1,1
BRDA:118,4,0,3
BRDA:118,4,1,3
BRDA:134,5,0,1
BRDA:134,5,1,1
BRDA:155,6,0,1
BRF:13
BRH:13
end_of_record
TN:
SF:src/endpoint/endpointEngine.ts
FN:23,(anonymous_0)
FN:49,(anonymous_1)
FN:65,(anonymous_2)
FN:73,(anonymous_3)
FN:74,(anonymous_4)
FN:80,(anonymous_5)
FN:89,(anonymous_6)
FN:90,(anonymous_7)
FN:100,(anonymous_8)
FN:104,(anonymous_9)
FN:117,(anonymous_10)
FN:124,(anonymous_11)
FN:130,(anonymous_12)
FN:162,(anonymous_13)
FN:164,(anonymous_14)
FN:168,(anonymous_15)
FN:170,(anonymous_16)
FN:173,(anonymous_17)
FN:175,(anonymous_18)
FN:184,(anonymous_19)
FN:195,(anonymous_20)
FN:218,(anonymous_21)
FN:233,(anonymous_22)
FN:240,(anonymous_23)
FN:246,(anonymous_24)
FN:252,(anonymous_25)
FN:258,(anonymous_26)
FN:264,(anonymous_27)
FN:277,(anonymous_28)
FN:330,(anonymous_29)
FN:338,(anonymous_30)
FNF:31
FNH:26
FNDA:2,(anonymous_0)
FNDA:18,(anonymous_1)
FNDA:7,(anonymous_2)
FNDA:5,(anonymous_3)
FNDA:6,(anonymous_4)
FNDA:3,(anonymous_5)
FNDA:2,(anonymous_6)
FNDA:3,(anonymous_7)
FNDA:3,(anonymous_8)
FNDA:4,(anonymous_9)
FNDA:22,(anonymous_10)
FNDA:22,(anonymous_11)
FNDA:20,(anonymous_12)
FNDA:20,(anonymous_13)
FNDA:16,(anonymous_14)
FNDA:19,(anonymous_15)
FNDA:13,(anonymous_16)
FNDA:0,(anonymous_17)
FNDA:0,(anonymous_18)
FNDA:14,(anonymous_19)
FNDA:7,(anonymous_20)
FNDA:5,(anonymous_21)
FNDA:12,(anonymous_22)
FNDA:1,(anonymous_23)
FNDA:0,(anonymous_24)
FNDA:3,(anonymous_25)
FNDA:0,(anonymous_26)
FNDA:0,(anonymous_27)
FNDA:16,(anonymous_28)
FNDA:13,(anonymous_29)
FNDA:22,(anonymous_30)
DA:2,2
DA:7,2
DA:23,2
DA:24,2
DA:25,2
DA:26,2
DA:27,2
DA:28,2
DA:29,2
DA:42,2
DA:50,18
DA:51,18
DA:52,18
DA:53,18
DA:54,18
DA:66,7
DA:67,7
DA:74,6
DA:81,3
DA:90,2
DA:91,3
DA:92,3
DA:101,3
DA:103,3
DA:105,4
DA:106,4
DA:118,22
DA:119,22
DA:124,22
DA:125,22
DA:126,2
DA:127,2
DA:130,20
DA:131,20
DA:132,20
DA:138,20
DA:139,20
DA:141,20
DA:142,5
DA:148,5
DA:153,22
DA:154,22
DA:163,20
DA:164,20
DA:165,16
DA:168,20
DA:169,19
DA:170,13
DA:173,20
DA:174,0
DA:175,0
DA:185,14
DA:196,7
DA:197,8
DA:198,8
DA:199,6
DA:205,6
DA:209,1
DA:219,5
DA:220,5
DA:221,5
DA:222,4
DA:225,1
DA:234,12
DA:236,7
DA:237,6
DA:240,2
DA:241,1
DA:243,1
DA:246,0
DA:247,0
DA:249,0
DA:252,3
DA:253,3
DA:255,3
DA:258,0
DA:259,0
DA:261,0
DA:264,0
DA:265,0
DA:267,0
DA:278,16
DA:284,16
DA:285,16
DA:287,15
DA:288,1
DA:292,14
DA:293,1
DA:297,13
DA:298,1
DA:303,12
DA:305,13
DA:306,3
DA:309,3
DA:310,1
DA:313,1
DA:315,2
DA:316,2
DA:320,2
DA:331,13
DA:339,22
DA:340,22
DA:341,22
DA:342,462
DA:345,22
LF:105
LH:94
BRDA:23,0,0,2
BRDA:23,0,1,2
BRDA:101,1,0,1
BRDA:101,1,1,2
BRDA:105,2,0,4
BRDA:125,3,0,2
BRDA:141,4,0,5
BRDA:198,5,0,6
BRDA:221,6,0,4
BRDA:234,7,0,7
BRDA:234,7,1,2
BRDA:234,7,2,0
BRDA:234,7,3,3
BRDA:234,7,4,0
BRDA:234,7,5,0
BRDA:259,8,0,0
BRDA:259,8,1,0
BRDA:287,9,0,1
BRDA:287,9,1,14
BRDA:292,10,0,1
BRDA:292,10,1,13
BRDA:297,11,0,1
BRDA:297,11,1,12
BRDA:305,12,0,3
BRDA:309,13,0,1
BRDA:309,13,1,2
BRDA:315,14,0,2
BRF:27
BRH:22
end_of_record
TN:
SF:src/endpoint/endpointResponse.ts
FN:15,(anonymous_0)
FN:24,(anonymous_1)
FN:37,(anonymous_2)
FN:51,(anonymous_3)
FNF:4
FNH:4
FNDA:28,(anonymous_0)
FNDA:18,(anonymous_1)
FNDA:5,(anonymous_2)
FNDA:8,(anonymous_3)
DA:1,3
DA:11,3
DA:12,28
DA:16,28
DA:17,28
DA:25,18
DA:26,1
DA:28,17
DA:29,17
DA:38,5
DA:39,1
DA:41,4
DA:42,4
DA:52,8
DA:53,1
DA:55,7
DA:56,7
LF:17
LH:17
BRDA:25,0,0,1
BRDA:29,1,0,17
BRDA:29,1,1,17
BRDA:38,2,0,1
BRDA:42,3,0,4
BRDA:42,3,1,4
BRDA:42,4,0,4
BRDA:42,4,1,4
BRDA:52,5,0,1
BRDA:56,6,0,7
BRDA:56,6,1,7
BRF:11
BRH:11
end_of_record
TN:
SF:src/pondChannel/pondChannel.ts
FN:37,(anonymous_0)
FN:55,(anonymous_1)
FN:70,(anonymous_2)
FN:71,(anonymous_3)
FN:82,(anonymous_4)
FN:97,(anonymous_5)
FN:114,(anonymous_6)
FN:124,(anonymous_7)
FN:125,(anonymous_8)
FN:135,(anonymous_9)
FN:155,(anonymous_10)
FN:168,(anonymous_11)
FN:170,(anonymous_12)
FN:178,(anonymous_13)
FN:188,(anonymous_14)
FN:190,(anonymous_15)
FN:197,(anonymous_16)
FNF:17
FNH:15
FNDA:7,(anonymous_0)
FNDA:7,(anonymous_1)
FNDA:1,(anonymous_2)
FNDA:3,(anonymous_3)
FNDA:7,(anonymous_4)
FNDA:6,(anonymous_5)
FNDA:0,(anonymous_6)
FNDA:13,(anonymous_7)
FNDA:5,(anonymous_8)
FNDA:6,(anonymous_9)
FNDA:4,(anonymous_10)
FNDA:16,(anonymous_11)
FNDA:10,(anonymous_12)
FNDA:6,(anonymous_13)
FNDA:5,(anonymous_14)
FNDA:4,(anonymous_15)
FNDA:0,(anonymous_16)
DA:1,1
DA:2,1
DA:6,1
DA:8,1
DA:32,1
DA:38,7
DA:39,7
DA:40,7
DA:56,7
DA:71,1
DA:72,3
DA:73,3
DA:75,0
DA:83,7
DA:98,6
DA:99,6
DA:100,6
DA:106,6
DA:107,6
DA:109,6
DA:110,6
DA:111,0
DA:114,0
DA:115,0
DA:125,13
DA:126,5
DA:136,6
DA:137,6
DA:139,6
DA:144,6
DA:145,6
DA:146,6
DA:156,4
DA:157,4
DA:158,4
DA:160,0
DA:169,16
DA:170,10
DA:179,6
DA:180,6
DA:181,6
DA:189,5
DA:190,4
DA:198,0
LF:44
LH:38
BRDA:72,0,0,3
BRDA:98,1,0,6
BRDA:98,1,1,6
BRDA:99,2,0,6
BRDA:99,2,1,0
BRDA:110,3,0,0
BRDA:157,4,0,4
BRDA:180,5,0,6
BRF:8
BRH:6
end_of_record
TN:
SF:src/pondChannel/pondChannelRequest.ts
FN:10,(anonymous_0)
FN:15,(anonymous_1)
FN:19,(anonymous_2)
FN:27,(anonymous_3)
FNF:4
FNH:2
FNDA:6,(anonymous_0)
FNDA:0,(anonymous_1)
FNDA:0,(anonymous_2)
FNDA:3,(anonymous_3)
DA:1,1
DA:7,1
DA:11,6
DA:12,6
DA:16,0
DA:20,0
DA:28,3
LF:7
LH:5
BRF:0
BRH:0
end_of_record
TN:
SF:src/pondChannel/pondChannelResponse.ts
FN:11,(anonymous_0)
FN:18,(anonymous_1)
FN:26,(anonymous_2)
FN:29,(anonymous_3)
FN:41,(anonymous_4)
FN:59,(anonymous_5)
FN:70,(anonymous_6)
FN:80,(anonymous_7)
FN:91,(anonymous_8)
FN:100,(anonymous_9)
FNF:10
FNH:10
FNDA:12,(anonymous_0)
FNDA:11,(anonymous_1)
FNDA:8,(anonymous_2)
FNDA:6,(anonymous_3)
FNDA:1,(anonymous_4)
FNDA:2,(anonymous_5)
FNDA:1,(anonymous_6)
FNDA:1,(anonymous_7)
FNDA:1,(anonymous_8)
FNDA:1,(anonymous_9)
DA:1,2
DA:6,2
DA:12,12
DA:13,12
DA:14,12
DA:15,12
DA:19,11
DA:27,8
DA:28,8
DA:29,8
DA:30,6
DA:33,8
DA:42,1
DA:43,1
DA:44,1
DA:50,1
DA:60,2
DA:61,2
DA:62,2
DA:71,1
DA:72,1
DA:81,1
DA:82,1
DA:92,1
DA:93,1
DA:101,1
DA:102,1
LF:27
LH:27
BRDA:43,0,0,1
BRDA:43,0,1,1
BRDA:46,1,0,1
BRDA:46,1,1,1
BRF:4
BRH:4
end_of_record
TN:
SF:src/presence/presenceEngine.ts
FN:20,(anonymous_0)
FN:28,(anonymous_1)
FN:30,(anonymous_2)
FN:40,(anonymous_3)
FN:48,(anonymous_4)
FN:68,(anonymous_5)
FN:87,(anonymous_6)
FN:98,(anonymous_7)
FN:116,(anonymous_8)
FNF:9
FNH:9
FNDA:20,(anonymous_0)
FNDA:4,(anonymous_1)
FNDA:6,(anonymous_2)
FNDA:20,(anonymous_3)
FNDA:9,(anonymous_4)
FNDA:4,(anonymous_5)
FNDA:21,(anonymous_6)
FNDA:21,(anonymous_7)
FNDA:20,(anonymous_8)
DA:1,6
DA:16,6
DA:21,20
DA:22,20
DA:29,4
DA:31,6
DA:32,6
DA:41,20
DA:49,9
DA:50,9
DA:51,6
DA:52,6
DA:53,6
DA:54,2
DA:60,3
DA:69,4
DA:70,4
DA:71,3
DA:72,3
DA:78,1
DA:88,21
DA:89,20
DA:99,21
DA:100,20
DA:101,20
DA:107,1
DA:117,20
LF:27
LH:27
BRDA:50,0,0,6
BRDA:50,0,1,3
BRDA:53,1,0,2
BRDA:70,2,0,3
BRDA:70,2,1,1
BRDA:99,3,0,20
BRDA:99,3,1,1
BRF:7
BRH:7
end_of_record
TN:
SF:src/server/pondSocket.ts
FN:18,(anonymous_0)
FN:30,(anonymous_1)
FN:38,(anonymous_2)
FN:58,(anonymous_3)
FN:60,(anonymous_4)
FN:76,(anonymous_5)
FN:84,(anonymous_6)
FN:85,(anonymous_7)
FN:86,(anonymous_8)
FN:91,(anonymous_9)
FN:92,(anonymous_10)
FN:97,(anonymous_11)
FN:101,(anonymous_12)
FN:111,(anonymous_13)
FN:113,(anonymous_14)
FN:131,(anonymous_15)
FN:134,(anonymous_16)
FN:138,(anonymous_17)
FNF:18
FNH:10
FNDA:19,(anonymous_0)
FNDA:16,(anonymous_1)
FNDA:0,(anonymous_2)
FNDA:18,(anonymous_3)
FNDA:23,(anonymous_4)
FNDA:0,(anonymous_5)
FNDA:19,(anonymous_6)
FNDA:20,(anonymous_7)
FNDA:0,(anonymous_8)
FNDA:0,(anonymous_9)
FNDA:0,(anonymous_10)
FNDA:0,(anonymous_11)
FNDA:0,(anonymous_12)
FNDA:23,(anonymous_13)
FNDA:24,(anonymous_14)
FNDA:19,(anonymous_15)
FNDA:0,(anonymous_16)
FNDA:23,(anonymous_17)
DA:1,2
DA:2,2
DA:5,2
DA:6,2
DA:12,2
DA:16,19
DA:19,19
DA:20,19
DA:21,19
DA:22,19
DA:31,16
DA:39,0
DA:59,18
DA:60,18
DA:61,23
DA:62,23
DA:63,23
DA:64,1
DA:66,22
DA:69,18
DA:77,0
DA:85,19
DA:86,20
DA:87,0
DA:91,19
DA:92,0
DA:93,0
DA:94,0
DA:96,0
DA:97,0
DA:101,19
DA:112,23
DA:113,23
DA:114,24
DA:115,24
DA:116,23
DA:119,1
DA:120,1
DA:124,23
DA:132,19
DA:134,19
DA:135,0
DA:138,19
DA:139,23
LF:44
LH:35
BRDA:20,0,0,19
BRDA:20,0,1,16
BRDA:21,1,0,19
BRDA:21,1,1,16
BRDA:61,2,0,23
BRDA:61,2,1,0
BRDA:63,3,0,1
BRDA:93,4,0,0
BRDA:115,5,0,23
BRDA:115,5,1,1
BRF:10
BRH:8
end_of_record
TN:
SF:src/utils/matchPattern.ts
FN:16,(anonymous_0)
FN:36,(anonymous_1)
FN:40,(anonymous_2)
FN:52,(anonymous_3)
FN:61,(anonymous_4)
FN:80,(anonymous_5)
FN:88,(anonymous_6)
FN:102,(anonymous_7)
FNF:8
FNH:8
FNDA:37,(anonymous_0)
FNDA:35,(anonymous_1)
FNDA:6,(anonymous_2)
FNDA:39,(anonymous_3)
FNDA:7,(anonymous_4)
FNDA:41,(anonymous_5)
FNDA:37,(anonymous_6)
FNDA:39,(anonymous_7)
DA:9,8
DA:17,37
DA:18,37
DA:19,33
DA:25,4
DA:37,35
DA:38,35
DA:39,35
DA:40,4
DA:41,6
DA:42,6
DA:45,35
DA:53,39
DA:62,7
DA:63,5
DA:66,2
DA:81,41
DA:82,41
DA:83,41
DA:84,41
DA:85,36
DA:86,36
DA:87,36
DA:88,36
DA:89,37
DA:91,36
DA:94,5
DA:103,39
DA:104,36
DA:106,3
DA:107,3
DA:109,2
LF:32
LH:32
BRDA:18,0,0,33
BRDA:39,1,0,4
BRDA:53,2,0,39
BRDA:53,2,1,39
BRDA:62,3,0,5
BRDA:62,3,1,2
BRDA:84,4,0,36
BRDA:86,5,0,36
BRDA:103,6,0,36
BRDA:107,7,0,1
BRF:10
BRH:10
end_of_record
TN:
SF:src/utils/subjectUtils.ts
FN:8,(anonymous_0)
FN:12,(anonymous_1)
FN:16,(anonymous_2)
FN:17,(anonymous_3)
FN:20,(anonymous_4)
FN:30,(anonymous_5)
FN:34,(anonymous_6)
FN:39,(anonymous_7)
FNF:8
FNH:8
FNDA:72,(anonymous_0)
FNDA:71,(anonymous_1)
FNDA:68,(anonymous_2)
FNDA:63,(anonymous_3)
FNDA:17,(anonymous_4)
FNDA:20,(anonymous_5)
FNDA:25,(anonymous_6)
FNDA:20,(anonymous_7)
DA:5,6
DA:9,72
DA:13,71
DA:17,68
DA:21,17
DA:27,6
DA:31,20
DA:35,25
DA:36,25
DA:40,20
DA:41,20
DA:43,20
LF:12
LH:12
BRDA:40,0,0,20
BRF:1
BRH:1
end_of_record
