TN:
SF:src/abstracts/abstractRequest.ts
FN:19,(anonymous_0)
FN:26,(anonymous_1)
FN:35,(anonymous_2)
FN:39,(anonymous_3)
FN:43,(anonymous_4)
FN:51,(anonymous_5)
FNF:6
FNH:3
FNDA:12,(anonymous_0)
FNDA:7,(anonymous_1)
FNDA:0,(anonymous_2)
FNDA:0,(anonymous_3)
FNDA:0,(anonymous_4)
FNDA:3,(anonymous_5)
DA:2,5
DA:13,5
DA:20,12
DA:21,12
DA:22,12
DA:23,12
DA:27,7
DA:36,0
DA:40,0
DA:44,0
DA:52,3
DA:53,3
DA:54,3
LF:13
LH:10
BRDA:29,0,0,7
BRDA:29,0,1,0
BRDA:29,1,0,0
BRDA:29,1,1,7
BRDA:29,2,0,7
BRDA:29,2,1,7
BRDA:30,3,0,7
BRDA:30,3,1,0
BRDA:30,4,0,0
BRDA:30,4,1,7
BRDA:30,5,0,7
BRDA:30,5,1,7
BRF:12
BRH:8
end_of_record
TN:
SF:src/abstracts/abstractResponse.ts
FNF:0
FNH:0
DA:5,6
LF:1
LH:1
BRF:0
BRH:0
end_of_record
TN:
SF:src/abstracts/middleware.ts
FN:12,(anonymous_0)
FN:21,(anonymous_1)
FN:31,(anonymous_2)
FN:34,(anonymous_3)
FNF:4
FNH:4
FNDA:14,(anonymous_0)
FNDA:9,(anonymous_1)
FNDA:7,(anonymous_2)
FNDA:11,(anonymous_3)
DA:9,2
DA:10,14
DA:13,14
DA:14,2
DA:22,9
DA:32,7
DA:34,7
DA:35,11
DA:36,11
DA:37,8
DA:39,3
DA:40,3
DA:43,7
LF:13
LH:13
BRDA:13,0,0,2
BRDA:36,1,0,8
BRDA:36,1,1,3
BRDA:36,2,0,11
BRDA:36,2,1,8
BRDA:39,3,0,3
BRF:6
BRH:6
end_of_record
TN:
SF:src/channel/channelEngine.ts
FN:48,(anonymous_0)
FN:62,(anonymous_1)
FN:76,(anonymous_2)
FN:94,(anonymous_3)
FN:109,(anonymous_4)
FN:115,(anonymous_5)
FN:123,(anonymous_6)
FN:131,(anonymous_7)
FN:141,(anonymous_8)
FN:157,(anonymous_9)
FN:169,(anonymous_10)
FN:184,(anonymous_11)
FN:186,(anonymous_12)
FN:195,(anonymous_13)
FN:207,(anonymous_14)
FN:223,(anonymous_15)
FN:238,(anonymous_16)
FN:241,(anonymous_17)
FN:261,(anonymous_18)
FN:275,(anonymous_19)
FN:289,(anonymous_20)
FN:290,(anonymous_21)
FNF:22
FNH:21
FNDA:148,(anonymous_0)
FNDA:163,(anonymous_1)
FNDA:25,(anonymous_2)
FNDA:7,(anonymous_3)
FNDA:7,(anonymous_4)
FNDA:3,(anonymous_5)
FNDA:54,(anonymous_6)
FNDA:65,(anonymous_7)
FNDA:15,(anonymous_8)
FNDA:11,(anonymous_9)
FNDA:50,(anonymous_10)
FNDA:12,(anonymous_11)
FNDA:12,(anonymous_12)
FNDA:16,(anonymous_13)
FNDA:38,(anonymous_14)
FNDA:149,(anonymous_15)
FNDA:21,(anonymous_16)
FNDA:109,(anonymous_17)
FNDA:3,(anonymous_18)
FNDA:0,(anonymous_19)
FNDA:159,(anonymous_20)
FNDA:175,(anonymous_21)
DA:3,5
DA:4,5
DA:5,5
DA:7,5
DA:41,5
DA:49,148
DA:50,148
DA:51,148
DA:52,148
DA:63,163
DA:64,163
DA:65,4
DA:67,159
DA:68,159
DA:77,25
DA:78,25
DA:79,21
DA:80,21
DA:81,21
DA:83,21
DA:84,13
DA:85,4
DA:86,4
DA:95,7
DA:99,7
DA:100,7
DA:110,7
DA:114,7
DA:115,7
DA:124,54
DA:125,54
DA:126,4
DA:128,50
DA:129,4
DA:131,46
DA:132,65
DA:142,15
DA:143,4
DA:145,11
DA:146,7
DA:149,4
DA:158,11
DA:159,11
DA:160,7
DA:162,4
DA:170,50
DA:171,50
DA:172,36
DA:178,14
DA:185,12
DA:186,12
DA:187,12
DA:189,12
DA:196,16
DA:197,12
DA:199,4
DA:208,38
DA:209,19
DA:210,9
DA:211,10
DA:212,10
DA:224,149
DA:225,13
DA:227,136
DA:230,136
DA:232,23
DA:233,23
DA:235,16
DA:236,4
DA:238,21
DA:239,12
DA:241,109
DA:242,97
DA:243,4
DA:245,93
DA:248,128
DA:262,3
DA:263,0
DA:265,3
DA:272,3
DA:273,3
DA:275,3
DA:276,0
DA:290,159
DA:291,175
DA:292,127
LF:86
LH:84
BRDA:64,0,0,4
BRDA:76,1,0,20
BRDA:78,2,0,21
BRDA:78,2,1,4
BRDA:83,3,0,13
BRDA:85,4,0,4
BRDA:124,5,0,54
BRDA:124,5,1,42
BRDA:125,6,0,4
BRDA:128,7,0,4
BRDA:142,8,0,4
BRDA:145,9,0,7
BRDA:145,9,1,4
BRDA:159,10,0,7
BRDA:159,10,1,4
BRDA:170,11,0,12
BRDA:170,11,1,38
BRDA:171,12,0,36
BRDA:171,12,1,14
BRDA:175,13,0,36
BRDA:175,13,1,0
BRDA:196,14,0,12
BRDA:196,14,1,4
BRDA:207,15,0,9
BRDA:208,16,0,19
BRDA:209,17,0,9
BRDA:209,17,1,10
BRDA:209,18,0,19
BRDA:209,18,1,9
BRDA:211,19,0,10
BRDA:224,20,0,13
BRDA:224,21,0,149
BRDA:224,21,1,120
BRDA:230,22,0,23
BRDA:230,22,1,16
BRDA:230,22,2,97
BRDA:235,23,0,4
BRDA:242,24,0,4
BRDA:262,25,0,0
BRDA:291,26,0,127
BRF:40
BRH:38
end_of_record
TN:
SF:src/channel/channelRequest.ts
FN:8,(anonymous_0)
FN:13,(anonymous_1)
FN:17,(anonymous_2)
FNF:3
FNH:3
FNDA:6,(anonymous_0)
FNDA:1,(anonymous_1)
FNDA:2,(anonymous_2)
DA:3,5
DA:5,5
DA:9,6
DA:10,6
DA:14,1
DA:18,2
DA:20,2
DA:21,1
DA:23,1
LF:9
LH:9
BRDA:20,0,0,1
BRF:1
BRH:1
end_of_record
TN:
SF:src/channel/channelResponse.ts
FN:10,(anonymous_0)
FN:19,(anonymous_1)
FN:27,(anonymous_2)
FN:39,(anonymous_3)
FN:53,(anonymous_4)
FN:63,(anonymous_5)
FN:73,(anonymous_6)
FN:84,(anonymous_7)
FN:94,(anonymous_8)
FN:104,(anonymous_9)
FN:113,(anonymous_10)
FN:129,(anonymous_11)
FN:138,(anonymous_12)
FN:148,(anonymous_13)
FNF:14
FNH:14
FNDA:48,(anonymous_0)
FNDA:21,(anonymous_1)
FNDA:10,(anonymous_2)
FNDA:5,(anonymous_3)
FNDA:3,(anonymous_4)
FNDA:4,(anonymous_5)
FNDA:3,(anonymous_6)
FNDA:3,(anonymous_7)
FNDA:9,(anonymous_8)
FNDA:3,(anonymous_9)
FNDA:9,(anonymous_10)
FNDA:3,(anonymous_11)
FNDA:3,(anonymous_12)
FNDA:15,(anonymous_13)
DA:1,5
DA:5,5
DA:8,48
DA:11,48
DA:12,48
DA:13,48
DA:20,21
DA:28,10
DA:29,10
DA:30,10
DA:40,5
DA:41,5
DA:42,5
DA:43,5
DA:44,5
DA:54,3
DA:55,3
DA:64,4
DA:65,4
DA:74,3
DA:75,3
DA:85,3
DA:86,3
DA:95,9
DA:96,9
DA:105,3
DA:106,3
DA:114,9
DA:115,9
DA:116,9
DA:118,3
DA:121,9
DA:130,3
DA:131,3
DA:139,3
DA:140,3
DA:149,15
DA:150,3
LF:38
LH:38
BRDA:41,0,0,5
BRDA:41,0,1,4
BRDA:42,1,0,5
BRDA:42,1,1,5
BRDA:95,2,0,9
BRDA:95,2,1,9
BRDA:105,3,0,3
BRDA:105,3,1,3
BRDA:114,4,0,9
BRDA:114,4,1,9
BRDA:130,5,0,3
BRDA:130,5,1,3
BRDA:149,6,0,3
BRF:13
BRH:13
end_of_record
TN:
SF:src/endpoint/endpointEngine.ts
FN:23,(anonymous_0)
FN:45,(anonymous_1)
FN:60,(anonymous_2)
FN:68,(anonymous_3)
FN:69,(anonymous_4)
FN:75,(anonymous_5)
FN:84,(anonymous_6)
FN:85,(anonymous_7)
FN:95,(anonymous_8)
FN:99,(anonymous_9)
FN:112,(anonymous_10)
FN:118,(anonymous_11)
FN:124,(anonymous_12)
FN:152,(anonymous_13)
FN:154,(anonymous_14)
FN:158,(anonymous_15)
FN:160,(anonymous_16)
FN:163,(anonymous_17)
FN:165,(anonymous_18)
FN:174,(anonymous_19)
FN:185,(anonymous_20)
FN:206,(anonymous_21)
FN:220,(anonymous_22)
FN:227,(anonymous_23)
FN:233,(anonymous_24)
FN:246,(anonymous_25)
FN:293,(anonymous_26)
FN:301,(anonymous_27)
FNF:28
FNH:26
FNDA:1,(anonymous_0)
FNDA:10,(anonymous_1)
FNDA:6,(anonymous_2)
FNDA:5,(anonymous_3)
FNDA:6,(anonymous_4)
FNDA:3,(anonymous_5)
FNDA:2,(anonymous_6)
FNDA:3,(anonymous_7)
FNDA:3,(anonymous_8)
FNDA:4,(anonymous_9)
FNDA:15,(anonymous_10)
FNDA:15,(anonymous_11)
FNDA:14,(anonymous_12)
FNDA:14,(anonymous_13)
FNDA:12,(anonymous_14)
FNDA:14,(anonymous_15)
FNDA:9,(anonymous_16)
FNDA:0,(anonymous_17)
FNDA:0,(anonymous_18)
FNDA:9,(anonymous_19)
FNDA:7,(anonymous_20)
FNDA:5,(anonymous_21)
FNDA:12,(anonymous_22)
FNDA:1,(anonymous_23)
FNDA:3,(anonymous_24)
FNDA:12,(anonymous_25)
FNDA:12,(anonymous_26)
FNDA:15,(anonymous_27)
DA:2,1
DA:7,1
DA:23,1
DA:24,1
DA:25,1
DA:26,1
DA:39,1
DA:46,10
DA:47,10
DA:48,10
DA:49,10
DA:61,6
DA:62,6
DA:69,6
DA:76,3
DA:85,2
DA:86,3
DA:87,3
DA:96,3
DA:98,3
DA:100,4
DA:113,15
DA:114,15
DA:118,15
DA:119,15
DA:120,1
DA:121,1
DA:124,14
DA:125,14
DA:126,14
DA:130,14
DA:131,14
DA:133,14
DA:134,4
DA:138,4
DA:143,15
DA:144,15
DA:153,14
DA:154,14
DA:155,12
DA:158,14
DA:159,14
DA:160,9
DA:163,14
DA:164,0
DA:165,0
DA:175,9
DA:186,7
DA:187,8
DA:188,8
DA:189,6
DA:193,6
DA:197,1
DA:207,5
DA:208,5
DA:209,5
DA:212,1
DA:221,12
DA:223,7
DA:224,6
DA:227,2
DA:228,1
DA:230,1
DA:233,3
DA:234,3
DA:236,3
DA:247,12
DA:251,12
DA:252,12
DA:254,12
DA:258,12
DA:262,12
DA:266,12
DA:267,0
DA:269,12
DA:272,2
DA:273,0
DA:276,0
DA:278,2
DA:279,2
DA:283,2
DA:294,12
DA:302,15
DA:303,15
DA:304,15
DA:305,315
DA:308,15
LF:87
LH:82
BRDA:23,0,0,1
BRDA:23,0,1,1
BRDA:96,1,0,1
BRDA:96,1,1,2
BRDA:100,2,0,4
BRDA:119,3,0,1
BRDA:133,4,0,4
BRDA:188,5,0,6
BRDA:209,6,0,4
BRDA:221,7,0,7
BRDA:221,7,1,2
BRDA:221,7,2,3
BRDA:254,8,0,0
BRDA:254,8,1,12
BRDA:258,9,0,0
BRDA:258,9,1,12
BRDA:262,10,0,0
BRDA:266,11,0,0
BRDA:266,11,1,12
BRDA:272,12,0,0
BRDA:272,12,1,2
BRDA:278,13,0,2
BRF:22
BRH:17
end_of_record
TN:
SF:src/endpoint/endpointResponse.ts
FN:15,(anonymous_0)
FN:24,(anonymous_1)
FN:37,(anonymous_2)
FN:51,(anonymous_3)
FNF:4
FNH:4
FNDA:21,(anonymous_0)
FNDA:13,(anonymous_1)
FNDA:4,(anonymous_2)
FNDA:7,(anonymous_3)
DA:1,2
DA:11,2
DA:12,21
DA:16,21
DA:17,21
DA:25,13
DA:26,1
DA:28,12
DA:29,12
DA:38,4
DA:39,1
DA:41,3
DA:42,3
DA:52,7
DA:53,1
DA:55,6
DA:56,6
LF:17
LH:17
BRDA:25,0,0,1
BRDA:29,1,0,12
BRDA:29,1,1,12
BRDA:38,2,0,1
BRDA:42,3,0,3
BRDA:42,3,1,3
BRDA:42,4,0,3
BRDA:42,4,1,3
BRDA:52,5,0,1
BRDA:56,6,0,6
BRDA:56,6,1,6
BRF:11
BRH:11
end_of_record
TN:
SF:src/pondChannel/pondChannel.ts
FN:37,(anonymous_0)
FN:55,(anonymous_1)
FN:70,(anonymous_2)
FN:71,(anonymous_3)
FN:82,(anonymous_4)
FN:97,(anonymous_5)
FN:114,(anonymous_6)
FN:124,(anonymous_7)
FN:125,(anonymous_8)
FN:135,(anonymous_9)
FN:155,(anonymous_10)
FN:168,(anonymous_11)
FN:170,(anonymous_12)
FN:178,(anonymous_13)
FN:188,(anonymous_14)
FN:190,(anonymous_15)
FN:197,(anonymous_16)
FNF:17
FNH:15
FNDA:6,(anonymous_0)
FNDA:6,(anonymous_1)
FNDA:1,(anonymous_2)
FNDA:3,(anonymous_3)
FNDA:6,(anonymous_4)
FNDA:6,(anonymous_5)
FNDA:0,(anonymous_6)
FNDA:9,(anonymous_7)
FNDA:5,(anonymous_8)
FNDA:6,(anonymous_9)
FNDA:4,(anonymous_10)
FNDA:16,(anonymous_11)
FNDA:10,(anonymous_12)
FNDA:6,(anonymous_13)
FNDA:5,(anonymous_14)
FNDA:4,(anonymous_15)
FNDA:0,(anonymous_16)
DA:1,1
DA:2,1
DA:6,1
DA:8,1
DA:32,1
DA:38,6
DA:39,6
DA:40,6
DA:56,6
DA:71,1
DA:72,3
DA:73,3
DA:75,0
DA:83,6
DA:98,6
DA:99,6
DA:100,6
DA:106,6
DA:107,6
DA:109,6
DA:110,6
DA:111,0
DA:114,0
DA:115,0
DA:125,9
DA:126,5
DA:136,6
DA:137,6
DA:139,6
DA:144,6
DA:145,6
DA:146,6
DA:156,4
DA:157,4
DA:158,4
DA:160,0
DA:169,16
DA:170,10
DA:179,6
DA:180,6
DA:181,6
DA:189,5
DA:190,4
DA:198,0
LF:44
LH:38
BRDA:72,0,0,3
BRDA:98,1,0,6
BRDA:98,1,1,6
BRDA:99,2,0,6
BRDA:99,2,1,0
BRDA:110,3,0,0
BRDA:157,4,0,4
BRDA:180,5,0,6
BRF:8
BRH:6
end_of_record
TN:
SF:src/pondChannel/pondChannelRequest.ts
FN:10,(anonymous_0)
FN:15,(anonymous_1)
FN:19,(anonymous_2)
FN:27,(anonymous_3)
FNF:4
FNH:2
FNDA:6,(anonymous_0)
FNDA:0,(anonymous_1)
FNDA:0,(anonymous_2)
FNDA:3,(anonymous_3)
DA:1,1
DA:7,1
DA:11,6
DA:12,6
DA:16,0
DA:20,0
DA:28,3
LF:7
LH:5
BRF:0
BRH:0
end_of_record
TN:
SF:src/pondChannel/pondChannelResponse.ts
FN:11,(anonymous_0)
FN:18,(anonymous_1)
FN:26,(anonymous_2)
FN:29,(anonymous_3)
FN:41,(anonymous_4)
FN:59,(anonymous_5)
FN:70,(anonymous_6)
FN:80,(anonymous_7)
FN:91,(anonymous_8)
FN:100,(anonymous_9)
FNF:10
FNH:10
FNDA:12,(anonymous_0)
FNDA:11,(anonymous_1)
FNDA:9,(anonymous_2)
FNDA:7,(anonymous_3)
FNDA:1,(anonymous_4)
FNDA:2,(anonymous_5)
FNDA:1,(anonymous_6)
FNDA:1,(anonymous_7)
FNDA:2,(anonymous_8)
FNDA:1,(anonymous_9)
DA:1,2
DA:6,2
DA:12,12
DA:13,12
DA:14,12
DA:15,12
DA:19,11
DA:27,9
DA:28,9
DA:29,9
DA:30,7
DA:33,9
DA:42,1
DA:43,1
DA:44,1
DA:50,1
DA:60,2
DA:61,2
DA:62,2
DA:71,1
DA:72,1
DA:81,1
DA:82,1
DA:92,2
DA:93,1
DA:101,1
DA:102,1
LF:27
LH:27
BRDA:43,0,0,1
BRDA:43,0,1,1
BRDA:46,1,0,1
BRDA:46,1,1,1
BRF:4
BRH:4
end_of_record
TN:
SF:src/presence/presenceEngine.ts
FN:20,(anonymous_0)
FN:28,(anonymous_1)
FN:30,(anonymous_2)
FN:40,(anonymous_3)
FN:48,(anonymous_4)
FN:68,(anonymous_5)
FN:87,(anonymous_6)
FN:98,(anonymous_7)
FN:116,(anonymous_8)
FNF:9
FNH:9
FNDA:50,(anonymous_0)
FNDA:13,(anonymous_1)
FNDA:21,(anonymous_2)
FNDA:71,(anonymous_3)
FNDA:22,(anonymous_4)
FNDA:9,(anonymous_5)
FNDA:54,(anonymous_6)
FNDA:54,(anonymous_7)
FNDA:53,(anonymous_8)
DA:1,6
DA:16,6
DA:21,50
DA:22,50
DA:29,13
DA:31,21
DA:32,21
DA:41,71
DA:49,22
DA:50,22
DA:51,14
DA:52,14
DA:53,14
DA:54,5
DA:60,8
DA:69,9
DA:70,9
DA:71,8
DA:72,8
DA:78,1
DA:88,54
DA:89,53
DA:99,54
DA:100,53
DA:101,53
DA:107,1
DA:117,53
LF:27
LH:27
BRDA:50,0,0,14
BRDA:50,0,1,8
BRDA:53,1,0,5
BRDA:70,2,0,8
BRDA:70,2,1,1
BRDA:99,3,0,53
BRDA:99,3,1,1
BRF:7
BRH:7
end_of_record
TN:
SF:src/server/pondSocket.ts
FN:18,(anonymous_0)
FN:30,(anonymous_1)
FN:38,(anonymous_2)
FN:58,(anonymous_3)
FN:60,(anonymous_4)
FN:76,(anonymous_5)
FN:84,(anonymous_6)
FN:85,(anonymous_7)
FN:86,(anonymous_8)
FN:91,(anonymous_9)
FN:92,(anonymous_10)
FN:97,(anonymous_11)
FN:101,(anonymous_12)
FN:111,(anonymous_13)
FN:113,(anonymous_14)
FN:131,(anonymous_15)
FN:134,(anonymous_16)
FN:138,(anonymous_17)
FNF:18
FNH:10
FNDA:10,(anonymous_0)
FNDA:10,(anonymous_1)
FNDA:0,(anonymous_2)
FNDA:10,(anonymous_3)
FNDA:15,(anonymous_4)
FNDA:0,(anonymous_5)
FNDA:10,(anonymous_6)
FNDA:14,(anonymous_7)
FNDA:0,(anonymous_8)
FNDA:0,(anonymous_9)
FNDA:0,(anonymous_10)
FNDA:0,(anonymous_11)
FNDA:0,(anonymous_12)
FNDA:15,(anonymous_13)
FNDA:15,(anonymous_14)
FNDA:10,(anonymous_15)
FNDA:0,(anonymous_16)
FNDA:15,(anonymous_17)
DA:1,1
DA:2,1
DA:5,1
DA:6,1
DA:12,1
DA:16,10
DA:19,10
DA:20,10
DA:21,10
DA:22,10
DA:31,10
DA:39,0
DA:59,10
DA:60,10
DA:61,15
DA:62,15
DA:63,15
DA:64,0
DA:66,15
DA:69,10
DA:77,0
DA:85,10
DA:86,14
DA:87,0
DA:91,10
DA:92,0
DA:93,0
DA:94,0
DA:96,0
DA:97,0
DA:101,10
DA:112,15
DA:113,15
DA:114,15
DA:115,15
DA:116,15
DA:119,0
DA:120,0
DA:124,15
DA:132,10
DA:134,10
DA:135,0
DA:138,10
DA:139,15
LF:44
LH:32
BRDA:20,0,0,10
BRDA:20,0,1,10
BRDA:21,1,0,10
BRDA:21,1,1,10
BRDA:61,2,0,15
BRDA:61,2,1,0
BRDA:63,3,0,0
BRDA:93,4,0,0
BRDA:115,5,0,15
BRDA:115,5,1,0
BRF:10
BRH:6
end_of_record
TN:
SF:src/utils/matchPattern.ts
FN:16,(anonymous_0)
FN:36,(anonymous_1)
FN:40,(anonymous_2)
FN:52,(anonymous_3)
FN:61,(anonymous_4)
FN:80,(anonymous_5)
FN:88,(anonymous_6)
FN:102,(anonymous_7)
FNF:8
FNH:8
FNDA:28,(anonymous_0)
FNDA:27,(anonymous_1)
FNDA:5,(anonymous_2)
FNDA:30,(anonymous_3)
FNDA:6,(anonymous_4)
FNDA:33,(anonymous_5)
FNDA:29,(anonymous_6)
FNDA:30,(anonymous_7)
DA:9,6
DA:17,28
DA:18,28
DA:19,25
DA:25,3
DA:37,27
DA:38,27
DA:39,27
DA:40,3
DA:41,5
DA:42,5
DA:45,27
DA:53,30
DA:62,6
DA:63,4
DA:66,2
DA:81,33
DA:82,33
DA:83,33
DA:84,33
DA:85,28
DA:86,28
DA:87,28
DA:88,28
DA:89,29
DA:91,28
DA:94,5
DA:103,30
DA:104,28
DA:106,2
DA:107,2
DA:109,1
LF:32
LH:32
BRDA:18,0,0,25
BRDA:39,1,0,3
BRDA:53,2,0,30
BRDA:53,2,1,30
BRDA:62,3,0,4
BRDA:62,3,1,2
BRDA:84,4,0,28
BRDA:86,5,0,28
BRDA:103,6,0,28
BRDA:107,7,0,1
BRF:10
BRH:10
end_of_record
TN:
SF:src/utils/subjectUtils.ts
FN:8,(anonymous_0)
FN:12,(anonymous_1)
FN:16,(anonymous_2)
FN:17,(anonymous_3)
FN:20,(anonymous_4)
FN:30,(anonymous_5)
FN:34,(anonymous_6)
FN:39,(anonymous_7)
FNF:8
FNH:8
FNDA:198,(anonymous_0)
FNDA:212,(anonymous_1)
FNDA:194,(anonymous_2)
FNDA:197,(anonymous_3)
FNDA:38,(anonymous_4)
FNDA:50,(anonymous_5)
FNDA:66,(anonymous_6)
FNDA:53,(anonymous_7)
DA:5,6
DA:9,198
DA:13,212
DA:17,197
DA:21,38
DA:27,6
DA:31,50
DA:35,66
DA:36,66
DA:40,53
DA:41,53
DA:43,53
LF:12
LH:12
BRDA:40,0,0,53
BRF:1
BRH:1
end_of_record
